{"numFailedTestSuites":0,"numFailedTests":0,"numPassedTestSuites":1,"numPassedTests":6,"numPendingTestSuites":0,"numPendingTests":0,"numRuntimeErrorTestSuites":0,"numTodoTests":0,"numTotalTestSuites":1,"numTotalTests":6,"openHandles":[],"snapshot":{"added":0,"didUpdate":false,"failure":false,"filesAdded":0,"filesRemoved":0,"filesRemovedList":[],"filesUnmatched":0,"filesUpdated":0,"matched":0,"total":0,"unchecked":0,"uncheckedKeysByFile":[],"unmatched":0,"updated":0},"startTime":1749015339917,"success":true,"testResults":[{"assertionResults":[{"ancestorTitles":["WalletProvider"],"duration":84,"failureDetails":[],"failureMessages":[],"fullName":"WalletProvider initial state is correct","invocations":1,"location":null,"numPassingAsserts":7,"retryReasons":[],"status":"passed","title":"initial state is correct"},{"ancestorTitles":["WalletProvider"],"duration":67,"failureDetails":[],"failureMessages":[],"fullName":"WalletProvider connectWallet calls appKit.open and subscribes via subscribeProvider","invocations":1,"location":null,"numPassingAsserts":6,"retryReasons":[],"status":"passed","title":"connectWallet calls appKit.open and subscribes via subscribeProvider"},{"ancestorTitles":["WalletProvider"],"duration":32,"failureDetails":[],"failureMessages":[],"fullName":"WalletProvider handles accountsChanged event via subscribeProvider","invocations":1,"location":null,"numPassingAsserts":2,"retryReasons":[],"status":"passed","title":"handles accountsChanged event via subscribeProvider"},{"ancestorTitles":["WalletProvider"],"duration":33,"failureDetails":[],"failureMessages":[],"fullName":"WalletProvider handles chainChanged event via subscribeProvider","invocations":1,"location":null,"numPassingAsserts":2,"retryReasons":[],"status":"passed","title":"handles chainChanged event via subscribeProvider"},{"ancestorTitles":["WalletProvider"],"duration":36,"failureDetails":[],"failureMessages":[],"fullName":"WalletProvider disconnectWallet calls appKit.disconnect and resets state","invocations":1,"location":null,"numPassingAsserts":4,"retryReasons":[],"status":"passed","title":"disconnectWallet calls appKit.disconnect and resets state"},{"ancestorTitles":["WalletProvider"],"duration":57,"failureDetails":[],"failureMessages":[],"fullName":"WalletProvider uses on/off for event handling if subscribeProvider is not available","invocations":1,"location":null,"numPassingAsserts":5,"retryReasons":[],"status":"passed","title":"uses on/off for event handling if subscribeProvider is not available"}],"endTime":1749015348744,"message":"","name":"/app/__tests__/context/WalletContext.test.tsx","startTime":1749015340920,"status":"passed","summary":""}],"wasInterrupted":false}
