[2025-07-29T22:30:34.693Z] [INFO] Checking for errors...
[2025-07-29T22:30:38.729Z] [ERROR] TypeScript errors found: Command failed: npx tsc --noEmit
[2025-07-29T22:30:38.730Z] [INFO] Attempting to fix errors...
[2025-07-29T22:30:38.851Z] [ERROR] Failed to fix errors: Command failed: node automation/error-fixer.js
[2025-07-29T22:30:40.771Z] [INFO] Performing git sync...
[2025-07-29T22:30:41.006Z] [INFO] Changes detected, committing and pushing...
[2025-07-29T22:30:41.042Z] [ERROR] Sync failed: Command failed: git add .
[2025-07-29T22:31:40.769Z] [INFO] Performing git sync...
[2025-07-29T22:31:41.014Z] [INFO] Changes detected, committing and pushing...
[2025-07-29T22:31:48.649Z] [ERROR] Sync failed: Command failed: git push origin main
[2025-07-29T22:32:34.687Z] [INFO] Checking for errors...
[2025-07-29T22:32:39.488Z] [ERROR] TypeScript errors found: Command failed: npx tsc --noEmit
[2025-07-29T22:32:39.488Z] [INFO] Attempting to fix errors...
[2025-07-29T22:32:39.600Z] [ERROR] Failed to fix errors: Command failed: node automation/error-fixer.js
[2025-07-29T22:32:40.766Z] [INFO] Performing git sync...
[2025-07-29T22:32:40.976Z] [INFO] Changes detected, committing and pushing...
[2025-07-29T22:32:41.029Z] [ERROR] Sync failed: Command failed: git add .
[2025-07-29T22:33:40.763Z] [INFO] Performing git sync...
[2025-07-29T22:33:40.907Z] [INFO] Changes detected, committing and pushing...
[2025-07-29T22:33:49.271Z] [ERROR] Sync failed: Command failed: git push origin main
[2025-07-29T22:34:19.831Z] [INFO] Checking build status...
[2025-07-29T22:34:27.124Z] [ERROR] Build check failed: Command failed: npm run build
Failed to compile.

./automation/backups/backup-2025-07-29T21-04-21-683Z/pages/index.tsx:6:8
Type error: Property 'children' is missing in type '{}' but required in type '{ children: ReactNode; }'.

[0m [90m 4 |[39m   [36mreturn[39m (
 [90m 5 |[39m     [33m<[39m[33m>[39m
[31m[1m>[22m[39m[90m 6 |[39m       [33m<[39m[33mHead[39m [33m/[39m[33m>[39m
 [90m   |[39m        [31m[1m^[22m[39m
 [90m 7 |[39m         [33m<[39m[33mtitle[39m [33m/[39m[33m>[39m[33mZion[39m [33mApp[39m[33m<[39m[33m/[39m[33mtitle[39m[33m>[39m
 [90m 8 |[39m         [33m<[39m[33mmeta[39m name[33m=[39m[32m"description"[39m content[33m=[39m[32m"Zion App Homepage"[39m [33m/[39m[33m>[39m
 [90m 9 |[39m       [33m<[39m[33m/[39m[33mHead[39m[33m>[39m[0m
Next.js build worker exited with code: 1 and signal: null

[2025-07-29T22:34:27.125Z] [INFO] Attempting to fix build errors...
[2025-07-29T22:34:27.335Z] [ERROR] Failed to fix build errors: Command failed: node automation/syntax-fixer.js
[2025-07-29T22:34:33.789Z] [INFO] Checking performance...
[2025-07-29T22:34:34.209Z] [ERROR] Performance check failed: Command failed: npm run analyze
npm error Missing script: "analyze"
npm error
npm error To see a list of scripts, run:
npm error   npm run
npm error A complete log of this run can be found in: /Users/miami2/.npm/_logs/2025-07-29T22_34_34_049Z-debug-0.log

[2025-07-29T22:34:34.688Z] [INFO] Checking for errors...
[2025-07-29T22:34:38.649Z] [ERROR] TypeScript errors found: Command failed: npx tsc --noEmit
[2025-07-29T22:34:38.649Z] [INFO] Attempting to fix errors...
[2025-07-29T22:34:38.752Z] [ERROR] Failed to fix errors: Command failed: node automation/error-fixer.js
[2025-07-29T22:34:40.760Z] [INFO] Performing git sync...
[2025-07-29T22:34:41.013Z] [INFO] Changes detected, committing and pushing...
[2025-07-29T22:34:43.929Z] [INFO] Successfully committed and pushed changes
[2025-07-29T22:35:40.757Z] [INFO] Performing git sync...
[2025-07-29T22:35:41.106Z] [INFO] Changes detected, committing and pushing...
[2025-07-29T22:35:43.902Z] [INFO] Successfully committed and pushed changes
[2025-07-29T22:36:34.684Z] [INFO] Checking for errors...
