[2025-07-30T22:23:02.124Z] [START] ğŸš€ Starting Comprehensive Cursor Problem Fixer...
[2025-07-30T22:23:02.145Z] [FIX] ğŸ”§ Fixing permission issues...
[2025-07-30T22:23:02.361Z] [SUCCESS] âœ… Permissions fixed
[2025-07-30T22:23:02.361Z] [FIX] ğŸ“¦ Fixing package.json...
[2025-07-30T22:23:02.362Z] [FIX] â• Added missing dependency: typescript
[2025-07-30T22:23:02.363Z] [SUCCESS] âœ… package.json updated
[2025-07-30T22:23:02.363Z] [FIX] ğŸ§¹ Cleaning dependencies...
[2025-07-30T22:23:03.963Z] [SUCCESS] âœ… Removed node_modules
[2025-07-30T22:23:06.678Z] [SUCCESS] âœ… npm cache cleared
[2025-07-30T22:23:06.679Z] [FIX] ğŸ“¦ Installing dependencies...
[2025-07-30T22:23:06.680Z] [INFO] ğŸ”„ Trying: npm install --legacy-peer-deps
[2025-07-30T22:24:32.291Z] [ERROR] âŒ Failed with: npm install --legacy-peer-deps
[2025-07-30T22:24:32.291Z] [INFO] ğŸ”„ Trying: npm install --force
[2025-07-30T22:25:32.283Z] [ERROR] âŒ Failed with: npm install --force
[2025-07-30T22:25:32.283Z] [INFO] ğŸ”„ Trying: npm install
[2025-07-30T22:26:25.022Z] [ERROR] âŒ Failed with: npm install
[2025-07-30T22:26:25.022Z] [ERROR] âŒ All installation strategies failed
[2025-07-30T22:26:25.027Z] [FIX] âš™ï¸  Fixing Next.js configuration...
[2025-07-30T22:26:25.028Z] [SUCCESS] âœ… Next.js configuration fixed
[2025-07-30T22:26:25.033Z] [FIX] ğŸ” Fixing ESLint configuration...
[2025-07-30T22:26:25.033Z] [SUCCESS] âœ… ESLint configuration fixed
[2025-07-30T22:26:25.034Z] [TEST] ğŸ§ª Testing build...
[2025-07-30T22:26:25.691Z] [ERROR] âŒ Build failed: Command failed: npm run build
[2025-07-30T22:26:25.692Z] [INFO] ğŸ“Š Generating comprehensive report...
[2025-07-30T22:26:25.692Z] [INFO] ğŸ“Š Comprehensive Report:
[2025-07-30T22:26:25.692Z] [INFO]    Duration: 203568ms
[2025-07-30T22:26:25.693Z] [INFO]    Issues Found: 2
[2025-07-30T22:26:25.693Z] [INFO]    Fixes Applied: 3
[2025-07-30T22:26:25.693Z] [INFO]    Success: âŒ
[2025-07-30T22:26:25.693Z] [WARNING]    Issues:
[2025-07-30T22:26:25.693Z] [WARNING]      - Dependency installation failed
[2025-07-30T22:26:25.694Z] [WARNING]      - Build failed: Command failed: npm run build
[2025-07-30T22:26:25.694Z] [SUCCESS]    Fixes:
[2025-07-30T22:26:25.694Z] [SUCCESS]      - package.json updated with required dependencies
[2025-07-30T22:26:25.694Z] [SUCCESS]      - Next.js configuration updated
[2025-07-30T22:26:25.695Z] [SUCCESS]      - ESLint configuration updated
[2025-07-30T22:26:25.695Z] [WARNING] âš ï¸  Some issues may require manual intervention
