{
  "lastCheck": "2025-08-01T02:14:08.489Z",
  "jobs": {
    "gitSync": {
      "lastRun": "2025-08-01T02:14:08.489Z",
      "duration": 0,
      "success": false,
      "error": "Command failed: git commit -m \"Auto-sync: Continuous improvement - $(date)\"\nðŸ” Running pre-commit checks...\nðŸ“ Running ESLint...\n\n> bolt.new.zion.app@0.1.0 lint\n> next lint\n\n\n./pages/talent/[id].tsx\n65:9  Warning: The 'fetchTalent' function makes the dependencies of useEffect Hook (at line 63) change on every render. Move it inside the useEffect callback. Alternatively, wrap the definition of 'fetchTalent' in its own useCallback() Hook.  react-hooks/exhaustive-deps\n83:9  Warning: The 'fetchReviews' function makes the dependencies of useEffect Hook (at line 63) change on every render. Move it inside the useEffect callback. Alternatively, wrap the definition of 'fetchReviews' in its own useCallback() Hook.  react-hooks/exhaustive-deps\n\n./pages/talent/index.tsx\n140:6  Warning: React Hook useEffect has a missing dependency: 'filterTalents'. Either include it or remove the dependency array.  react-hooks/exhaustive-deps\n\ninfo  - Need to disable some ESLint rules? Learn more here: https://nextjs.org/docs/basic-features/eslint#disabling-rules\nðŸ” Running TypeScript type check...\n\n> bolt.new.zion.app@0.1.0 type-check\n> tsc --noEmit\n\npages/talent/[id].tsx(63,11): error TS2448: Block-scoped variable 'fetchTalent' used before its declaration.\npages/talent/[id].tsx(63,11): error TS2454: Variable 'fetchTalent' is used before being assigned.\npages/talent/[id].tsx(63,24): error TS2448: Block-scoped variable 'fetchReviews' used before its declaration.\npages/talent/[id].tsx(63,24): error TS2454: Variable 'fetchReviews' is used before being assigned.\nâŒ TypeScript type check failed. Please fix the issues before committing.\nhusky - pre-commit script failed (code 1)\n"
    },
    "buildCheck": {
      "lastRun": "2025-07-31T22:40:06.122Z",
      "duration": 0,
      "success": false,
      "error": "Command failed: npm run build\n âš  Duplicate page detected. pages/services.tsx and pages/services/index.tsx both resolve to /services.\n\n> Build error occurred\nError: ENOENT: no such file or directory, open '/Users/miami2/Documents/GitHub/bolt.new.zion.app/.next/server/pages-manifest.json'\n    at async open (node:internal/fs/promises:633:25)\n    at async Object.readFile (node:internal/fs/promises:1237:14)\n    at async /Users/miami2/Documents/GitHub/bolt.new.zion.app/node_modules/next/dist/build/index.js:730:46\n    at async Span.traceAsyncFn (/Users/miami2/Documents/GitHub/bolt.new.zion.app/node_modules/next/dist/trace/trace.js:147:20)\n    at async build (/Users/miami2/Documents/GitHub/bolt.new.zion.app/node_modules/next/dist/build/index.js:187:29)\n    at async main (/Users/miami2/Documents/GitHub/bolt.new.zion.app/node_modules/next/dist/bin/next:157:5) {\n  errno: -2,\n  code: 'ENOENT',\n  syscall: 'open',\n  path: '/Users/miami2/Documents/GitHub/bolt.new.zion.app/.next/server/pages-manifest.json'\n}\n"
    },
    "errorRecovery": {
      "lastRun": "2025-07-31T16:21:21.668Z",
      "duration": 321141,
      "success": true,
      "error": null
    },
    "continuousImprovement": {
      "lastRun": "2025-07-30T18:06:56.780Z",
      "duration": 15026,
      "success": true,
      "error": null
    },
    "dependencyCheck": {
      "lastRun": "2025-07-30T18:06:41.752Z",
      "duration": 2613,
      "success": true,
      "error": null
    },
    "securityCheck": {
      "lastRun": "2025-07-30T18:06:57.935Z",
      "duration": 1153,
      "success": true,
      "error": null
    },
    "performanceCheck": {
      "lastRun": "2025-07-30T18:15:06.754Z",
      "duration": 8,
      "success": true,
      "error": null
    }
  },
  "errors": 697,
  "fixes": 575,
  "syncs": 312,
  "builds": 5,
  "commits": 368
}