{
  "timestamp": "2025-07-24T15:49:06.902Z",
  "cycle": 1,
  "automations": [
    {
      "name": "Zion App Maintainer",
      "success": true,
      "duration": 44724,
      "output": "\n> project@0.0.0 maintain\n> node scripts/zion-app-maintainer.cjs\n\n[2025-07-24T15:49:09.419Z] [INFO] ðŸš€ Starting Zion App Maintenance...\n[2025-07-24T15:49:09.426Z] [INFO] ðŸ” Checking current app status...\n[2025-07-24T15:49:09.476Z] [WARN] âš ï¸ Simple server is not running\n[2025-07-24T15:49:09.477Z] [INFO] âœ… Simple server file exists\n[2025-07-24T15:49:09.477Z] [INFO] âœ… Package.json is valid\n[2025-07-24T15:49:09.478Z] [INFO] ðŸ¥ Performing health check...\n[2025-07-24T15:49:09.721Z] [ERROR] âŒ Health check failed: Command failed: curl -s http://localhost:3006/api/health\n[2025-07-24T15:49:09.721Z] [INFO] ðŸ§¹ Cleaning up artifacts...\n[2025-07-24T15:49:09.750Z] [INFO] âœ… Cleaned 1 artifacts\n[2025-07-24T15:49:09.751Z] [INFO] ðŸ“¦ Checking dependencies...\n[2025-07-24T15:49:35.331Z] [ERROR] âŒ Error checking dependencies: Unexpected non-whitespace character after JSON at position 4468 (line 143 column 1)\n[2025-07-24T15:49:35.331Z] [INFO] âš¡ Optimizing performance...\n[2025-07-24T15:49:49.560Z] [INFO] ðŸ“ Total project size: 1141 MB\n[2025-07-24T15:49:49.561Z] [WARN] âš ï¸ Large project size detected\n[2025-07-24T15:49:49.561Z] [WARN] âš ï¸ Found 8 large files\n[2025-07-24T15:49:51.580Z] [WARN] âš ï¸ Large node_modules detected\n[2025-07-24T15:49:51.580Z] [INFO] ðŸ“‹ Generating maintenance report...\n[2025-07-24T15:49:51.581Z] [INFO] âœ… Maintenance report saved: maintenance-reports/maintenance-2025-07-24.json\n[2025-07-24T15:49:51.606Z] [INFO] âœ… Summary saved: maintenance-reports/latest-summary.md\n[2025-07-24T15:49:51.606Z] [INFO] ðŸ“Š Maintenance Summary:\n[2025-07-24T15:49:51.606Z] [INFO] âœ… Improvements: 4\n[2025-07-24T15:49:51.606Z] [INFO]   - Simple server file: Present\n[2025-07-24T15:49:51.606Z] [INFO]   - Package.json: Valid\n[2025-07-24T15:49:51.606Z] [INFO]   - Cleaned 1 artifacts\n[2025-07-24T15:49:51.606Z] [INFO]   - Maintenance report generated\n[2025-07-24T15:49:51.606Z] [INFO] âš ï¸ Issues: 6\n[2025-07-24T15:49:51.606Z] [INFO]   - Server not running\n[2025-07-24T15:49:51.606Z] [INFO]   - Health check failed: Command failed: curl -s http://localhost:3006/api/health\n[2025-07-24T15:49:51.606Z] [INFO]   - Dependency check failed: Unexpected non-whitespace character after JSON at position 4468 (line 143 column 1)\n[2025-07-24T15:49:51.606Z] [INFO]   - Large project size\n[2025-07-24T15:49:51.606Z] [INFO]   - 8 large files\n[2025-07-24T15:49:51.606Z] [INFO]   - Large node_modules\n[2025-07-24T15:49:51.606Z] [INFO] ðŸŽ‰ Zion App Maintenance completed!\n",
      "error": "",
      "command": "npm run maintain"
    },
    {
      "name": "Complete Zion Automation",
      "success": true,
      "duration": 44378,
      "output": "\n> project@0.0.0 automate\n> node scripts/complete-zion-automation.cjs\n\n[2025-07-24T15:49:53.189Z] [INFO] ðŸš€ Starting Zion App Automation\n[2025-07-24T15:49:53.194Z] [INFO] ðŸ”§ This will fix issues and continuously improve the app\n[2025-07-24T15:49:53.194Z] [INFO] ðŸ”§ Fixing path-to-regexp issue...\n[2025-07-24T15:49:53.196Z] [INFO] ðŸ”§ Fixing dynamic route: /Users/klebergarciaalcatrao/Documents/GitHub/Zion.App.Clone/pages/api/auth/[...nextauth].ts\n[2025-07-24T15:49:53.197Z] [INFO] ðŸ”§ Fixing dynamic route: /Users/klebergarciaalcatrao/Documents/GitHub/Zion.App.Clone/pages/api/blog/[slug].ts\n[2025-07-24T15:49:53.198Z] [INFO] ðŸ”§ Fixing dynamic route: /Users/klebergarciaalcatrao/Documents/GitHub/Zion.App.Clone/pages/api/image/[...params].ts\n[2025-07-24T15:49:53.198Z] [INFO] ðŸ”§ Fixing dynamic route: /Users/klebergarciaalcatrao/Documents/GitHub/Zion.App.Clone/pages/api/marketplace/product/[productId].ts\n[2025-07-24T15:49:53.198Z] [INFO] ðŸ”§ Fixing dynamic route: /Users/klebergarciaalcatrao/Documents/GitHub/Zion.App.Clone/pages/api/reviews/[productId].ts\n[2025-07-24T15:49:53.199Z] [INFO] ðŸ”§ Fixing dynamic route: /Users/klebergarciaalcatrao/Documents/GitHub/Zion.App.Clone/pages/api/talent/[id].ts\n[2025-07-24T15:49:53.199Z] [INFO] ðŸ”§ Fixing dynamic route: /Users/klebergarciaalcatrao/Documents/GitHub/Zion.App.Clone/pages/blog/[slug].tsx\n[2025-07-24T15:49:53.200Z] [INFO] ðŸ”§ Fixing dynamic route: /Users/klebergarciaalcatrao/Documents/GitHub/Zion.App.Clone/pages/careers/[id].tsx\n[2025-07-24T15:49:53.200Z] [INFO] ðŸ”§ Fixing dynamic route: /Users/klebergarciaalcatrao/Documents/GitHub/Zion.App.Clone/pages/case-studies/[slug].tsx\n[2025-07-24T15:49:53.200Z] [INFO] ðŸ”§ Fixing dynamic route: /Users/klebergarciaalcatrao/Documents/GitHub/Zion.App.Clone/pages/category/[slug].tsx\n[2025-07-24T15:49:53.201Z] [INFO] ðŸ”§ Fixing dynamic route: /Users/klebergarciaalcatrao/Documents/GitHub/Zion.App.Clone/pages/checkout/[id].tsx\n[2025-07-24T15:49:53.201Z] [INFO] ðŸ”§ Fixing dynamic route: /Users/klebergarciaalcatrao/Documents/GitHub/Zion.App.Clone/pages/community/[slug].tsx\n[2025-07-24T15:49:53.201Z] [INFO] ðŸ”§ Fixing dynamic route: /Users/klebergarciaalcatrao/Documents/GitHub/Zion.App.Clone/pages/community/category/[categoryId].tsx\n[2025-07-24T15:49:53.201Z] [INFO] ðŸ”§ Fixing dynamic route: /Users/klebergarciaalcatrao/Documents/GitHub/Zion.App.Clone/pages/company/[companySlug].tsx\n[2025-07-24T15:49:53.202Z] [INFO] ðŸ”§ Fixing dynamic route: /Users/klebergarciaalcatrao/Documents/GitHub/Zion.App.Clone/pages/docs/[...slug].tsx\n[2025-07-24T15:49:53.202Z] [INFO] ðŸ”§ Fixing dynamic route: /Users/klebergarciaalcatrao/Documents/GitHub/Zion.App.Clone/pages/equipment/[id].tsx\n[2025-07-24T15:49:53.202Z] [INFO] ðŸ”§ Fixing dynamic route: /Users/klebergarciaalcatrao/Documents/GitHub/Zion.App.Clone/pages/governance/[proposalId].tsx\n[2025-07-24T15:49:53.203Z] [INFO] ðŸ”§ Fixing dynamic route: /Users/klebergarciaalcatrao/Documents/GitHub/Zion.App.Clone/pages/it-onsite-services/[country].tsx\n[2025-07-24T15:49:53.297Z] [INFO] ðŸ”§ Fixing dynamic route: /Users/klebergarciaalcatrao/Documents/GitHub/Zion.App.Clone/pages/marketplace/listing/[slug].tsx\n[2025-07-24T15:49:53.299Z] [INFO] ðŸ”§ Fixing dynamic route: /Users/klebergarciaalcatrao/Documents/GitHub/Zion.App.Clone/pages/nations/[slug].tsx\n[2025-07-24T15:49:53.300Z] [INFO] ðŸ”§ Fixing dynamic route: /Users/klebergarciaalcatrao/Documents/GitHub/Zion.App.Clone/pages/order-confirmation/[orderId].tsx\n[2025-07-24T15:49:53.303Z] [INFO] ðŸ”§ Fixing dynamic route: /Users/klebergarciaalcatrao/Documents/GitHub/Zion.App.Clone/pages/orders/[orderId].tsx\n[2025-07-24T15:49:53.305Z] [INFO] ðŸ”§ Fixing dynamic route: /Users/klebergarciaalcatrao/Documents/GitHub/Zion.App.Clone/pages/product/[id].tsx\n[2025-07-24T15:49:53.305Z] [INFO] ðŸ”§ Fixing dynamic route: /Users/klebergarciaalcatrao/Documents/GitHub/Zion.App.Clone/pages/project-room/[projectId].tsx\n[2025-07-24T15:49:53.306Z] [INFO] ðŸ”§ Fixing dynamic route: /Users/klebergarciaalcatrao/Documents/GitHub/Zion.App.Clone/pages/roadmap/[id].tsx\n[2025-07-24T15:49:53.307Z] [INFO] ðŸ”§ Fixing dynamic route: /Users/klebergarciaalcatrao/Documents/GitHub/Zion.App.Clone/pages/search/[slug].tsx\n[2025-07-24T15:49:53.307Z] [INFO] ðŸ”§ Fixing dynamic route: /Users/klebergarciaalcatrao/Documents/GitHub/Zion.App.Clone/pages/services/[slug].tsx\n[2025-07-24T15:49:53.307Z] [INFO] ðŸ”§ Fixing dynamic route: /Users/klebergarciaalcatrao/Documents/GitHub/Zion.App.Clone/pages/talent/[id].tsx\n[2025-07-24T15:49:53.308Z] [INFO] ðŸ”§ Fixing dynamic route: /Users/klebergarciaalcatrao/Documents/GitHub/Zion.App.Clone/pages/tutorials/[slug].tsx\n[2025-07-24T15:49:53.308Z] [INFO] ðŸ”§ Fixing dynamic route: /Users/klebergarciaalcatrao/Documents/GitHub/Zion.App.Clone/pages/video-call/[roomId].tsx\n[2025-07-24T15:49:53.308Z] [INFO] ðŸ”§ Fixing route patterns...\n[2025-07-24T15:49:53.312Z] [INFO] âœ… Path-to-regexp issues fixed\n[2025-07-24T15:49:53.312Z] [INFO] ðŸ”§ Fixing TypeScript issues...\n[2025-07-24T15:50:20.111Z] [WARN] âš ï¸  TypeScript check completed with issues\n[2025-07-24T15:50:20.111Z] [INFO] ðŸ”§ Fixing linting issues...\n[2025-07-24T15:50:25.787Z] [WARN] âš ï¸  Linting completed with issues\n[2025-07-24T15:50:25.787Z] [INFO] âš¡ Optimizing performance...\n[2025-07-24T15:50:30.657Z] [WARN] âš ï¸  Performance optimization failed: Command failed: npm ls --depth=0\nnpm error code ELSPROBLEMS\nnpm error extraneous: @adobe/css-tools@ /Users/klebergarciaalcatrao/Documents/GitHub/Zion.App.Clone/node_modules/@adobe/css-tools\nnpm error extraneous: @emnapi/runtime@1.4.5 /Users/klebergarciaalcatrao/Documents/GitHub/Zion.App.Clone/node_modules/@emnapi/runtime\nnpm error missing: @opentelemetry/context-async-hooks@^2.0.1, required by project@0.0.0\nnpm error missing: @opentelemetry/core@^2.0.1, required by project@0.0.0\nnpm error missing: @opentelemetry/instrumentation@^0.203.0, required by project@0.0.0\nnpm error missing: @opentelemetry/sdk-trace-base@^2.0.1, required by project@0.0.0\nnpm error extraneous: @pkgjs/parseargs@ /Users/klebergarciaalcatrao/Documents/GitHub/Zion.App.Clone/node_modules/@pkgjs/parseargs\nnpm error extraneous: @pkgr/core@ /Users/klebergarciaalcatrao/Documents/GitHub/Zion.App.Clone/node_modules/@pkgr/core\nnpm error extraneous: @pm2/pm2-version-check@ /Users/klebergarciaalcatrao/Documents/GitHub/Zion.App.Clone/node_modules/@pm2/pm2-version-check\nnpm error extraneous: @polka/url@ /Users/klebergarciaalcatrao/Documents/GitHub/Zion.App.Clone/node_modules/@polka/url\nnpm error extraneous: @sinonjs/fake-timers@ /Users/klebergarciaalcatrao/Documents/GitHub/Zion.App.Clone/node_modules/@sinonjs/fake-timers\nnpm error missing: @slack/bolt@^4.4.0, required by project@0.0.0\nnpm error extraneous: @slack/logger@ /Users/klebergarciaalcatrao/Documents/GitHub/Zion.App.Clone/node_modules/@slack/logger\nnpm error extraneous: @socket.io/component-emitter@ /Users/klebergarciaalcatrao/Documents/GitHub/Zion.App.Clone/node_modules/@socket.io/component-emitter\nnpm error missing: @testing-library/jest-dom@^6.6.3, required by project@0.0.0\nnpm error missing: @testing-library/react@^16.3.0, required by project@0.0.0\nnpm error missing: @testing-library/user-event@^14.6.1, required by project@0.0.0\nnpm error extraneous: @types/aria-query@ /Users/klebergarciaalcatrao/Documents/GitHub/Zion.App.Clone/node_modules/@types/aria-query\nnpm error extraneous: @types/babel__core@ /Users/klebergarciaalcatrao/Documents/GitHub/Zion.App.Clone/node_modules/@types/babel__core\nnpm error extraneous: @types/babel__generator@ /Users/klebergarciaalcatrao/Documents/GitHub/Zion.App.Clone/node_modules/@types/babel__generator\nnpm error extraneous: @types/babel__template@ /Users/klebergarciaalcatrao/Documents/GitHub/Zion.App.Clone/node_modules/@types/babel__template\nnpm error extraneous: @types/babel__traverse@ /Users/klebergarciaalcatrao/Documents/GitHub/Zion.App.Clone/node_modules/@types/babel__traverse\nnpm error extraneous: @types/body-parser@ /Users/klebergarciaalcatrao/Documents/GitHub/Zion.App.Clone/node_modules/@types/body-parser\nnpm error extraneous: @types/chai@ /Users/klebergarciaalcatrao/Documents/GitHub/Zion.App.Clone/node_modules/@types/chai\nnpm error extraneous: @types/cors@ /Users/klebergarciaalcatrao/Documents/GitHub/Zion.App.Clone/node_modules/@types/cors\nnpm error extraneous: @types/deep-eql@ /Users/klebergarciaalcatrao/Documents/GitHub/Zion.App.Clone/node_modules/@types/deep-eql\nnpm error extraneous: @types/express-serve-static-core@ /Users/klebergarciaalcatrao/Documents/GitHub/Zion.App.Clone/node_modules/@types/express-serve-static-core\nnpm error extraneous: @types/express@ /Users/klebergarciaalcatrao/Documents/GitHub/Zion.App.Clone/node_modules/@types/express\nnpm error extraneous: @types/http-errors@ /Users/klebergarciaalcatrao/Documents/GitHub/Zion.App.Clone/node_modules/@types/http-errors\nnpm error extraneous: @types/istanbul-lib-coverage@ /Users/klebergarciaalcatrao/Documents/GitHub/Zion.App.Clone/node_modules/@types/istanbul-lib-coverage\nnpm error extraneous: @types/istanbul-lib-report@ /Users/klebergarciaalcatrao/Documents/GitHub/Zion.App.Clone/node_modules/@types/istanbul-lib-report\nnpm error extraneous: @types/istanbul-reports@ /Users/klebergarciaalcatrao/Documents/GitHub/Zion.App.Clone/node_modules/@types/istanbul-reports\nnpm error invalid: @types/jest@ /Users/klebergarciaalcatrao/Documents/GitHub/Zion.App.Clone/node_modules/@types/jest\nnpm error extraneous: @types/jsdom@ /Users/klebergarciaalcatrao/Documents/GitHub/Zion.App.Clone/node_modules/@types/jsdom\nnpm error extraneous: @types/jsonwebtoken@ /Users/klebergarciaalcatrao/Documents/GitHub/Zion.App.Clone/node_modules/@types/jsonwebtoken\nnpm error extraneous: @types/mime@ /Users/klebergarciaalcatrao/Documents/GitHub/Zion.App.Clone/node_modules/@types/mime\nnpm error extraneous: @types/ms@ /Users/klebergarciaalcatrao/Documents/GitHub/Zion.App.Clone/node_modules/@types/ms\nnpm error extraneous: @types/qs@ /Users/klebergarciaalcatrao/Documents/GitHub/Zion.App.Clone/node_modules/@types/qs\nnpm error extraneous: @types/range-parser@ /Users/klebergarciaalcatrao/Documents/GitHub/Zion.App.Clone/node_modules/@types/range-parser\nnpm error extraneous: @types/retry@ /Users/klebergarciaalcatrao/Documents/GitHub/Zion.App.Clone/node_modules/@types/retry\nnpm error extraneous: @types/send@ /Users/klebergarciaalcatrao/Documents/GitHub/Zion.App.Clone/node_modules/@types/send\nnpm error extraneous: @types/serve-static@ /Users/klebergarciaalcatrao/Documents/GitHub/Zion.App.Clone/node_modules/@types/serve-static\nnpm error extraneous: @types/shimmer@1.2.0 /Users/klebergarciaalcatrao/Documents/GitHub/Zion.App.Clone/node_modules/@types/shimmer\nnpm error invalid: @types/socket.io-client@ /Users/klebergarciaalcatrao/Documents/GitHub/Zion.App.Clone/node_modules/@types/socket.io-client\nnpm error invalid: @types/socket.io@ /Users/klebergarciaalcatrao/Documents/GitHub/Zion.App.Clone/node_modules/@types/socket.io\nnpm error extraneous: @types/stack-utils@ /Users/klebergarciaalcatrao/Documents/GitHub/Zion.App.Clone/node_modules/@types/stack-utils\nnpm error extraneous: @types/tough-cookie@ /Users/klebergarciaalcatrao/Documents/GitHub/Zion.App.Clone/node_modules/@types/tough-cookie\nnpm error extraneous: @types/triple-beam@ /Users/klebergarciaalcatrao/Documents/GitHub/Zion.App.Clone/node_modules/@types/triple-beam\nnpm error extraneous: @types/yargs-parser@ /Users/klebergarciaalcatrao/Documents/GitHub/Zion.App.Clone/node_modules/@types/yargs-parser\nnpm error extraneous: @types/yargs@ /Users/klebergarciaalcatrao/Documents/GitHub/Zion.App.Clone/node_modules/@types/yargs\nnpm error extraneous: @ungap/structured-clone@ /Users/klebergarciaalcatrao/Documents/GitHub/Zion.App.Clone/node_modules/@ungap/structured-clone\nnpm error extraneous: @unrs/resolver-binding-darwin-x64@ /Users/klebergarciaalcatrao/Documents/GitHub/Zion.App.Clone/node_modules/@unrs/resolver-binding-darwin-x64\nnpm error extraneous: @vitest/expect@ /Users/klebergarciaalcatrao/Documents/GitHub/Zion.App.Clone/node_modules/@vitest/expect\nnpm error extraneous: @vitest/pretty-format@ /Users/klebergarciaalcatrao/Documents/GitHub/Zion.App.Clone/node_modules/@vitest/pretty-format\nnpm error extraneous: @vitest/runner@ /Users/klebergarciaalcatrao/Documents/GitHub/Zion.App.Clone/node_modules/@vitest/runner\nnpm error extraneous: @vitest/snapshot@ /Users/klebergarciaalcatrao/Documents/GitHub/Zion.App.Clone/node_modules/@vitest/snapshot\nnpm error extraneous: @vitest/spy@ /Users/klebergarciaalcatrao/Documents/GitHub/Zion.App.Clone/node_modules/@vitest/spy\nnpm error missing: @vitest/ui@^3.2.4, required by project@0.0.0\nnpm error extraneous: @vitest/utils@ /Users/klebergarciaalcatrao/Documents/GitHub/Zion.App.Clone/node_modules/@vitest/utils\nnpm error extraneous: anymatch@3.1.3 /Users/klebergarciaalcatrao/Documents/GitHub/Zion.App.Clone/node_modules/anymatch\nnpm error extraneous: binary-extensions@2.3.0 /Users/klebergarciaalcatrao/Documents/GitHub/Zion.App.Clone/node_modules/binary-extensions\nnpm error missing: chokidar@^4.0.3, required by project@0.0.0\nnpm error extraneous: client-only@0.0.1 /Users/klebergarciaalcatrao/Documents/GitHub/Zion.App.Clone/node_modules/client-only\nnpm error missing: husky@^9.1.7, required by project@0.0.0\nnpm error extraneous: is-binary-path@2.1.0 /Users/klebergarciaalcatrao/Documents/GitHub/Zion.App.Clone/node_modules/is-binary-path\nnpm error extraneous: istanbul-lib-report@ /Users/klebergarciaalcatrao/Documents/GitHub/Zion.App.Clone/node_modules/istanbul-lib-report\nnpm error missing: jest-environment-jsdom@^30.0.4, required by project@0.0.0\nnpm error extraneous: jest-snapshot@ /Users/klebergarciaalcatrao/Documents/GitHub/Zion.App.Clone/node_modules/jest-snapshot\nnpm error missing: jest@^30.0.4, required by project@0.0.0\nnpm error missing: jsdom@^26.1.0, required by project@0.0.0\nnpm error missing: lint-staged@^16.1.2, required by project@0.0.0\nnpm error missing: node-cron@^4.2.1, required by project@0.0.0\nnpm error extraneous: normalize-path@3.0.0 /Users/klebergarciaalcatrao/Documents/GitHub/Zion.App.Clone/node_modules/normalize-path\nnpm error missing: pm2@^6.0.8, required by project@0.0.0\nnpm error missing: prettier@^3.6.2, required by project@0.0.0\nnpm error extraneous: require-in-the-middle@7.5.2 /Users/klebergarciaalcatrao/Documents/GitHub/Zion.App.Clone/node_modules/require-in-the-middle\nnpm error extraneous: shimmer@1.2.1 /Users/klebergarciaalcatrao/Documents/GitHub/Zion.App.Clone/node_modules/shimmer\nnpm error missing: socket.io-client@^4.8.1, required by project@0.0.0\nnpm error missing: socket.io@^4.8.1, required by project@0.0.0\nnpm error missing: styled-jsx@^5.1.7, required by project@0.0.0\nnpm error missing: vitest@^3.2.4, required by project@0.0.0\nnpm error missing: winston@^3.17.0, required by project@0.0.0\nnpm error A complete log of this run can be found in: /Users/klebergarciaalcatrao/.npm/_logs/2025-07-24T15_50_26_260Z-debug-0.log\n\n[2025-07-24T15:50:30.657Z] [INFO] ðŸ”’ Checking security...\n[2025-07-24T15:50:35.981Z] [INFO] ðŸ”’ Security check passed\n[2025-07-24T15:50:35.981Z] [INFO] ðŸ“Š Generating automation report...\n[2025-07-24T15:50:35.982Z] [INFO] âœ… Report generated: automation/report.json\n[2025-07-24T15:50:35.982Z] [INFO] âœ… Automation complete!\n[2025-07-24T15:50:35.982Z] [INFO] ðŸ“Š Summary: 1 fixes, 0 issues, 0 improvements\n",
      "error": "",
      "command": "npm run automate"
    },
    {
      "name": "TypeScript Check",
      "success": false,
      "duration": 1055,
      "output": "",
      "error": "Command failed: npm run typecheck\nnpm error Missing script: \"typecheck\"\nnpm error\nnpm error To see a list of scripts, run:\nnpm error   npm run\nnpm error A complete log of this run can be found in: /Users/klebergarciaalcatrao/.npm/_logs/2025-07-24T15_50_36_549Z-debug-0.log\n",
      "command": "npm run typecheck"
    },
    {
      "name": "Linting Fix",
      "success": false,
      "duration": 758,
      "output": "",
      "error": "Command failed: npm run lint:fix\nnpm error Missing script: \"lint:fix\"\nnpm error\nnpm error To see a list of scripts, run:\nnpm error   npm run\nnpm error A complete log of this run can be found in: /Users/klebergarciaalcatrao/.npm/_logs/2025-07-24T15_50_37_397Z-debug-0.log\n",
      "command": "npm run lint:fix"
    },
    {
      "name": "Code Formatting",
      "success": false,
      "duration": 827,
      "output": "",
      "error": "Command failed: npm run format\nnpm error Missing script: \"format\"\nnpm error\nnpm error To see a list of scripts, run:\nnpm error   npm run\nnpm error A complete log of this run can be found in: /Users/klebergarciaalcatrao/.npm/_logs/2025-07-24T15_50_38_271Z-debug-0.log\n",
      "command": "npm run format"
    },
    {
      "name": "Security Audit",
      "success": true,
      "duration": 6176,
      "output": "# npm audit report\n\npm2  *\npm2 Regular Expression Denial of Service vulnerability - https://github.com/advisories/GHSA-x5gf-qvw8-r2rm\nNo fix available\nnode_modules/pm2\n\n1 low severity vulnerability\n\nSome issues need review, and may require choosing\na different dependency.\n",
      "error": "",
      "command": "npm audit --audit-level moderate"
    },
    {
      "name": "Dependency Check",
      "success": false,
      "duration": 10150,
      "output": "",
      "error": "Command failed: npm ls --depth=0\nnpm error code ELSPROBLEMS\nnpm error extraneous: @asamuzakjp/css-color@3.2.0 /Users/klebergarciaalcatrao/Documents/GitHub/Zion.App.Clone/node_modules/@asamuzakjp/css-color\nnpm error extraneous: @csstools/color-helpers@5.0.2 /Users/klebergarciaalcatrao/Documents/GitHub/Zion.App.Clone/node_modules/@csstools/color-helpers\nnpm error extraneous: @csstools/css-calc@2.1.4 /Users/klebergarciaalcatrao/Documents/GitHub/Zion.App.Clone/node_modules/@csstools/css-calc\nnpm error extraneous: @csstools/css-color-parser@3.0.10 /Users/klebergarciaalcatrao/Documents/GitHub/Zion.App.Clone/node_modules/@csstools/css-color-parser\nnpm error extraneous: @csstools/css-parser-algorithms@3.0.5 /Users/klebergarciaalcatrao/Documents/GitHub/Zion.App.Clone/node_modules/@csstools/css-parser-algorithms\nnpm error extraneous: @csstools/css-tokenizer@3.0.4 /Users/klebergarciaalcatrao/Documents/GitHub/Zion.App.Clone/node_modules/@csstools/css-tokenizer\nnpm error extraneous: @emnapi/core@1.4.5 /Users/klebergarciaalcatrao/Documents/GitHub/Zion.App.Clone/node_modules/@emnapi/core\nnpm error extraneous: @emnapi/runtime@1.4.5 /Users/klebergarciaalcatrao/Documents/GitHub/Zion.App.Clone/node_modules/@emnapi/runtime\nnpm error extraneous: @emnapi/wasi-threads@1.0.4 /Users/klebergarciaalcatrao/Documents/GitHub/Zion.App.Clone/node_modules/@emnapi/wasi-threads\nnpm error extraneous: @napi-rs/wasm-runtime@ /Users/klebergarciaalcatrao/Documents/GitHub/Zion.App.Clone/node_modules/@napi-rs/wasm-runtime\nnpm error invalid: @opentelemetry/core@ /Users/klebergarciaalcatrao/Documents/GitHub/Zion.App.Clone/node_modules/@opentelemetry/core\nnpm error extraneous: @tybys/wasm-util@0.10.0 /Users/klebergarciaalcatrao/Documents/GitHub/Zion.App.Clone/node_modules/@tybys/wasm-util\nnpm error extraneous: cssstyle@4.6.0 /Users/klebergarciaalcatrao/Documents/GitHub/Zion.App.Clone/node_modules/cssstyle\nnpm error extraneous: data-urls@5.0.0 /Users/klebergarciaalcatrao/Documents/GitHub/Zion.App.Clone/node_modules/data-urls\nnpm error extraneous: decimal.js@10.6.0 /Users/klebergarciaalcatrao/Documents/GitHub/Zion.App.Clone/node_modules/decimal.js\nnpm error extraneous: html-encoding-sniffer@4.0.0 /Users/klebergarciaalcatrao/Documents/GitHub/Zion.App.Clone/node_modules/html-encoding-sniffer\nnpm error extraneous: is-potential-custom-element-name@1.0.1 /Users/klebergarciaalcatrao/Documents/GitHub/Zion.App.Clone/node_modules/is-potential-custom-element-name\nnpm error invalid: jsdom@ /Users/klebergarciaalcatrao/Documents/GitHub/Zion.App.Clone/node_modules/jsdom\nnpm error extraneous: nwsapi@2.2.20 /Users/klebergarciaalcatrao/Documents/GitHub/Zion.App.Clone/node_modules/nwsapi\nnpm error extraneous: rrweb-cssom@0.8.0 /Users/klebergarciaalcatrao/Documents/GitHub/Zion.App.Clone/node_modules/rrweb-cssom\nnpm error extraneous: saxes@6.0.0 /Users/klebergarciaalcatrao/Documents/GitHub/Zion.App.Clone/node_modules/saxes\nnpm error extraneous: symbol-tree@3.2.4 /Users/klebergarciaalcatrao/Documents/GitHub/Zion.App.Clone/node_modules/symbol-tree\nnpm error extraneous: tldts-core@6.1.86 /Users/klebergarciaalcatrao/Documents/GitHub/Zion.App.Clone/node_modules/tldts-core\nnpm error extraneous: tldts@6.1.86 /Users/klebergarciaalcatrao/Documents/GitHub/Zion.App.Clone/node_modules/tldts\nnpm error extraneous: tough-cookie@5.1.2 /Users/klebergarciaalcatrao/Documents/GitHub/Zion.App.Clone/node_modules/tough-cookie\nnpm error extraneous: w3c-xmlserializer@5.0.0 /Users/klebergarciaalcatrao/Documents/GitHub/Zion.App.Clone/node_modules/w3c-xmlserializer\nnpm error extraneous: whatwg-encoding@3.1.1 /Users/klebergarciaalcatrao/Documents/GitHub/Zion.App.Clone/node_modules/whatwg-encoding\nnpm error extraneous: whatwg-mimetype@4.0.0 /Users/klebergarciaalcatrao/Documents/GitHub/Zion.App.Clone/node_modules/whatwg-mimetype\nnpm error extraneous: xml-name-validator@5.0.0 /Users/klebergarciaalcatrao/Documents/GitHub/Zion.App.Clone/node_modules/xml-name-validator\nnpm error extraneous: xmlchars@2.2.0 /Users/klebergarciaalcatrao/Documents/GitHub/Zion.App.Clone/node_modules/xmlchars\nnpm error A complete log of this run can be found in: /Users/klebergarciaalcatrao/.npm/_logs/2025-07-24T15_50_45_420Z-debug-0.log\n",
      "command": "npm ls --depth=0"
    },
    {
      "name": "Build Test",
      "success": false,
      "duration": 23520,
      "output": "",
      "error": "Command failed: npm run build\nFailed to compile.\n\n./src/utils/server-polyfill.ts\nError:   \u001b[31mx\u001b[0m 'const' declarations must be initialized\n   ,-[\u001b[36;1;4m/Users/klebergarciaalcatrao/Documents/GitHub/Zion.App.Clone/src/utils/server-polyfill.ts\u001b[0m:2:1]\n \u001b[2m1\u001b[0m | // Utility functions for server-polyfill;\n \u001b[2m2\u001b[0m | export const server-polyfill = {;\n   : \u001b[35;1m             ^^^^^^\u001b[0m\n \u001b[2m3\u001b[0m |   // TODO: Implement utility functions;\n \u001b[2m4\u001b[0m | };\n   `----\n  \u001b[31mx\u001b[0m Expected a semicolon\n   ,-[\u001b[36;1;4m/Users/klebergarciaalcatrao/Documents/GitHub/Zion.App.Clone/src/utils/server-polyfill.ts\u001b[0m:2:1]\n \u001b[2m1\u001b[0m | // Utility functions for server-polyfill;\n \u001b[2m2\u001b[0m | export const server-polyfill = {;\n   : \u001b[35;1m                   ^\u001b[0m\n \u001b[2m3\u001b[0m |   // TODO: Implement utility functions;\n \u001b[2m4\u001b[0m | };\n   `----\n  \u001b[31mx\u001b[0m Expression expected\n   ,-[\u001b[36;1;4m/Users/klebergarciaalcatrao/Documents/GitHub/Zion.App.Clone/src/utils/server-polyfill.ts\u001b[0m:4:1]\n \u001b[2m1\u001b[0m | // Utility functions for server-polyfill;\n \u001b[2m2\u001b[0m | export const server-polyfill = {;\n \u001b[2m3\u001b[0m |   // TODO: Implement utility functions;\n \u001b[2m4\u001b[0m | };\n   : \u001b[35;1m^\u001b[0m\n   `----\n\nCaused by:\n    Syntax Error\n\nImport trace for requested module:\n./src/utils/server-polyfill.ts\n\n./pages/api/auth/forgot.ts\nError:   \u001b[31mx\u001b[0m Expected ',', got 'Forgot'\n    ,-[\u001b[36;1;4m/Users/klebergarciaalcatrao/Documents/GitHub/Zion.App.Clone/pages/api/auth/forgot.ts\u001b[0m:9:1]\n \u001b[2m 6\u001b[0m |     return;\n \u001b[2m 7\u001b[0m |   };\n \u001b[2m 8\u001b[0m |   // TODO: Implement forgot password logic here;\n \u001b[2m 9\u001b[0m |   res.status(200).json({ message:' 'Forgot endpoint placeholder' });\n    : \u001b[35;1m                                    ^^^^^^\u001b[0m\n \u001b[2m10\u001b[0m | };\n    `----\n\nCaused by:\n    Syntax Error\n\nImport trace for requested module:\n./pages/api/auth/forgot.ts\n\n./pages/api/auth/health.ts\nError:   \u001b[31mx\u001b[0m Expected ',', got 'Health'\n    ,-[\u001b[36;1;4m/Users/klebergarciaalcatrao/Documents/GitHub/Zion.App.Clone/pages/api/auth/health.ts\u001b[0m:9:1]\n \u001b[2m 6\u001b[0m |     return;\n \u001b[2m 7\u001b[0m |   };\n \u001b[2m 8\u001b[0m |   // TODO: Implement health check logic here;\n \u001b[2m 9\u001b[0m |   res.status(200).json({ message:' 'Health endpoint placeholder' });\n    : \u001b[35;1m                                    ^^^^^^\u001b[0m\n \u001b[2m10\u001b[0m | };\n    `----\n\nCaused by:\n    Syntax Error\n\nImport trace for requested module:\n./pages/api/auth/health.ts\n\n./pages/api/auth/login.ts\nError:   \u001b[31mx\u001b[0m Unexpected token `;`. Expected identifier, string literal, numeric literal or [ for the computed key\n    ,-[\u001b[36;1;4m/Users/klebergarciaalcatrao/Documents/GitHub/Zion.App.Clone/pages/api/auth/login.ts\u001b[0m:9:1]\n \u001b[2m 6\u001b[0m |   };\n \u001b[2m 7\u001b[0m | \n \u001b[2m 8\u001b[0m |   // Mock API response;\n \u001b[2m 9\u001b[0m |   res.status(200).json({;\n    : \u001b[35;1m                        ^\u001b[0m\n \u001b[2m10\u001b[0m |     message: 'API endpoint working',;\n \u001b[2m11\u001b[0m |     endpoint: 'auth/login',;\n \u001b[2m12\u001b[0m |     method: req.method,;\n    `----\n\nCaused by:\n    Syntax Error\n\nImport trace for requested module:\n./pages/api/auth/login.ts\n\n./pages/api/auth/register.ts\nError:   \u001b[31mx\u001b[0m Unexpected token `;`. Expected identifier, string literal, numeric literal or [ for the computed key\n    ,-[\u001b[36;1;4m/Users/klebergarciaalcatrao/Documents/GitHub/Zion.App.Clone/pages/api/auth/register.ts\u001b[0m:9:1]\n \u001b[2m 6\u001b[0m |   };\n \u001b[2m 7\u001b[0m | \n \u001b[2m 8\u001b[0m |   // Mock API response;\n \u001b[2m 9\u001b[0m |   res.status(200).json({;\n    : \u001b[35;1m                        ^\u001b[0m\n \u001b[2m10\u001b[0m |     message: 'API endpoint working',;\n \u001b[2m11\u001b[0m |     endpoint: 'auth/register',;\n \u001b[2m12\u001b[0m |     method: req.method,;\n    `----\n\nCaused by:\n    Syntax Error\n\nImport trace for requested module:\n./pages/api/auth/register.ts\n\n\n> Build failed because of webpack errors\n",
      "command": "npm run build"
    }
  ],
  "summary": {
    "total": 8,
    "successful": 3,
    "failed": 5,
    "duration": 131606
  }
}