{
  "timestamp": "2025-07-25T03:13:15.785Z",
  "cycle": 20,
  "automations": [
    {
      "name": "Zion App Maintainer",
      "success": true,
      "duration": 260159,
      "output": "\n> project@0.0.0 maintain\n> node scripts/zion-app-maintainer.cjs\n\n[2025-07-25T03:13:21.343Z] [INFO] ðŸš€ Starting Zion App Maintenance...\n[2025-07-25T03:13:21.721Z] [INFO] ðŸ” Checking current app status...\n[2025-07-25T03:13:21.899Z] [WARN] âš ï¸ Simple server is not running\n[2025-07-25T03:13:21.899Z] [INFO] âœ… Simple server file exists\n[2025-07-25T03:13:21.899Z] [INFO] âœ… Package.json is valid\n[2025-07-25T03:13:21.899Z] [INFO] ðŸ¥ Performing health check...\n[2025-07-25T03:13:22.163Z] [ERROR] âŒ Health check failed: Command failed: curl -s http://localhost:3006/api/health\n[2025-07-25T03:13:22.163Z] [INFO] ðŸ§¹ Cleaning up artifacts...\n[2025-07-25T03:13:22.164Z] [INFO] âœ… No artifacts to clean\n[2025-07-25T03:13:22.164Z] [INFO] ðŸ“¦ Checking dependencies...\n[2025-07-25T03:16:00.898Z] [ERROR] âŒ Error checking dependencies: Unexpected non-whitespace character after JSON at position 928 (line 31 column 1)\n[2025-07-25T03:16:00.904Z] [INFO] âš¡ Optimizing performance...\n[2025-07-25T03:17:19.723Z] [INFO] ðŸ“ Total project size: 1392 MB\n[2025-07-25T03:17:19.726Z] [WARN] âš ï¸ Large project size detected\n[2025-07-25T03:17:19.727Z] [WARN] âš ï¸ Found 11 large files\n[2025-07-25T03:17:34.534Z] [WARN] âš ï¸ Large node_modules detected\n[2025-07-25T03:17:34.541Z] [INFO] ðŸ“‹ Generating maintenance report...\n[2025-07-25T03:17:34.548Z] [INFO] âœ… Maintenance report saved: maintenance-reports/maintenance-2025-07-25.json\n[2025-07-25T03:17:35.100Z] [INFO] âœ… Summary saved: maintenance-reports/latest-summary.md\n[2025-07-25T03:17:35.101Z] [INFO] ðŸ“Š Maintenance Summary:\n[2025-07-25T03:17:35.101Z] [INFO] âœ… Improvements: 4\n[2025-07-25T03:17:35.101Z] [INFO]   - Simple server file: Present\n[2025-07-25T03:17:35.102Z] [INFO]   - Package.json: Valid\n[2025-07-25T03:17:35.103Z] [INFO]   - No artifacts to clean\n[2025-07-25T03:17:35.103Z] [INFO]   - Maintenance report generated\n[2025-07-25T03:17:35.103Z] [INFO] âš ï¸ Issues: 6\n[2025-07-25T03:17:35.103Z] [INFO]   - Server not running\n[2025-07-25T03:17:35.103Z] [INFO]   - Health check failed: Command failed: curl -s http://localhost:3006/api/health\n[2025-07-25T03:17:35.103Z] [INFO]   - Dependency check failed: Unexpected non-whitespace character after JSON at position 928 (line 31 column 1)\n[2025-07-25T03:17:35.103Z] [INFO]   - Large project size\n[2025-07-25T03:17:35.103Z] [INFO]   - 11 large files\n[2025-07-25T03:17:35.103Z] [INFO]   - Large node_modules\n[2025-07-25T03:17:35.103Z] [INFO] ðŸŽ‰ Zion App Maintenance completed!\n",
      "error": "",
      "command": "npm run maintain"
    },
    {
      "name": "Complete Zion Automation",
      "success": false,
      "duration": 300022,
      "output": "",
      "error": "Command failed: npm run automate\n",
      "command": "npm run automate"
    },
    {
      "name": "TypeScript Check",
      "success": false,
      "duration": 3654,
      "output": "",
      "error": "Command failed: npm run typecheck\nnpm error Missing script: \"typecheck\"\nnpm error\nnpm error To see a list of scripts, run:\nnpm error   npm run\nnpm error A complete log of this run can be found in: /Users/klebergarciaalcatrao/.npm/_logs/2025-07-25T03_22_38_442Z-debug-0.log\n",
      "command": "npm run typecheck"
    },
    {
      "name": "Linting Fix",
      "success": false,
      "duration": 3486,
      "output": "",
      "error": "Command failed: npm run lint:fix\nnpm error Missing script: \"lint:fix\"\nnpm error\nnpm error To see a list of scripts, run:\nnpm error   npm run\nnpm error A complete log of this run can be found in: /Users/klebergarciaalcatrao/.npm/_logs/2025-07-25T03_22_41_862Z-debug-0.log\n",
      "command": "npm run lint:fix"
    },
    {
      "name": "Code Formatting",
      "success": false,
      "duration": 3579,
      "output": "",
      "error": "Command failed: npm run format\nnpm error Missing script: \"format\"\nnpm error\nnpm error To see a list of scripts, run:\nnpm error   npm run\nnpm error A complete log of this run can be found in: /Users/klebergarciaalcatrao/.npm/_logs/2025-07-25T03_22_45_496Z-debug-0.log\n",
      "command": "npm run format"
    },
    {
      "name": "Security Audit",
      "success": true,
      "duration": 16078,
      "output": "# npm audit report\n\npm2  *\npm2 Regular Expression Denial of Service vulnerability - https://github.com/advisories/GHSA-x5gf-qvw8-r2rm\nNo fix available\nnode_modules/pm2\n\n1 low severity vulnerability\n\nSome issues need review, and may require choosing\na different dependency.\n",
      "error": "",
      "command": "npm audit --audit-level moderate"
    },
    {
      "name": "Dependency Check",
      "success": true,
      "duration": 10063,
      "output": "project@0.0.0 /Users/klebergarciaalcatrao/Documents/GitHub/Zion.App.Clone\nâ”œâ”€â”€ @chakra-ui/react@3.22.0\nâ”œâ”€â”€ @emotion/react@11.14.0\nâ”œâ”€â”€ @emotion/styled@11.14.1\nâ”œâ”€â”€ @opentelemetry/context-async-hooks@2.0.1\nâ”œâ”€â”€ @opentelemetry/core@2.0.1\nâ”œâ”€â”€ @opentelemetry/instrumentation@0.203.0\nâ”œâ”€â”€ @opentelemetry/sdk-trace-base@2.0.1\nâ”œâ”€â”€ @sentry/nextjs@9.41.0\nâ”œâ”€â”€ @slack/bolt@4.4.0\nâ”œâ”€â”€ @supabase/ssr@0.6.1\nâ”œâ”€â”€ @supabase/supabase-js@2.52.1\nâ”œâ”€â”€ @swc/helpers@0.5.17\nâ”œâ”€â”€ @testing-library/jest-dom@6.6.3\nâ”œâ”€â”€ @testing-library/react@16.3.0\nâ”œâ”€â”€ @testing-library/user-event@14.6.1\nâ”œâ”€â”€ @types/jest@30.0.0\nâ”œâ”€â”€ @types/node@20.19.8\nâ”œâ”€â”€ @types/react-dom@19.1.6\nâ”œâ”€â”€ @types/react@19.1.8\nâ”œâ”€â”€ @types/socket.io-client@1.4.36\nâ”œâ”€â”€ @types/socket.io@3.0.1\nâ”œâ”€â”€ @typescript-eslint/eslint-plugin@8.38.0\nâ”œâ”€â”€ @typescript-eslint/parser@8.38.0\nâ”œâ”€â”€ @vitest/ui@3.2.4\nâ”œâ”€â”€ chokidar@4.0.3\nâ”œâ”€â”€ cors@2.8.5\nâ”œâ”€â”€ eslint-config-next@15.4.3\nâ”œâ”€â”€ eslint-plugin-jsx-a11y@6.10.2\nâ”œâ”€â”€ eslint-plugin-react-hooks@5.2.0\nâ”œâ”€â”€ eslint-plugin-react@7.37.5\nâ”œâ”€â”€ eslint@9.31.0\nâ”œâ”€â”€ ethers@6.15.0\nâ”œâ”€â”€ express@5.1.0\nâ”œâ”€â”€ framer-motion@12.23.9\nâ”œâ”€â”€ husky@9.1.7\nâ”œâ”€â”€ i18next@25.3.2\nâ”œâ”€â”€ jest-environment-jsdom@30.0.5\nâ”œâ”€â”€ jest@30.0.5\nâ”œâ”€â”€ jsdom@26.1.0\nâ”œâ”€â”€ lint-staged@16.1.2\nâ”œâ”€â”€ lucide-react@0.525.0\nâ”œâ”€â”€ next-auth@4.24.11\nâ”œâ”€â”€ next@15.4.3\nâ”œâ”€â”€ node-cron@4.2.1\nâ”œâ”€â”€ node-fetch@3.3.2\nâ”œâ”€â”€ pm2@6.0.8\nâ”œâ”€â”€ prettier@3.6.2\nâ”œâ”€â”€ react-dom@19.1.0\nâ”œâ”€â”€ react-i18next@15.6.1\nâ”œâ”€â”€ react@19.1.0\nâ”œâ”€â”€ socket.io-client@4.8.1\nâ”œâ”€â”€ socket.io@4.8.1\nâ”œâ”€â”€ styled-jsx@5.1.7\nâ”œâ”€â”€ typescript@5.8.3\nâ”œâ”€â”€ vitest@3.2.4\nâ”œâ”€â”€ winston@3.17.0\nâ”œâ”€â”€ ws@8.18.3\nâ””â”€â”€ zod@4.0.8\n\n",
      "error": "",
      "command": "npm ls --depth=0"
    },
    {
      "name": "Build Test",
      "success": false,
      "duration": 90538,
      "output": "",
      "error": "Command failed: npm run build\n âš  Linting is disabled.\nFailed to compile.\n\n./src/utils/server-polyfill.ts\nError:   \u001b[31mx\u001b[0m 'const' declarations must be initialized\n   ,-[\u001b[36;1;4m/Users/klebergarciaalcatrao/Documents/GitHub/Zion.App.Clone/src/utils/server-polyfill.ts\u001b[0m:2:1]\n \u001b[2m1\u001b[0m | // Utility functions for server-polyfill;\n \u001b[2m2\u001b[0m | export const server-polyfill = {;\n   : \u001b[35;1m             ^^^^^^\u001b[0m\n \u001b[2m3\u001b[0m |   // TODO: Implement utility functions;\n \u001b[2m4\u001b[0m | };\n   `----\n  \u001b[31mx\u001b[0m Expected a semicolon\n   ,-[\u001b[36;1;4m/Users/klebergarciaalcatrao/Documents/GitHub/Zion.App.Clone/src/utils/server-polyfill.ts\u001b[0m:2:1]\n \u001b[2m1\u001b[0m | // Utility functions for server-polyfill;\n \u001b[2m2\u001b[0m | export const server-polyfill = {;\n   : \u001b[35;1m                   ^\u001b[0m\n \u001b[2m3\u001b[0m |   // TODO: Implement utility functions;\n \u001b[2m4\u001b[0m | };\n   `----\n  \u001b[31mx\u001b[0m Expression expected\n   ,-[\u001b[36;1;4m/Users/klebergarciaalcatrao/Documents/GitHub/Zion.App.Clone/src/utils/server-polyfill.ts\u001b[0m:4:1]\n \u001b[2m1\u001b[0m | // Utility functions for server-polyfill;\n \u001b[2m2\u001b[0m | export const server-polyfill = {;\n \u001b[2m3\u001b[0m |   // TODO: Implement utility functions;\n \u001b[2m4\u001b[0m | };\n   : \u001b[35;1m^\u001b[0m\n   `----\n\nCaused by:\n    Syntax Error\n\nImport trace for requested module:\n./src/utils/server-polyfill.ts\n\n./pages/api/auth/[...nextauth].ts\nError:   \u001b[31mx\u001b[0m Expected '{', got 'export'\n   ,-[\u001b[36;1;4m/Users/klebergarciaalcatrao/Documents/GitHub/Zion.App.Clone/pages/api/auth/[...nextauth].ts\u001b[0m:1:1]\n \u001b[2m1\u001b[0m | import type { NextApiRequest, NextApiResponse } from 'next'; ; export export export default function handler(req: NextApiRequest, res: NextApiResponse)       {; if (req.method !== 'GET' && req.method !== 'POST') {; res.status(405).end(); return; }; // TODO: Implement authentication logic here; res.status(200).json({ message: 'Auth endpoint placeholder' }); } \n   : \u001b[35;1m                                                                      ^^^^^^\u001b[0m\n   `----\n\nCaused by:\n    Syntax Error\n\nImport trace for requested module:\n./pages/api/auth/[...nextauth].ts\n\n./pages/api/auth/confirm.ts\nError:   \u001b[31mx\u001b[0m Expected '{', got 'export'\n   ,-[\u001b[36;1;4m/Users/klebergarciaalcatrao/Documents/GitHub/Zion.App.Clone/pages/api/auth/confirm.ts\u001b[0m:1:1]\n \u001b[2m1\u001b[0m | import type { NextApiRequest, NextApiResponse } from 'next'; ; export export export default function handler(req: NextApiRequest, res: NextApiResponse)       {; if (req.method !== 'GET' && req.method !== 'POST') {; res.status(405).end(); return; }; // TODO: Implement confirmation logic here; res.status(200).json({ message: 'Confirm endpoint placeholder' }); } \n   : \u001b[35;1m                                                                      ^^^^^^\u001b[0m\n   `----\n\nCaused by:\n    Syntax Error\n\nImport trace for requested module:\n./pages/api/auth/confirm.ts\n\n./pages/api/auth/forgot.ts\nError:   \u001b[31mx\u001b[0m Expected '{', got 'export'\n   ,-[\u001b[36;1;4m/Users/klebergarciaalcatrao/Documents/GitHub/Zion.App.Clone/pages/api/auth/forgot.ts\u001b[0m:1:1]\n \u001b[2m1\u001b[0m | import type { NextApiRequest, NextApiResponse } from 'next'; ; export export export default function handler(req: NextApiRequest, res: NextApiResponse)       {; if (req.method !== 'GET' && req.method !== 'POST') {; res.status(405).end(); return; }; // TODO: Implement forgot password logic here; res.status(200).json({ message:' 'Forgot endpoint placeholder' }); } \n   : \u001b[35;1m                                                                      ^^^^^^\u001b[0m\n   `----\n\nCaused by:\n    Syntax Error\n\nImport trace for requested module:\n./pages/api/auth/forgot.ts\n\n./pages/api/auth/health.ts\nError:   \u001b[31mx\u001b[0m Expected '{', got 'export'\n   ,-[\u001b[36;1;4m/Users/klebergarciaalcatrao/Documents/GitHub/Zion.App.Clone/pages/api/auth/health.ts\u001b[0m:1:1]\n \u001b[2m1\u001b[0m | import type { NextApiRequest, NextApiResponse } from 'next'; ; export export export default function handler(req: NextApiRequest, res: NextApiResponse)       {; if (req.method !== 'GET' && req.method !== 'POST') {; res.status(405).end(); return; }; // TODO: Implement health check logic here; res.status(200).json({ message:' 'Health endpoint placeholder' }); } \n   : \u001b[35;1m                                                                      ^^^^^^\u001b[0m\n   `----\n\nCaused by:\n    Syntax Error\n\nImport trace for requested module:\n./pages/api/auth/health.ts\n\n\n> Build failed because of webpack errors\n",
      "command": "npm run build"
    }
  ],
  "summary": {
    "total": 8,
    "successful": 3,
    "failed": 5,
    "duration": 687582
  }
}
