{"/app/src/utils/environmentConfig.ts": {"path":"/app/src/utils/environmentConfig.ts","all":false,"statementMap":{"0":{"start":{"line":1,"column":0},"end":{"line":1,"column":41}},"1":{"start":{"line":2,"column":0},"end":{"line":2,"column":24}},"2":{"start":{"line":3,"column":0},"end":{"line":3,"column":0}},"3":{"start":{"line":4,"column":0},"end":{"line":4,"column":29}},"4":{"start":{"line":5,"column":0},"end":{"line":5,"column":13}},"5":{"start":{"line":6,"column":0},"end":{"line":6,"column":16}},"6":{"start":{"line":7,"column":0},"end":{"line":7,"column":20}},"7":{"start":{"line":8,"column":0},"end":{"line":8,"column":28}},"8":{"start":{"line":9,"column":0},"end":{"line":9,"column":26}},"9":{"start":{"line":10,"column":0},"end":{"line":10,"column":4}},"10":{"start":{"line":11,"column":0},"end":{"line":11,"column":11}},"11":{"start":{"line":12,"column":0},"end":{"line":12,"column":16}},"12":{"start":{"line":13,"column":0},"end":{"line":13,"column":24}},"13":{"start":{"line":14,"column":0},"end":{"line":14,"column":20}},"14":{"start":{"line":15,"column":0},"end":{"line":15,"column":26}},"15":{"start":{"line":16,"column":0},"end":{"line":16,"column":4}},"16":{"start":{"line":17,"column":0},"end":{"line":17,"column":10}},"17":{"start":{"line":18,"column":0},"end":{"line":18,"column":22}},"18":{"start":{"line":19,"column":0},"end":{"line":19,"column":26}},"19":{"start":{"line":20,"column":0},"end":{"line":20,"column":4}},"20":{"start":{"line":21,"column":0},"end":{"line":21,"column":16}},"21":{"start":{"line":22,"column":0},"end":{"line":22,"column":16}},"22":{"start":{"line":23,"column":0},"end":{"line":23,"column":26}},"23":{"start":{"line":24,"column":0},"end":{"line":24,"column":4}},"24":{"start":{"line":25,"column":0},"end":{"line":25,"column":8}},"25":{"start":{"line":26,"column":0},"end":{"line":26,"column":24}},"26":{"start":{"line":27,"column":0},"end":{"line":27,"column":27}},"27":{"start":{"line":28,"column":0},"end":{"line":28,"column":26}},"28":{"start":{"line":29,"column":0},"end":{"line":29,"column":4}},"29":{"start":{"line":30,"column":0},"end":{"line":30,"column":1}},"30":{"start":{"line":31,"column":0},"end":{"line":31,"column":0}},"31":{"start":{"line":32,"column":0},"end":{"line":32,"column":58}},"32":{"start":{"line":33,"column":0},"end":{"line":33,"column":28}},"33":{"start":{"line":34,"column":0},"end":{"line":34,"column":50}},"34":{"start":{"line":35,"column":0},"end":{"line":35,"column":55}},"35":{"start":{"line":36,"column":0},"end":{"line":36,"column":51}},"36":{"start":{"line":37,"column":0},"end":{"line":37,"column":48}},"37":{"start":{"line":38,"column":0},"end":{"line":38,"column":36}},"38":{"start":{"line":39,"column":0},"end":{"line":39,"column":56}},"39":{"start":{"line":40,"column":0},"end":{"line":40,"column":44}},"40":{"start":{"line":41,"column":0},"end":{"line":41,"column":52}},"41":{"start":{"line":42,"column":0},"end":{"line":42,"column":40}},"42":{"start":{"line":43,"column":0},"end":{"line":43,"column":54}},"43":{"start":{"line":44,"column":0},"end":{"line":44,"column":51}},"44":{"start":{"line":45,"column":0},"end":{"line":45,"column":3}},"45":{"start":{"line":46,"column":0},"end":{"line":46,"column":0}},"46":{"start":{"line":47,"column":0},"end":{"line":47,"column":40}},"47":{"start":{"line":48,"column":0},"end":{"line":48,"column":0}},"48":{"start":{"line":49,"column":0},"end":{"line":49,"column":3}},"49":{"start":{"line":50,"column":0},"end":{"line":50,"column":47}},"50":{"start":{"line":51,"column":0},"end":{"line":51,"column":3}},"51":{"start":{"line":52,"column":0},"end":{"line":52,"column":54}},"52":{"start":{"line":53,"column":0},"end":{"line":53,"column":26}},"53":{"start":{"line":54,"column":0},"end":{"line":54,"column":2}},"54":{"start":{"line":55,"column":0},"end":{"line":55,"column":45}},"55":{"start":{"line":56,"column":0},"end":{"line":56,"column":2}},"56":{"start":{"line":57,"column":0},"end":{"line":57,"column":44}},"57":{"start":{"line":58,"column":0},"end":{"line":58,"column":31}},"58":{"start":{"line":59,"column":0},"end":{"line":59,"column":12}},"59":{"start":{"line":60,"column":0},"end":{"line":60,"column":18}},"60":{"start":{"line":61,"column":0},"end":{"line":61,"column":12}},"61":{"start":{"line":62,"column":0},"end":{"line":62,"column":15}},"62":{"start":{"line":63,"column":0},"end":{"line":63,"column":14}},"63":{"start":{"line":64,"column":0},"end":{"line":64,"column":15}},"64":{"start":{"line":65,"column":0},"end":{"line":65,"column":11}},"65":{"start":{"line":66,"column":0},"end":{"line":66,"column":38}},"66":{"start":{"line":67,"column":0},"end":{"line":67,"column":21}},"67":{"start":{"line":68,"column":0},"end":{"line":68,"column":4}},"68":{"start":{"line":69,"column":0},"end":{"line":69,"column":2}},"69":{"start":{"line":70,"column":0},"end":{"line":70,"column":35}},"70":{"start":{"line":71,"column":0},"end":{"line":71,"column":68}},"71":{"start":{"line":72,"column":0},"end":{"line":72,"column":50}},"72":{"start":{"line":73,"column":0},"end":{"line":73,"column":4}},"73":{"start":{"line":74,"column":0},"end":{"line":74,"column":2}},"74":{"start":{"line":75,"column":0},"end":{"line":75,"column":91}},"75":{"start":{"line":76,"column":0},"end":{"line":76,"column":47}},"76":{"start":{"line":77,"column":0},"end":{"line":77,"column":48}},"77":{"start":{"line":78,"column":0},"end":{"line":78,"column":61}},"78":{"start":{"line":79,"column":0},"end":{"line":79,"column":18}},"79":{"start":{"line":80,"column":0},"end":{"line":80,"column":5}},"80":{"start":{"line":81,"column":0},"end":{"line":81,"column":4}},"81":{"start":{"line":82,"column":0},"end":{"line":82,"column":67}},"82":{"start":{"line":83,"column":0},"end":{"line":83,"column":73}},"83":{"start":{"line":84,"column":0},"end":{"line":84,"column":62}},"84":{"start":{"line":85,"column":0},"end":{"line":85,"column":4}},"85":{"start":{"line":86,"column":0},"end":{"line":86,"column":92}},"86":{"start":{"line":87,"column":0},"end":{"line":87,"column":56}},"87":{"start":{"line":88,"column":0},"end":{"line":88,"column":18}},"88":{"start":{"line":89,"column":0},"end":{"line":89,"column":5}},"89":{"start":{"line":90,"column":0},"end":{"line":90,"column":4}},"90":{"start":{"line":91,"column":0},"end":{"line":91,"column":70}},"91":{"start":{"line":92,"column":0},"end":{"line":92,"column":29}},"92":{"start":{"line":93,"column":0},"end":{"line":93,"column":19}},"93":{"start":{"line":94,"column":0},"end":{"line":94,"column":5}},"94":{"start":{"line":95,"column":0},"end":{"line":95,"column":3}},"95":{"start":{"line":96,"column":0},"end":{"line":96,"column":2}},"96":{"start":{"line":97,"column":0},"end":{"line":97,"column":31}},"97":{"start":{"line":98,"column":0},"end":{"line":98,"column":1}},"98":{"start":{"line":99,"column":0},"end":{"line":99,"column":0}},"99":{"start":{"line":100,"column":0},"end":{"line":100,"column":3}},"100":{"start":{"line":101,"column":0},"end":{"line":101,"column":69}},"101":{"start":{"line":102,"column":0},"end":{"line":102,"column":3}},"102":{"start":{"line":103,"column":0},"end":{"line":103,"column":59}},"103":{"start":{"line":104,"column":0},"end":{"line":104,"column":26}},"104":{"start":{"line":105,"column":0},"end":{"line":105,"column":56}},"105":{"start":{"line":106,"column":0},"end":{"line":106,"column":50}},"106":{"start":{"line":107,"column":0},"end":{"line":107,"column":48}},"107":{"start":{"line":108,"column":0},"end":{"line":108,"column":0}},"108":{"start":{"line":109,"column":0},"end":{"line":109,"column":55}},"109":{"start":{"line":110,"column":0},"end":{"line":110,"column":53}},"110":{"start":{"line":111,"column":0},"end":{"line":111,"column":0}},"111":{"start":{"line":112,"column":0},"end":{"line":112,"column":27}},"112":{"start":{"line":113,"column":0},"end":{"line":113,"column":51}},"113":{"start":{"line":114,"column":0},"end":{"line":114,"column":60}},"114":{"start":{"line":115,"column":0},"end":{"line":115,"column":63}},"115":{"start":{"line":116,"column":0},"end":{"line":116,"column":2}},"116":{"start":{"line":117,"column":0},"end":{"line":117,"column":45}},"117":{"start":{"line":118,"column":0},"end":{"line":118,"column":59}},"118":{"start":{"line":119,"column":0},"end":{"line":119,"column":63}},"119":{"start":{"line":120,"column":0},"end":{"line":120,"column":2}},"120":{"start":{"line":121,"column":0},"end":{"line":121,"column":54}},"121":{"start":{"line":122,"column":0},"end":{"line":122,"column":63}},"122":{"start":{"line":123,"column":0},"end":{"line":123,"column":76}},"123":{"start":{"line":124,"column":0},"end":{"line":124,"column":23}},"124":{"start":{"line":125,"column":0},"end":{"line":125,"column":36}},"125":{"start":{"line":126,"column":0},"end":{"line":126,"column":22}},"126":{"start":{"line":127,"column":0},"end":{"line":127,"column":7}},"127":{"start":{"line":128,"column":0},"end":{"line":128,"column":3}},"128":{"start":{"line":129,"column":0},"end":{"line":129,"column":2}},"129":{"start":{"line":130,"column":0},"end":{"line":130,"column":68}},"130":{"start":{"line":131,"column":0},"end":{"line":131,"column":0}},"131":{"start":{"line":132,"column":0},"end":{"line":132,"column":25}},"132":{"start":{"line":133,"column":0},"end":{"line":133,"column":65}},"133":{"start":{"line":134,"column":0},"end":{"line":134,"column":100}},"134":{"start":{"line":135,"column":0},"end":{"line":135,"column":90}},"135":{"start":{"line":136,"column":0},"end":{"line":136,"column":2}},"136":{"start":{"line":137,"column":0},"end":{"line":137,"column":58}},"137":{"start":{"line":138,"column":0},"end":{"line":138,"column":0}},"138":{"start":{"line":139,"column":0},"end":{"line":139,"column":24}},"139":{"start":{"line":140,"column":0},"end":{"line":140,"column":58}},"140":{"start":{"line":141,"column":0},"end":{"line":141,"column":62}},"141":{"start":{"line":142,"column":0},"end":{"line":142,"column":0}},"142":{"start":{"line":143,"column":0},"end":{"line":143,"column":55}},"143":{"start":{"line":144,"column":0},"end":{"line":144,"column":66}},"144":{"start":{"line":145,"column":0},"end":{"line":145,"column":0}},"145":{"start":{"line":146,"column":0},"end":{"line":146,"column":61}},"146":{"start":{"line":147,"column":0},"end":{"line":147,"column":43}},"147":{"start":{"line":148,"column":0},"end":{"line":148,"column":31}},"148":{"start":{"line":149,"column":0},"end":{"line":149,"column":93}},"149":{"start":{"line":150,"column":0},"end":{"line":150,"column":76}},"150":{"start":{"line":151,"column":0},"end":{"line":151,"column":79}},"151":{"start":{"line":152,"column":0},"end":{"line":152,"column":86}},"152":{"start":{"line":153,"column":0},"end":{"line":153,"column":71}},"153":{"start":{"line":154,"column":0},"end":{"line":154,"column":3}},"154":{"start":{"line":155,"column":0},"end":{"line":155,"column":0}},"155":{"start":{"line":156,"column":0},"end":{"line":156,"column":10}},"156":{"start":{"line":157,"column":0},"end":{"line":157,"column":15}},"157":{"start":{"line":158,"column":0},"end":{"line":158,"column":81}},"158":{"start":{"line":159,"column":0},"end":{"line":159,"column":78}},"159":{"start":{"line":160,"column":0},"end":{"line":160,"column":45}},"160":{"start":{"line":161,"column":0},"end":{"line":161,"column":38}},"161":{"start":{"line":162,"column":0},"end":{"line":162,"column":6}},"162":{"start":{"line":163,"column":0},"end":{"line":163,"column":13}},"163":{"start":{"line":164,"column":0},"end":{"line":164,"column":46}},"164":{"start":{"line":165,"column":0},"end":{"line":165,"column":37}},"165":{"start":{"line":166,"column":0},"end":{"line":166,"column":29}},"166":{"start":{"line":167,"column":0},"end":{"line":167,"column":36}},"167":{"start":{"line":168,"column":0},"end":{"line":168,"column":6}},"168":{"start":{"line":169,"column":0},"end":{"line":169,"column":12}},"169":{"start":{"line":170,"column":0},"end":{"line":170,"column":78}},"170":{"start":{"line":171,"column":0},"end":{"line":171,"column":35}},"171":{"start":{"line":172,"column":0},"end":{"line":172,"column":6}},"172":{"start":{"line":173,"column":0},"end":{"line":173,"column":18}},"173":{"start":{"line":174,"column":0},"end":{"line":174,"column":32}},"174":{"start":{"line":175,"column":0},"end":{"line":175,"column":118}},"175":{"start":{"line":176,"column":0},"end":{"line":176,"column":6}},"176":{"start":{"line":177,"column":0},"end":{"line":177,"column":10}},"177":{"start":{"line":178,"column":0},"end":{"line":178,"column":27}},"178":{"start":{"line":179,"column":0},"end":{"line":179,"column":20}},"179":{"start":{"line":180,"column":0},"end":{"line":180,"column":18}},"180":{"start":{"line":181,"column":0},"end":{"line":181,"column":5}},"181":{"start":{"line":182,"column":0},"end":{"line":182,"column":4}},"182":{"start":{"line":183,"column":0},"end":{"line":183,"column":1}},"183":{"start":{"line":184,"column":0},"end":{"line":184,"column":0}},"184":{"start":{"line":185,"column":0},"end":{"line":185,"column":3}},"185":{"start":{"line":186,"column":0},"end":{"line":186,"column":57}},"186":{"start":{"line":187,"column":0},"end":{"line":187,"column":3}},"187":{"start":{"line":188,"column":0},"end":{"line":188,"column":55}},"188":{"start":{"line":189,"column":0},"end":{"line":189,"column":40}},"189":{"start":{"line":190,"column":0},"end":{"line":190,"column":2}},"190":{"start":{"line":191,"column":0},"end":{"line":191,"column":33}},"191":{"start":{"line":192,"column":0},"end":{"line":192,"column":31}},"192":{"start":{"line":193,"column":0},"end":{"line":193,"column":24}},"193":{"start":{"line":194,"column":0},"end":{"line":194,"column":4}},"194":{"start":{"line":195,"column":0},"end":{"line":195,"column":40}},"195":{"start":{"line":196,"column":0},"end":{"line":196,"column":77}},"196":{"start":{"line":197,"column":0},"end":{"line":197,"column":5}},"197":{"start":{"line":198,"column":0},"end":{"line":198,"column":4}},"198":{"start":{"line":199,"column":0},"end":{"line":199,"column":38}},"199":{"start":{"line":200,"column":0},"end":{"line":200,"column":76}},"200":{"start":{"line":201,"column":0},"end":{"line":201,"column":5}},"201":{"start":{"line":202,"column":0},"end":{"line":202,"column":4}},"202":{"start":{"line":203,"column":0},"end":{"line":203,"column":37}},"203":{"start":{"line":204,"column":0},"end":{"line":204,"column":81}},"204":{"start":{"line":205,"column":0},"end":{"line":205,"column":5}},"205":{"start":{"line":206,"column":0},"end":{"line":206,"column":0}},"206":{"start":{"line":207,"column":0},"end":{"line":207,"column":104}},"207":{"start":{"line":208,"column":0},"end":{"line":208,"column":111}},"208":{"start":{"line":209,"column":0},"end":{"line":209,"column":5}},"209":{"start":{"line":210,"column":0},"end":{"line":210,"column":4}},"210":{"start":{"line":211,"column":0},"end":{"line":211,"column":30}},"211":{"start":{"line":212,"column":0},"end":{"line":212,"column":104}},"212":{"start":{"line":213,"column":0},"end":{"line":213,"column":5}},"213":{"start":{"line":214,"column":0},"end":{"line":214,"column":4}},"214":{"start":{"line":215,"column":0},"end":{"line":215,"column":11}},"215":{"start":{"line":216,"column":0},"end":{"line":216,"column":3}},"216":{"start":{"line":217,"column":0},"end":{"line":217,"column":0}},"217":{"start":{"line":218,"column":0},"end":{"line":218,"column":37}},"218":{"start":{"line":219,"column":0},"end":{"line":219,"column":20}},"219":{"start":{"line":220,"column":0},"end":{"line":220,"column":2}},"220":{"start":{"line":221,"column":0},"end":{"line":221,"column":38}},"221":{"start":{"line":222,"column":0},"end":{"line":222,"column":111}},"222":{"start":{"line":223,"column":0},"end":{"line":223,"column":3}},"223":{"start":{"line":224,"column":0},"end":{"line":224,"column":0}},"224":{"start":{"line":225,"column":0},"end":{"line":225,"column":36}},"225":{"start":{"line":226,"column":0},"end":{"line":226,"column":96}},"226":{"start":{"line":227,"column":0},"end":{"line":227,"column":3}},"227":{"start":{"line":228,"column":0},"end":{"line":228,"column":0}},"228":{"start":{"line":229,"column":0},"end":{"line":229,"column":102}},"229":{"start":{"line":230,"column":0},"end":{"line":230,"column":184}},"230":{"start":{"line":231,"column":0},"end":{"line":231,"column":3}},"231":{"start":{"line":232,"column":0},"end":{"line":232,"column":2}},"232":{"start":{"line":233,"column":0},"end":{"line":233,"column":26}},"233":{"start":{"line":234,"column":0},"end":{"line":234,"column":115}},"234":{"start":{"line":235,"column":0},"end":{"line":235,"column":34}},"235":{"start":{"line":236,"column":0},"end":{"line":236,"column":3}},"236":{"start":{"line":237,"column":0},"end":{"line":237,"column":1}},"237":{"start":{"line":238,"column":0},"end":{"line":238,"column":0}},"238":{"start":{"line":239,"column":0},"end":{"line":239,"column":3}},"239":{"start":{"line":240,"column":0},"end":{"line":240,"column":57}},"240":{"start":{"line":241,"column":0},"end":{"line":241,"column":3}},"241":{"start":{"line":242,"column":0},"end":{"line":242,"column":44}},"242":{"start":{"line":243,"column":0},"end":{"line":243,"column":40}},"243":{"start":{"line":244,"column":0},"end":{"line":244,"column":2}},"244":{"start":{"line":245,"column":0},"end":{"line":245,"column":36}},"245":{"start":{"line":246,"column":0},"end":{"line":246,"column":35}},"246":{"start":{"line":247,"column":0},"end":{"line":247,"column":49}},"247":{"start":{"line":248,"column":0},"end":{"line":248,"column":67}},"248":{"start":{"line":249,"column":0},"end":{"line":249,"column":5}},"249":{"start":{"line":250,"column":0},"end":{"line":250,"column":4}},"250":{"start":{"line":251,"column":0},"end":{"line":251,"column":91}},"251":{"start":{"line":252,"column":0},"end":{"line":252,"column":40}},"252":{"start":{"line":253,"column":0},"end":{"line":253,"column":51}},"253":{"start":{"line":254,"column":0},"end":{"line":254,"column":81}},"254":{"start":{"line":255,"column":0},"end":{"line":255,"column":75}},"255":{"start":{"line":256,"column":0},"end":{"line":256,"column":10}},"256":{"start":{"line":257,"column":0},"end":{"line":257,"column":49}},"257":{"start":{"line":258,"column":0},"end":{"line":258,"column":75}},"258":{"start":{"line":259,"column":0},"end":{"line":259,"column":5}},"259":{"start":{"line":260,"column":0},"end":{"line":260,"column":3}},"260":{"start":{"line":261,"column":0},"end":{"line":261,"column":2}},"261":{"start":{"line":262,"column":0},"end":{"line":262,"column":49}},"262":{"start":{"line":263,"column":0},"end":{"line":263,"column":47}},"263":{"start":{"line":264,"column":0},"end":{"line":264,"column":56}},"264":{"start":{"line":265,"column":0},"end":{"line":265,"column":60}},"265":{"start":{"line":266,"column":0},"end":{"line":266,"column":103}},"266":{"start":{"line":267,"column":0},"end":{"line":267,"column":92}},"267":{"start":{"line":268,"column":0},"end":{"line":268,"column":104}},"268":{"start":{"line":269,"column":0},"end":{"line":269,"column":4}},"269":{"start":{"line":270,"column":0},"end":{"line":270,"column":46}},"270":{"start":{"line":271,"column":0},"end":{"line":271,"column":66}},"271":{"start":{"line":272,"column":0},"end":{"line":272,"column":77}},"272":{"start":{"line":273,"column":0},"end":{"line":273,"column":5}},"273":{"start":{"line":274,"column":0},"end":{"line":274,"column":3}},"274":{"start":{"line":275,"column":0},"end":{"line":275,"column":1}},"275":{"start":{"line":276,"column":0},"end":{"line":276,"column":0}},"276":{"start":{"line":277,"column":0},"end":{"line":277,"column":3}},"277":{"start":{"line":278,"column":0},"end":{"line":278,"column":64}},"278":{"start":{"line":279,"column":0},"end":{"line":279,"column":3}},"279":{"start":{"line":280,"column":0},"end":{"line":280,"column":49}}},"s":{"0":1,"1":1,"2":1,"3":1,"4":1,"5":1,"6":1,"7":1,"8":1,"9":1,"10":1,"11":1,"12":1,"13":1,"14":1,"15":1,"16":1,"17":1,"18":1,"19":1,"20":1,"21":1,"22":1,"23":1,"24":1,"25":1,"26":1,"27":1,"28":1,"29":1,"30":1,"31":1,"32":1,"33":1,"34":1,"35":1,"36":1,"37":1,"38":1,"39":1,"40":1,"41":1,"42":1,"43":1,"44":1,"45":1,"46":1,"47":1,"48":1,"49":1,"50":1,"51":64,"52":64,"53":40,"54":40,"55":40,"56":40,"57":40,"58":40,"59":40,"60":40,"61":40,"62":40,"63":40,"64":40,"65":40,"66":40,"67":40,"68":40,"69":40,"70":40,"71":306,"72":40,"73":40,"74":40,"75":64,"76":10,"77":10,"78":2,"79":2,"80":8,"81":8,"82":8,"83":8,"84":8,"85":8,"86":10,"87":0,"88":0,"89":8,"90":8,"91":8,"92":8,"93":8,"94":10,"95":30,"96":30,"97":30,"98":1,"99":1,"100":1,"101":1,"102":1,"103":10,"104":10,"105":10,"106":10,"107":10,"108":10,"109":10,"110":10,"111":10,"112":10,"113":10,"114":10,"115":10,"116":10,"117":10,"118":10,"119":10,"120":10,"121":2,"122":2,"123":2,"124":2,"125":2,"126":2,"127":2,"128":10,"129":10,"130":10,"131":10,"132":10,"133":10,"134":10,"135":10,"136":10,"137":10,"138":10,"139":10,"140":10,"141":10,"142":10,"143":10,"144":10,"145":10,"146":10,"147":10,"148":8,"149":8,"150":8,"151":8,"152":8,"153":8,"154":10,"155":10,"156":10,"157":10,"158":10,"159":10,"160":10,"161":10,"162":10,"163":10,"164":10,"165":10,"166":10,"167":10,"168":10,"169":10,"170":10,"171":10,"172":10,"173":10,"174":10,"175":10,"176":10,"177":10,"178":10,"179":10,"180":10,"181":10,"182":10,"183":1,"184":1,"185":1,"186":1,"187":1,"188":5,"189":5,"190":5,"191":1,"192":1,"193":1,"194":1,"195":0,"196":0,"197":1,"198":1,"199":1,"200":1,"201":1,"202":1,"203":1,"204":1,"205":1,"206":1,"207":1,"208":1,"209":1,"210":1,"211":1,"212":1,"213":1,"214":1,"215":1,"216":4,"217":4,"218":4,"219":4,"220":5,"221":1,"222":1,"223":4,"224":5,"225":1,"226":1,"227":4,"228":5,"229":3,"230":3,"231":4,"232":5,"233":3,"234":3,"235":3,"236":5,"237":1,"238":1,"239":1,"240":1,"241":1,"242":0,"243":0,"244":0,"245":0,"246":0,"247":0,"248":0,"249":0,"250":0,"251":0,"252":0,"253":0,"254":0,"255":0,"256":0,"257":0,"258":0,"259":0,"260":0,"261":0,"262":0,"263":0,"264":0,"265":0,"266":0,"267":0,"268":0,"269":0,"270":0,"271":0,"272":0,"273":0,"274":0,"275":1,"276":1,"277":1,"278":1,"279":1},"branchMap":{"0":{"type":"branch","line":52,"loc":{"start":{"line":52,"column":0},"end":{"line":98,"column":1}},"locations":[{"start":{"line":52,"column":0},"end":{"line":98,"column":1}}]},"1":{"type":"branch","line":53,"loc":{"start":{"line":53,"column":14},"end":{"line":53,"column":26}},"locations":[{"start":{"line":53,"column":14},"end":{"line":53,"column":26}}]},"2":{"type":"branch","line":53,"loc":{"start":{"line":53,"column":25},"end":{"line":76,"column":46}},"locations":[{"start":{"line":53,"column":25},"end":{"line":76,"column":46}}]},"3":{"type":"branch","line":76,"loc":{"start":{"line":76,"column":46},"end":{"line":95,"column":3}},"locations":[{"start":{"line":76,"column":46},"end":{"line":95,"column":3}}]},"4":{"type":"branch","line":78,"loc":{"start":{"line":78,"column":60},"end":{"line":80,"column":5}},"locations":[{"start":{"line":78,"column":60},"end":{"line":80,"column":5}}]},"5":{"type":"branch","line":80,"loc":{"start":{"line":80,"column":4},"end":{"line":87,"column":31}},"locations":[{"start":{"line":80,"column":4},"end":{"line":87,"column":31}}]},"6":{"type":"branch","line":87,"loc":{"start":{"line":87,"column":27},"end":{"line":87,"column":53}},"locations":[{"start":{"line":87,"column":27},"end":{"line":87,"column":53}}]},"7":{"type":"branch","line":87,"loc":{"start":{"line":87,"column":55},"end":{"line":89,"column":5}},"locations":[{"start":{"line":87,"column":55},"end":{"line":89,"column":5}}]},"8":{"type":"branch","line":89,"loc":{"start":{"line":89,"column":4},"end":{"line":94,"column":5}},"locations":[{"start":{"line":89,"column":4},"end":{"line":94,"column":5}}]},"9":{"type":"branch","line":95,"loc":{"start":{"line":95,"column":2},"end":{"line":98,"column":1}},"locations":[{"start":{"line":95,"column":2},"end":{"line":98,"column":1}}]},"10":{"type":"branch","line":71,"loc":{"start":{"line":71,"column":57},"end":{"line":72,"column":50}},"locations":[{"start":{"line":71,"column":57},"end":{"line":72,"column":50}}]},"11":{"type":"branch","line":103,"loc":{"start":{"line":103,"column":7},"end":{"line":183,"column":1}},"locations":[{"start":{"line":103,"column":7},"end":{"line":183,"column":1}}]},"12":{"type":"branch","line":105,"loc":{"start":{"line":105,"column":38},"end":{"line":105,"column":55}},"locations":[{"start":{"line":105,"column":38},"end":{"line":105,"column":55}}]},"13":{"type":"branch","line":121,"loc":{"start":{"line":121,"column":19},"end":{"line":121,"column":51}},"locations":[{"start":{"line":121,"column":19},"end":{"line":121,"column":51}}]},"14":{"type":"branch","line":121,"loc":{"start":{"line":121,"column":53},"end":{"line":128,"column":3}},"locations":[{"start":{"line":121,"column":53},"end":{"line":128,"column":3}}]},"15":{"type":"branch","line":123,"loc":{"start":{"line":123,"column":61},"end":{"line":123,"column":75}},"locations":[{"start":{"line":123,"column":61},"end":{"line":123,"column":75}}]},"16":{"type":"branch","line":130,"loc":{"start":{"line":130,"column":46},"end":{"line":130,"column":67}},"locations":[{"start":{"line":130,"column":46},"end":{"line":130,"column":67}}]},"17":{"type":"branch","line":133,"loc":{"start":{"line":133,"column":46},"end":{"line":133,"column":64}},"locations":[{"start":{"line":133,"column":46},"end":{"line":133,"column":64}}]},"18":{"type":"branch","line":148,"loc":{"start":{"line":148,"column":30},"end":{"line":154,"column":3}},"locations":[{"start":{"line":148,"column":30},"end":{"line":154,"column":3}}]},"19":{"type":"branch","line":158,"loc":{"start":{"line":158,"column":29},"end":{"line":158,"column":43}},"locations":[{"start":{"line":158,"column":29},"end":{"line":158,"column":43}}]},"20":{"type":"branch","line":158,"loc":{"start":{"line":158,"column":43},"end":{"line":158,"column":80}},"locations":[{"start":{"line":158,"column":43},"end":{"line":158,"column":80}}]},"21":{"type":"branch","line":159,"loc":{"start":{"line":159,"column":33},"end":{"line":159,"column":51}},"locations":[{"start":{"line":159,"column":33},"end":{"line":159,"column":51}}]},"22":{"type":"branch","line":159,"loc":{"start":{"line":159,"column":51},"end":{"line":159,"column":77}},"locations":[{"start":{"line":159,"column":51},"end":{"line":159,"column":77}}]},"23":{"type":"branch","line":164,"loc":{"start":{"line":164,"column":27},"end":{"line":164,"column":39}},"locations":[{"start":{"line":164,"column":27},"end":{"line":164,"column":39}}]},"24":{"type":"branch","line":164,"loc":{"start":{"line":164,"column":39},"end":{"line":164,"column":45}},"locations":[{"start":{"line":164,"column":39},"end":{"line":164,"column":45}}]},"25":{"type":"branch","line":170,"loc":{"start":{"line":170,"column":32},"end":{"line":170,"column":49}},"locations":[{"start":{"line":170,"column":32},"end":{"line":170,"column":49}}]},"26":{"type":"branch","line":188,"loc":{"start":{"line":188,"column":7},"end":{"line":237,"column":1}},"locations":[{"start":{"line":188,"column":7},"end":{"line":237,"column":1}}]},"27":{"type":"branch","line":191,"loc":{"start":{"line":191,"column":32},"end":{"line":216,"column":3}},"locations":[{"start":{"line":191,"column":32},"end":{"line":216,"column":3}}]},"28":{"type":"branch","line":195,"loc":{"start":{"line":195,"column":39},"end":{"line":197,"column":5}},"locations":[{"start":{"line":195,"column":39},"end":{"line":197,"column":5}}]},"29":{"type":"branch","line":216,"loc":{"start":{"line":216,"column":2},"end":{"line":221,"column":37}},"locations":[{"start":{"line":216,"column":2},"end":{"line":221,"column":37}}]},"30":{"type":"branch","line":221,"loc":{"start":{"line":221,"column":37},"end":{"line":223,"column":3}},"locations":[{"start":{"line":221,"column":37},"end":{"line":223,"column":3}}]},"31":{"type":"branch","line":223,"loc":{"start":{"line":223,"column":2},"end":{"line":225,"column":35}},"locations":[{"start":{"line":223,"column":2},"end":{"line":225,"column":35}}]},"32":{"type":"branch","line":225,"loc":{"start":{"line":225,"column":35},"end":{"line":227,"column":3}},"locations":[{"start":{"line":225,"column":35},"end":{"line":227,"column":3}}]},"33":{"type":"branch","line":227,"loc":{"start":{"line":227,"column":2},"end":{"line":229,"column":42}},"locations":[{"start":{"line":227,"column":2},"end":{"line":229,"column":42}}]},"34":{"type":"branch","line":229,"loc":{"start":{"line":229,"column":38},"end":{"line":229,"column":99}},"locations":[{"start":{"line":229,"column":38},"end":{"line":229,"column":99}}]},"35":{"type":"branch","line":229,"loc":{"start":{"line":229,"column":101},"end":{"line":231,"column":3}},"locations":[{"start":{"line":229,"column":101},"end":{"line":231,"column":3}}]},"36":{"type":"branch","line":231,"loc":{"start":{"line":231,"column":2},"end":{"line":233,"column":25}},"locations":[{"start":{"line":231,"column":2},"end":{"line":233,"column":25}}]},"37":{"type":"branch","line":233,"loc":{"start":{"line":233,"column":25},"end":{"line":236,"column":3}},"locations":[{"start":{"line":233,"column":25},"end":{"line":236,"column":3}}]},"38":{"type":"branch","line":212,"loc":{"start":{"line":212,"column":75},"end":{"line":212,"column":90}},"locations":[{"start":{"line":212,"column":75},"end":{"line":212,"column":90}}]},"39":{"type":"branch","line":234,"loc":{"start":{"line":234,"column":87},"end":{"line":234,"column":102}},"locations":[{"start":{"line":234,"column":87},"end":{"line":234,"column":102}}]}},"b":{"0":[64],"1":[24],"2":[40],"3":[10],"4":[2],"5":[8],"6":[0],"7":[0],"8":[8],"9":[30],"10":[306],"11":[10],"12":[0],"13":[8],"14":[2],"15":[0],"16":[8],"17":[4],"18":[8],"19":[8],"20":[2],"21":[8],"22":[2],"23":[6],"24":[4],"25":[0],"26":[5],"27":[1],"28":[0],"29":[4],"30":[1],"31":[4],"32":[1],"33":[4],"34":[3],"35":[3],"36":[4],"37":[3],"38":[3],"39":[5]},"fnMap":{"0":{"name":"isPlaceholderValue","decl":{"start":{"line":52,"column":0},"end":{"line":98,"column":1}},"loc":{"start":{"line":52,"column":0},"end":{"line":98,"column":1}},"line":52},"1":{"name":"getEnvironmentConfig","decl":{"start":{"line":103,"column":7},"end":{"line":183,"column":1}},"loc":{"start":{"line":103,"column":7},"end":{"line":183,"column":1}},"line":103},"2":{"name":"validateProductionEnvironment","decl":{"start":{"line":188,"column":7},"end":{"line":237,"column":1}},"loc":{"start":{"line":188,"column":7},"end":{"line":237,"column":1}},"line":188},"3":{"name":"initializeServices","decl":{"start":{"line":242,"column":7},"end":{"line":275,"column":1}},"loc":{"start":{"line":242,"column":7},"end":{"line":275,"column":1}},"line":242}},"f":{"0":64,"1":10,"2":5,"3":0}}
,"/app/src/utils/validateEnv.ts": {"path":"/app/src/utils/validateEnv.ts","all":false,"statementMap":{"0":{"start":{"line":1,"column":0},"end":{"line":1,"column":27}},"1":{"start":{"line":2,"column":0},"end":{"line":2,"column":0}},"2":{"start":{"line":3,"column":0},"end":{"line":3,"column":28}},"3":{"start":{"line":4,"column":0},"end":{"line":4,"column":39}},"4":{"start":{"line":5,"column":0},"end":{"line":5,"column":35}},"5":{"start":{"line":6,"column":0},"end":{"line":6,"column":40}},"6":{"start":{"line":7,"column":0},"end":{"line":7,"column":1}},"7":{"start":{"line":8,"column":0},"end":{"line":8,"column":0}},"8":{"start":{"line":9,"column":0},"end":{"line":9,"column":62}},"9":{"start":{"line":10,"column":0},"end":{"line":10,"column":58}},"10":{"start":{"line":11,"column":0},"end":{"line":11,"column":33}},"11":{"start":{"line":12,"column":0},"end":{"line":12,"column":29}},"12":{"start":{"line":13,"column":0},"end":{"line":13,"column":34}},"13":{"start":{"line":14,"column":0},"end":{"line":14,"column":2}},"14":{"start":{"line":15,"column":0},"end":{"line":15,"column":0}},"15":{"start":{"line":16,"column":0},"end":{"line":16,"column":83}},"16":{"start":{"line":17,"column":0},"end":{"line":17,"column":48}},"17":{"start":{"line":18,"column":0},"end":{"line":18,"column":61}},"18":{"start":{"line":19,"column":0},"end":{"line":19,"column":51}},"19":{"start":{"line":20,"column":0},"end":{"line":20,"column":54}},"20":{"start":{"line":21,"column":0},"end":{"line":21,"column":84}},"21":{"start":{"line":22,"column":0},"end":{"line":22,"column":81}},"22":{"start":{"line":23,"column":0},"end":{"line":23,"column":47}},"23":{"start":{"line":24,"column":0},"end":{"line":24,"column":2}},"24":{"start":{"line":25,"column":0},"end":{"line":25,"column":0}},"25":{"start":{"line":26,"column":0},"end":{"line":26,"column":82}},"26":{"start":{"line":27,"column":0},"end":{"line":27,"column":46}},"27":{"start":{"line":28,"column":0},"end":{"line":28,"column":48}},"28":{"start":{"line":29,"column":0},"end":{"line":29,"column":53}},"29":{"start":{"line":30,"column":0},"end":{"line":30,"column":2}},"30":{"start":{"line":31,"column":0},"end":{"line":31,"column":0}},"31":{"start":{"line":32,"column":0},"end":{"line":32,"column":3}},"32":{"start":{"line":33,"column":0},"end":{"line":33,"column":57}},"33":{"start":{"line":34,"column":0},"end":{"line":34,"column":94}},"34":{"start":{"line":35,"column":0},"end":{"line":35,"column":3}},"35":{"start":{"line":36,"column":0},"end":{"line":36,"column":50}},"36":{"start":{"line":37,"column":0},"end":{"line":37,"column":44}},"37":{"start":{"line":38,"column":0},"end":{"line":38,"column":0}},"38":{"start":{"line":39,"column":0},"end":{"line":39,"column":44}},"39":{"start":{"line":40,"column":0},"end":{"line":40,"column":71}},"40":{"start":{"line":41,"column":0},"end":{"line":41,"column":0}},"41":{"start":{"line":42,"column":0},"end":{"line":42,"column":79}},"42":{"start":{"line":43,"column":0},"end":{"line":43,"column":74}},"43":{"start":{"line":44,"column":0},"end":{"line":44,"column":15}},"44":{"start":{"line":45,"column":0},"end":{"line":45,"column":5}},"45":{"start":{"line":46,"column":0},"end":{"line":46,"column":0}},"46":{"start":{"line":47,"column":0},"end":{"line":47,"column":68}},"47":{"start":{"line":48,"column":0},"end":{"line":48,"column":109}},"48":{"start":{"line":49,"column":0},"end":{"line":49,"column":89}},"49":{"start":{"line":50,"column":0},"end":{"line":50,"column":5}},"50":{"start":{"line":51,"column":0},"end":{"line":51,"column":0}},"51":{"start":{"line":52,"column":0},"end":{"line":52,"column":64}},"52":{"start":{"line":53,"column":0},"end":{"line":53,"column":103}},"53":{"start":{"line":54,"column":0},"end":{"line":54,"column":89}},"54":{"start":{"line":55,"column":0},"end":{"line":55,"column":5}},"55":{"start":{"line":56,"column":0},"end":{"line":56,"column":0}},"56":{"start":{"line":57,"column":0},"end":{"line":57,"column":69}},"57":{"start":{"line":58,"column":0},"end":{"line":58,"column":108}},"58":{"start":{"line":59,"column":0},"end":{"line":59,"column":89}},"59":{"start":{"line":60,"column":0},"end":{"line":60,"column":5}},"60":{"start":{"line":61,"column":0},"end":{"line":61,"column":3}},"61":{"start":{"line":62,"column":0},"end":{"line":62,"column":0}},"62":{"start":{"line":63,"column":0},"end":{"line":63,"column":40}},"63":{"start":{"line":64,"column":0},"end":{"line":64,"column":78}},"64":{"start":{"line":65,"column":0},"end":{"line":65,"column":34}},"65":{"start":{"line":66,"column":0},"end":{"line":66,"column":85}},"66":{"start":{"line":67,"column":0},"end":{"line":67,"column":34}},"67":{"start":{"line":68,"column":0},"end":{"line":68,"column":3}},"68":{"start":{"line":69,"column":0},"end":{"line":69,"column":0}},"69":{"start":{"line":70,"column":0},"end":{"line":70,"column":41}},"70":{"start":{"line":71,"column":0},"end":{"line":71,"column":94}},"71":{"start":{"line":72,"column":0},"end":{"line":72,"column":47}},"72":{"start":{"line":73,"column":0},"end":{"line":73,"column":75}},"73":{"start":{"line":74,"column":0},"end":{"line":74,"column":3}},"74":{"start":{"line":75,"column":0},"end":{"line":75,"column":2}}},"s":{"0":1,"1":1,"2":1,"3":1,"4":1,"5":1,"6":1,"7":1,"8":1,"9":1,"10":1,"11":1,"12":1,"13":1,"14":1,"15":1,"16":1,"17":1,"18":1,"19":1,"20":1,"21":1,"22":1,"23":1,"24":1,"25":1,"26":1,"27":1,"28":1,"29":1,"30":1,"31":1,"32":1,"33":1,"34":1,"35":1,"36":8,"37":8,"38":8,"39":24,"40":24,"41":24,"42":4,"43":4,"44":4,"45":20,"46":20,"47":24,"48":1,"49":1,"50":20,"51":20,"52":24,"53":1,"54":1,"55":20,"56":20,"57":24,"58":1,"59":1,"60":24,"61":8,"62":8,"63":5,"64":5,"65":5,"66":5,"67":5,"68":3,"69":3,"70":3,"71":8,"72":2,"73":2,"74":8},"branchMap":{"0":{"type":"branch","line":36,"loc":{"start":{"line":36,"column":37},"end":{"line":75,"column":2}},"locations":[{"start":{"line":36,"column":37},"end":{"line":75,"column":2}}]},"1":{"type":"branch","line":39,"loc":{"start":{"line":39,"column":43},"end":{"line":61,"column":3}},"locations":[{"start":{"line":39,"column":43},"end":{"line":61,"column":3}}]},"2":{"type":"branch","line":42,"loc":{"start":{"line":42,"column":27},"end":{"line":42,"column":45}},"locations":[{"start":{"line":42,"column":27},"end":{"line":42,"column":45}}]},"3":{"type":"branch","line":42,"loc":{"start":{"line":42,"column":45},"end":{"line":42,"column":76}},"locations":[{"start":{"line":42,"column":45},"end":{"line":42,"column":76}}]},"4":{"type":"branch","line":42,"loc":{"start":{"line":42,"column":78},"end":{"line":45,"column":5}},"locations":[{"start":{"line":42,"column":78},"end":{"line":45,"column":5}}]},"5":{"type":"branch","line":45,"loc":{"start":{"line":45,"column":4},"end":{"line":48,"column":54}},"locations":[{"start":{"line":45,"column":4},"end":{"line":48,"column":54}}]},"6":{"type":"branch","line":48,"loc":{"start":{"line":48,"column":50},"end":{"line":48,"column":106}},"locations":[{"start":{"line":48,"column":50},"end":{"line":48,"column":106}}]},"7":{"type":"branch","line":48,"loc":{"start":{"line":48,"column":108},"end":{"line":50,"column":5}},"locations":[{"start":{"line":48,"column":108},"end":{"line":50,"column":5}}]},"8":{"type":"branch","line":50,"loc":{"start":{"line":50,"column":4},"end":{"line":53,"column":50}},"locations":[{"start":{"line":50,"column":4},"end":{"line":53,"column":50}}]},"9":{"type":"branch","line":53,"loc":{"start":{"line":53,"column":46},"end":{"line":53,"column":100}},"locations":[{"start":{"line":53,"column":46},"end":{"line":53,"column":100}}]},"10":{"type":"branch","line":53,"loc":{"start":{"line":53,"column":102},"end":{"line":55,"column":5}},"locations":[{"start":{"line":53,"column":102},"end":{"line":55,"column":5}}]},"11":{"type":"branch","line":55,"loc":{"start":{"line":55,"column":4},"end":{"line":58,"column":55}},"locations":[{"start":{"line":55,"column":4},"end":{"line":58,"column":55}}]},"12":{"type":"branch","line":58,"loc":{"start":{"line":58,"column":51},"end":{"line":58,"column":105}},"locations":[{"start":{"line":58,"column":51},"end":{"line":58,"column":105}}]},"13":{"type":"branch","line":58,"loc":{"start":{"line":58,"column":107},"end":{"line":60,"column":5}},"locations":[{"start":{"line":58,"column":107},"end":{"line":60,"column":5}}]},"14":{"type":"branch","line":63,"loc":{"start":{"line":63,"column":39},"end":{"line":68,"column":3}},"locations":[{"start":{"line":63,"column":39},"end":{"line":68,"column":3}}]},"15":{"type":"branch","line":68,"loc":{"start":{"line":68,"column":2},"end":{"line":72,"column":46}},"locations":[{"start":{"line":68,"column":2},"end":{"line":72,"column":46}}]},"16":{"type":"branch","line":72,"loc":{"start":{"line":72,"column":46},"end":{"line":74,"column":3}},"locations":[{"start":{"line":72,"column":46},"end":{"line":74,"column":3}}]}},"b":{"0":[8],"1":[24],"2":[21],"3":[21],"4":[4],"5":[20],"6":[6],"7":[1],"8":[20],"9":[7],"10":[1],"11":[20],"12":[7],"13":[1],"14":[5],"15":[3],"16":[2]},"fnMap":{"0":{"name":"checkEssentialEnvVars","decl":{"start":{"line":36,"column":37},"end":{"line":75,"column":2}},"loc":{"start":{"line":36,"column":37},"end":{"line":75,"column":2}},"line":36}},"f":{"0":8}}
}
