TN:
SF:src/components/ui/badge-variants.ts
FNF:0
FNH:0
DA:2,1
DA:4,1
LF:2
LH:2
BRF:0
BRH:0
end_of_record
TN:
SF:src/components/ui/badge.tsx
FN:25,(anonymous_9)
FN:19,Badge
FNF:2
FNH:1
FNDA:0,(anonymous_9)
FNDA:6,Badge
DA:2,1
DA:3,1
DA:5,1
DA:20,6
DA:25,1
LF:5
LH:5
BRF:0
BRH:0
end_of_record
TN:
SF:src/components/ui/button.tsx
FN:43,(anonymous_9)
FNF:1
FNH:1
FNDA:6,(anonymous_9)
DA:1,1
DA:2,1
DA:3,1
DA:5,1
DA:7,1
DA:42,1
DA:44,6
DA:45,6
DA:54,1
DA:56,1
LF:10
LH:10
BRDA:43,0,0,6
BRDA:44,1,0,0
BRDA:44,1,1,6
BRF:3
BRH:2
end_of_record
TN:
SF:src/components/ui/tabs.tsx
FN:11,(anonymous_9)
FN:26,(anonymous_10)
FN:41,(anonymous_11)
FNF:3
FNH:3
FNDA:3,(anonymous_9)
FNDA:9,(anonymous_10)
FNDA:9,(anonymous_11)
DA:1,1
DA:2,1
DA:4,1
DA:6,1
DA:8,1
DA:12,3
DA:21,1
DA:23,1
DA:27,9
DA:36,1
DA:38,1
DA:42,9
DA:51,1
DA:53,1
LF:14
LH:14
BRF:0
BRH:0
end_of_record
TN:
SF:src/lib/utils.ts
FN:4,cn
FNF:1
FNH:1
FNDA:33,cn
DA:1,1
DA:2,1
DA:4,1
DA:5,33
LF:4
LH:4
BRF:0
BRH:0
end_of_record
TN:
SF:src/pages/EquipmentDetail.tsx
FN:152,EquipmentDetail
FN:180,(anonymous_1)
FN:182,(anonymous_2)
FN:197,(anonymous_3)
FN:200,(anonymous_4)
FN:239,(anonymous_5)
FN:242,(anonymous_6)
FN:284,(anonymous_7)
FN:299,(anonymous_8)
FN:335,(anonymous_9)
FN:383,(anonymous_10)
FN:383,(anonymous_11)
FN:396,(anonymous_12)
FN:396,(anonymous_13)
FNF:14
FNH:6
FNDA:3,EquipmentDetail
FNDA:0,(anonymous_1)
FNDA:2,(anonymous_2)
FNDA:0,(anonymous_3)
FNDA:0,(anonymous_4)
FNDA:9,(anonymous_5)
FNDA:0,(anonymous_6)
FNDA:30,(anonymous_7)
FNDA:30,(anonymous_8)
FNDA:15,(anonymous_9)
FNDA:0,(anonymous_10)
FNDA:0,(anonymous_11)
FNDA:0,(anonymous_12)
FNDA:0,(anonymous_13)
DA:2,1
DA:3,1
DA:4,1
DA:5,1
DA:6,1
DA:8,1
DA:9,1
DA:10,1
DA:12,1
DA:40,1
DA:152,1
DA:153,3
DA:154,3
DA:155,3
DA:156,3
DA:157,3
DA:158,3
DA:159,3
DA:160,3
DA:163,3
DA:165,3
DA:166,0
DA:180,3
DA:182,3
DA:183,2
DA:184,1
DA:185,1
DA:186,1
DA:187,1
DA:190,1
DA:191,1
DA:192,1
DA:196,1
DA:197,1
DA:200,3
DA:201,0
DA:202,0
DA:203,0
DA:209,0
DA:212,0
DA:216,0
DA:219,3
DA:240,9
DA:242,0
DA:285,30
DA:300,30
DA:336,15
DA:383,0
DA:396,0
LF:49
LH:39
BRDA:163,0,0,3
BRDA:163,0,1,0
BRDA:165,1,0,0
BRDA:183,2,0,1
BRDA:190,3,0,0
BRDA:201,4,0,0
BRDA:237,5,0,3
BRDA:237,5,1,3
BRDA:244,6,0,3
BRDA:244,6,1,6
BRDA:320,7,0,3
BRDA:320,7,1,3
BRDA:332,8,0,3
BRDA:332,8,1,3
BRDA:339,9,0,12
BRDA:339,9,1,3
BRDA:359,10,0,3
BRDA:359,10,1,0
BRDA:363,11,0,3
BRDA:363,11,1,3
BRDA:384,12,0,3
BRDA:384,12,1,0
BRDA:408,13,0,3
BRDA:408,13,1,2
BRDA:411,14,0,1
BRDA:411,14,1,2
BRDA:416,15,0,3
BRDA:416,15,1,2
BRDA:416,15,2,2
BRDA:421,16,0,0
BRDA:421,16,1,3
BRDA:437,17,0,3
BRDA:437,17,1,3
BRDA:448,18,0,3
BRDA:448,18,1,3
BRF:35
BRH:28
end_of_record
