TN:
SF:src/components/cart/GuestCheckoutModal.tsx
FN:36,GuestCheckoutModal
FN:46,handleSubmit
FN:71,render
FN:80,onChange
FN:97,render
FNF:5
FNH:5
FNDA:49,GuestCheckoutModal
FNDA:3,handleSubmit
FNDA:43,render
FNDA:8,onChange
FNDA:41,render
DA:1,1
DA:2,1
DA:3,1
DA:4,1
DA:5,1
DA:6,1
DA:7,1
DA:8,1
DA:9,1
DA:10,1
DA:11,1
DA:12,1
DA:13,1
DA:14,1
DA:15,1
DA:16,1
DA:17,1
DA:18,1
DA:19,1
DA:20,1
DA:21,1
DA:22,1
DA:23,1
DA:24,1
DA:25,1
DA:26,1
DA:27,1
DA:28,1
DA:29,1
DA:30,1
DA:31,1
DA:32,1
DA:33,1
DA:34,1
DA:35,1
DA:36,1
DA:37,49
DA:38,49
DA:39,49
DA:40,49
DA:41,49
DA:42,49
DA:43,49
DA:44,49
DA:45,49
DA:46,49
DA:47,3
DA:48,49
DA:49,49
DA:50,49
DA:51,49
DA:52,49
DA:53,49
DA:54,49
DA:55,49
DA:56,49
DA:57,47
DA:58,47
DA:59,47
DA:60,49
DA:61,49
DA:62,49
DA:63,0
DA:64,0
DA:65,0
DA:66,0
DA:67,49
DA:68,49
DA:69,49
DA:70,49
DA:71,49
DA:72,43
DA:73,43
DA:74,43
DA:75,43
DA:76,43
DA:77,43
DA:78,43
DA:79,43
DA:80,43
DA:81,8
DA:82,8
DA:83,8
DA:84,2
DA:85,2
DA:86,8
DA:87,8
DA:88,43
DA:89,43
DA:90,43
DA:91,43
DA:92,49
DA:93,49
DA:94,49
DA:95,49
DA:96,49
DA:97,49
DA:98,41
DA:99,41
DA:100,41
DA:101,41
DA:102,41
DA:103,41
DA:104,41
DA:105,41
DA:106,41
DA:107,41
DA:108,41
DA:109,49
DA:110,49
DA:111,49
DA:112,49
DA:113,49
DA:114,49
DA:115,49
DA:116,49
DA:117,49
DA:118,49
DA:119,49
DA:120,49
DA:121,49
DA:122,1
DA:123,1
LF:123
LH:119
BRDA:36,0,0,49
BRDA:56,1,0,47
BRDA:46,2,0,3
BRDA:71,3,0,43
BRDA:80,4,0,8
BRDA:83,5,0,2
BRDA:97,6,0,41
BRF:7
BRH:7
end_of_record
TN:
SF:src/components/ui/button.tsx
FNF:0
FNH:0
DA:1,1
DA:2,1
DA:3,1
DA:4,1
DA:5,1
DA:6,1
DA:7,1
DA:8,1
DA:9,1
DA:10,1
DA:11,1
DA:12,1
DA:13,1
DA:14,1
DA:15,1
DA:16,1
DA:17,1
DA:18,1
DA:19,1
DA:20,1
DA:21,1
DA:22,1
DA:23,1
DA:24,1
DA:25,1
DA:26,1
DA:27,1
DA:28,1
DA:29,1
DA:30,1
DA:31,1
DA:32,1
DA:33,1
DA:34,1
DA:35,1
DA:36,1
DA:37,1
DA:38,1
DA:39,1
DA:40,1
DA:41,1
DA:42,1
DA:43,1
DA:44,32
DA:45,32
DA:46,32
DA:47,32
DA:48,32
DA:49,32
DA:50,32
DA:51,32
DA:52,32
DA:53,1
DA:54,1
DA:55,1
DA:56,1
LF:56
LH:56
BRDA:43,0,0,32
BRDA:44,1,0,0
BRF:2
BRH:1
end_of_record
TN:
SF:src/components/ui/dialog.tsx
FN:54,DialogHeader
FN:68,DialogFooter
FNF:2
FNH:2
FNDA:32,DialogHeader
FNDA:32,DialogFooter
DA:1,1
DA:2,1
DA:3,1
DA:4,1
DA:5,1
DA:6,1
DA:7,1
DA:8,1
DA:9,1
DA:10,1
DA:11,1
DA:12,1
DA:13,1
DA:14,1
DA:15,1
DA:16,1
DA:17,1
DA:18,1
DA:19,49
DA:20,49
DA:21,49
DA:22,49
DA:23,49
DA:24,49
DA:25,49
DA:26,49
DA:27,1
DA:28,1
DA:29,1
DA:30,1
DA:31,1
DA:32,1
DA:33,1
DA:34,49
DA:35,49
DA:36,49
DA:37,49
DA:38,49
DA:39,49
DA:40,49
DA:41,49
DA:42,49
DA:43,49
DA:44,49
DA:45,49
DA:46,49
DA:47,49
DA:48,49
DA:49,49
DA:50,49
DA:51,1
DA:52,1
DA:53,1
DA:54,1
DA:55,32
DA:56,32
DA:57,32
DA:58,32
DA:59,32
DA:60,32
DA:61,32
DA:62,32
DA:63,32
DA:64,32
DA:65,1
DA:66,1
DA:67,1
DA:68,1
DA:69,32
DA:70,32
DA:71,32
DA:72,32
DA:73,32
DA:74,32
DA:75,32
DA:76,32
DA:77,32
DA:78,32
DA:79,1
DA:80,1
DA:81,1
DA:82,1
DA:83,1
DA:84,1
DA:85,1
DA:86,32
DA:87,32
DA:88,32
DA:89,32
DA:90,32
DA:91,32
DA:92,32
DA:93,32
DA:94,1
DA:95,1
DA:96,1
DA:97,1
DA:98,1
DA:99,1
DA:100,1
DA:101,0
DA:102,0
DA:103,0
DA:104,0
DA:105,0
DA:106,1
DA:107,1
DA:108,1
DA:109,1
DA:110,1
DA:111,1
DA:112,1
DA:113,1
DA:114,1
DA:115,1
DA:116,1
DA:117,1
DA:118,1
DA:119,1
DA:120,1
LF:120
LH:115
BRDA:18,0,0,49
BRDA:33,1,0,49
BRDA:54,2,0,32
BRDA:68,3,0,32
BRDA:85,4,0,32
BRF:5
BRH:5
end_of_record
TN:
SF:src/components/ui/form.tsx
FN:26,FormField
FN:34,useFormField
FNF:2
FNH:2
FNDA:64,FormField
FNDA:234,useFormField
DA:1,1
DA:2,1
DA:3,1
DA:4,1
DA:5,1
DA:6,1
DA:7,1
DA:8,1
DA:9,1
DA:10,1
DA:11,1
DA:12,1
DA:13,1
DA:14,1
DA:15,1
DA:16,1
DA:17,1
DA:18,1
DA:19,1
DA:20,1
DA:21,1
DA:22,1
DA:23,1
DA:24,1
DA:25,1
DA:26,1
DA:27,64
DA:28,64
DA:29,64
DA:30,64
DA:31,64
DA:32,64
DA:33,1
DA:34,1
DA:35,234
DA:36,234
DA:37,234
DA:38,234
DA:39,234
DA:40,234
DA:41,234
DA:42,0
DA:43,0
DA:44,234
DA:45,234
DA:46,0
DA:47,0
DA:48,234
DA:49,234
DA:50,234
DA:51,234
DA:52,234
DA:53,234
DA:54,234
DA:55,234
DA:56,234
DA:57,234
DA:58,234
DA:59,234
DA:60,1
DA:61,1
DA:62,1
DA:63,1
DA:64,1
DA:65,1
DA:66,1
DA:67,1
DA:68,1
DA:69,1
DA:70,1
DA:71,78
DA:72,78
DA:73,78
DA:74,78
DA:75,78
DA:76,78
DA:77,78
DA:78,78
DA:79,1
DA:80,1
DA:81,1
DA:82,1
DA:83,1
DA:84,1
DA:85,78
DA:86,78
DA:87,78
DA:88,78
DA:89,78
DA:90,78
DA:91,78
DA:92,78
DA:93,78
DA:94,78
DA:95,78
DA:96,1
DA:97,1
DA:98,1
DA:99,1
DA:100,1
DA:101,1
DA:102,78
DA:103,78
DA:104,78
DA:105,78
DA:106,78
DA:107,78
DA:108,78
DA:109,78
DA:110,77
DA:111,1
DA:112,78
DA:113,78
DA:114,78
DA:115,78
DA:116,78
DA:117,78
DA:118,1
DA:119,1
DA:120,1
DA:121,1
DA:122,1
DA:123,1
DA:124,0
DA:125,0
DA:126,0
DA:127,0
DA:128,0
DA:129,0
DA:130,0
DA:131,0
DA:132,0
DA:133,0
DA:134,0
DA:135,1
DA:136,1
DA:137,1
DA:138,1
DA:139,1
DA:140,1
DA:141,78
DA:142,78
DA:143,78
DA:144,78
DA:145,77
DA:146,77
DA:147,1
DA:148,1
DA:149,1
DA:150,1
DA:151,1
DA:152,1
DA:153,1
DA:154,1
DA:155,1
DA:156,1
DA:157,1
DA:158,1
DA:159,1
DA:160,1
DA:161,1
DA:162,1
DA:163,1
DA:164,1
DA:165,1
DA:166,1
DA:167,1
DA:168,1
DA:169,1
DA:170,1
LF:170
LH:155
BRDA:26,0,0,64
BRDA:34,1,0,234
BRDA:41,2,0,0
BRDA:45,3,0,0
BRDA:70,4,0,78
BRDA:84,5,0,78
BRDA:90,6,0,1
BRDA:101,7,0,78
BRDA:110,8,0,77
BRDA:111,9,0,1
BRDA:140,10,0,78
BRDA:142,11,0,1
BRDA:142,12,0,77
BRDA:144,13,0,77
BRDA:146,14,0,1
BRF:15
BRH:13
end_of_record
TN:
SF:src/components/ui/input.tsx
FNF:0
FNH:0
DA:1,1
DA:2,1
DA:3,1
DA:4,1
DA:5,1
DA:6,1
DA:7,78
DA:8,78
DA:9,78
DA:10,78
DA:11,78
DA:12,78
DA:13,78
DA:14,78
DA:15,78
DA:16,78
DA:17,78
DA:18,78
DA:19,78
DA:20,1
DA:21,1
DA:22,1
LF:22
LH:22
BRDA:6,0,0,78
BRF:1
BRH:1
end_of_record
TN:
SF:src/components/ui/label.tsx
FNF:0
FNH:0
DA:1,1
DA:2,1
DA:3,1
DA:4,1
DA:5,1
DA:6,1
DA:7,1
DA:8,1
DA:9,1
DA:10,1
DA:11,1
DA:12,1
DA:13,1
DA:14,1
DA:15,1
DA:16,78
DA:17,78
DA:18,78
DA:19,78
DA:20,78
DA:21,1
DA:22,1
DA:23,1
DA:24,1
LF:24
LH:24
BRDA:15,0,0,78
BRF:1
BRH:1
end_of_record
TN:
SF:src/hooks/useReactId.ts
FN:8,useReactId
FNF:1
FNH:1
FNDA:78,useReactId
DA:1,1
DA:2,1
DA:3,1
DA:4,1
DA:5,1
DA:6,1
DA:7,1
DA:8,1
DA:9,78
DA:10,78
DA:11,78
DA:12,0
DA:13,0
DA:14,0
DA:15,0
DA:16,0
DA:17,0
DA:18,0
LF:18
LH:11
BRDA:8,0,0,78
BRDA:11,1,0,0
BRF:2
BRH:1
end_of_record
TN:
SF:src/lib/utils.ts
FN:4,cn
FNF:1
FNH:1
FNDA:539,cn
DA:1,1
DA:2,1
DA:3,1
DA:4,1
DA:5,539
DA:6,539
LF:6
LH:6
BRDA:4,0,0,539
BRF:1
BRH:1
end_of_record
