[2025-08-08T17:31:25.438Z] ðŸš€ Automation Guardian (10m) starting
[2025-08-08T17:31:25.440Z] $ node automation/smoke-test-factory.cjs 
[2025-08-08T17:31:25.466Z] Smoke test factory created 0 agent(s).
[2025-08-08T17:31:25.466Z] $ npx eslint . --ext .js,.jsx,.ts,.tsx --fix
[2025-08-08T17:31:27.685Z] /workspace/automation/components/monetization/PaidConsultation.tsx
  8:7  error  Do not use an `<a>` element to navigate to `/contact/`. Use `<Link />` from `next/link` instead. See: https://nextjs.org/docs/messages/no-html-link-for-pages  @next/next/no-html-link-for-pages

/workspace/pages/_app.tsx
  1:8  warning  'EnhancedLayout' is defined but never used. Allowed unused vars must match /^_/u  @typescript-eslint/no-unused-vars

/workspace/pages/blog/5g-technology-and-its-impact-on-iot-chat.tsx
  22:16  error  Parsing error: An identifier or keyword cannot immediately follow a numeric literal

/workspace/utils/browserExtensionDetector.ts
  2:36  error  Parsing error: ',' expected

/workspace/utils/monetization/affiliate.ts
  1:41  error  Parsing error: ',' expected

/workspace/utils/supabase/client.ts
  3:7  warning  'supabaseUrl' is assigned a value but never used. Allowed unused vars must match /^_/u      @typescript-eslint/no-unused-vars
  5:7  warning  'supabaseAnonKey' is assigned a value but never used. Allowed unused vars must match /^_/u  @typescript-eslint/no-unused-vars

/workspace/utils/testing-system.ts
  2:61  error  Parsing error: ',' expected

/workspace/utils/testing-system.tsx
  5:30  error  Parsing error: ',' expected

âœ– 9 problems (6 errors, 3 warnings)
[2025-08-08T17:31:27.685Z] $ node automation/continuous-automation-improvement-system.js once
[2025-08-08T17:31:40.945Z] [2025-08-08T17:31:27.705Z] ðŸš€ Starting improvement pass
[2025-08-08T17:31:27.707Z] $ npx eslint . --ext .js,.jsx,.ts,.tsx --fix
[2025-08-08T17:31:29.814Z] Command failed: npx eslint . --ext .js,.jsx,.ts,.tsx --fix
[2025-08-08T17:31:29.814Z] 
/workspace/automation/components/monetization/PaidConsultation.tsx
  8:7  error  Do not use an `<a>` element to navigate to `/contact/`. Use `<Link />` from `next/link` instead. See: https://nextjs.org/docs/messages/no-html-link-for-pages  @next/next/no-html-link-for-pages

/workspace/pages/_app.tsx
  1:8  warning  'EnhancedLayout' is defined but never used. Allowed unused vars must match /^_/u  @typescript-eslint/no-unused-vars

/workspace/pages/blog/5g-technology-and-its-impact-on-iot-chat.tsx
  22:16  error  Parsing error: An identifier or keyword cannot immediately follow a numeric literal

/workspace/utils/browserExtensionDetector.ts
  2:36  error  Parsing error: ',' expected

/workspace/utils/monetization/affiliate.ts
  1:41  error  Parsing error: ',' expected

/workspace/utils/supabase/client.ts
  3:7  warning  'supabaseUrl' is assigned a value but never used. Allowed unused vars must match /^_/u      @typescript-eslint/no-unused-vars
  5:7  warning  'supabaseAnonKey' is assigned a value but never used. Allowed unused vars must match /^_/u  @typescript-eslint/no-unused-vars

/workspace/utils/testing-system.ts
  2:61  error  Parsing error: ',' expected

/workspace/utils/testing-system.tsx
  5:30  error  Parsing error: ',' expected

âœ– 9 problems (6 errors, 3 warnings)


[2025-08-08T17:31:29.814Z] $ node fix_typescript_syntax_errors.cjs
[2025-08-08T17:31:29.877Z] ðŸ”§ Fixing TypeScript syntax errors...
Processing: pages/services/web-application-development-chat.tsx
Processing: pages/services/ui-ux-design-chat.tsx
Processing: pages/services/technical-documentation-chat.tsx
Processing: pages/services/system-administration-chat.tsx
Processing: pages/services/security-auditing-chat.tsx
Processing: pages/services/quality-assurance-testing-chat.tsx
Processing: pages/services/performance-optimization-chat.tsx
Processing: pages/services/network-security-chat.tsx
Processing: pages/services/mobile-app-development-chat.tsx
Processing: pages/services/database-design-chat.tsx
Processing: pages/services/data-pipeline-engineering-chat.tsx
Processing: pages/services/cloud-migration-services-chat.tsx
Processing: pages/services/business-intelligence-chat.tsx
Processing: pages/services/api-development-chat.tsx
Processing: pages/services/ai-model-development-chat.tsx
Processing: pages/category/web-development-chat.tsx
Processing: pages/category/ui-ux-design-chat.tsx
Processing: pages/category/technical-writing-chat.tsx
Processing: pages/category/system-administration-chat.tsx
Processing: pages/category/quality-assurance-chat.tsx
Processing: pages/category/product-management-chat.tsx
Processing: pages/category/network-engineering-chat.tsx
Processing: pages/category/mobile-development-chat.tsx
Processing: pages/category/devops-automation-chat.tsx
Processing: pages/category/database-administration-chat.tsx
Processing: pages/category/data-science-chat.tsx
Processing: pages/category/cybersecurity-chat.tsx
Processing: pages/category/cloud-architecture-chat.tsx
Processing: pages/category/business-intelligence-chat.tsx
Processing: pages/category/ai-consulting-chat.tsx
Processing: pages/blog/the-rise-of-edge-computing-in-iot-applications-chat.tsx
Processing: pages/blog/sustainable-technology-green-computing-solutions-chat.tsx
Processing: pages/blog/quantum-computing-implications-for-business-chat.tsx
Processing: pages/blog/microservices-architecture-benefits-and-challenges-chat.tsx
Processing: pages/blog/machine-learning-applications-in-enterprise-software-chat.tsx
Processing: pages/blog/digital-twins-revolutionizing-industry-4-0-chat.tsx
Processing: pages/blog/devops-automation-strategies-for-modern-teams-chat.tsx
Processing: pages/blog/data-analytics-in-digital-transformation-chat.tsx
Processing: pages/blog/cybersecurity-trends-for-2024-and-beyond-chat.tsx
Processing: pages/blog/cloud-native-architecture-best-practices-chat.tsx
Processing: pages/blog/blockchain-technology-in-modern-business-solutions-chat.tsx
Processing: pages/blog/augmented-reality-in-enterprise-applications-chat.tsx
Processing: pages/blog/api-first-development-building-scalable-systems-chat.tsx
Processing: pages/blog/ai-powered-marketplaces-the-future-of-digital-commerce-chat.tsx
Processing: pages/blog/5g-technology-and-its-impact-on-iot-chat.tsx
âœ… TypeScript syntax error fixing completed
[2025-08-08T17:31:29.877Z] $ node fix_all_typescript_errors.cjs
[2025-08-08T17:31:29.929Z] ðŸ”§ Fixing all TypeScript syntax errors...
Processing: utils/testing-system.tsx
Processing: utils/testing-system.ts
Processing: utils/sanitizeHtml.ts
Processing: utils/messageChannelHandler.ts
Processing: utils/browserExtensionDetector.ts
Processing: utils/auth-utils.ts
Processing: utils/types/service.ts
Processing: utils/supabase/server.ts
Processing: utils/supabase/middleware.ts
Processing: utils/supabase/client.ts
Processing: utils/monetization/affiliate.ts
Processing: utils/data/services.ts
Processing: utils/api/quoteRequests.ts
âœ… All TypeScript syntax error fixing completed
[2025-08-08T17:31:29.930Z] $ node comprehensive_fix.cjs
[2025-08-08T17:31:29.956Z] Fixing corrupted TypeScript files with proper templates...
Fixed: pages/404.tsx
Fixed: pages/_app.tsx
Fixed: pages/_document.tsx
Fixed: pages/about.tsx
Fixed: pages/admin/automation-status.tsx
Fixed: pages/api/admin/automation-status.ts
Fixed: pages/api/ai-capacity-planning.ts
Fixed: pages/api/ai-change-management.ts
Fixed: pages/api/ai-contract.ts
Fixed: pages/api/ai-workspace-suggestions.ts
Fixed: pages/api/analytics-api.ts
Fixed: pages/api/analyze-quote-request.ts
Fixed: pages/api/analyze-service-request.ts
Fixed: pages/auth/callback.tsx
Fixed: pages/auth/forgot-password.tsx
Fixed: pages/auth/index.tsx
Fixed: pages/auth/reset-password.tsx
Fixed: pages/auth/verify.tsx
Fixed: pages/auto/auto-update-2025-08-08t16-07-55-171z.tsx
Fixed: pages/auto/auto-update-2025-08-08t16-10-20-249z.tsx
Fixed: pages/auto/auto-update-2025-08-08t16-30-00-086z.tsx
Fixed: pages/auto/auto-update-2025-08-08t16-30-20-949z.tsx
Fixed: pages/auto/auto-update-2025-08-08t16-38-19-257z.tsx
Fixed: pages/auto/auto-update-2025-08-08t16-49-54-200z.tsx
Fixed: pages/auto/auto-update-2025-08-08t17-23-07-688z.tsx
Fixed: pages/automation/index.tsx
Fixed: pages/blockchain-solutions.tsx
Fixed: pages/blog/5g-technology-and-its-impact-on-iot-chat.tsx
Fixed: pages/blog/ai-powered-marketplaces-the-future-of-digital-commerce-chat.tsx
Fixed: pages/blog/api-first-development-building-scalable-systems-chat.tsx
Fixed: pages/blog/augmented-reality-in-enterprise-applications-chat.tsx
Fixed: pages/blog/blockchain-technology-in-modern-business-solutions-chat.tsx
Fixed: pages/blog/cloud-native-architecture-best-practices-chat.tsx
Fixed: pages/blog/cybersecurity-trends-for-2024-and-beyond-chat.tsx
Fixed: pages/blog/data-analytics-in-digital-transformation-chat.tsx
Fixed: pages/blog/devops-automation-strategies-for-modern-teams-chat.tsx
Fixed: pages/blog/digital-twins-revolutionizing-industry-4-0-chat.tsx
Fixed: pages/blog/index.tsx
Fixed: pages/blog/machine-learning-applications-in-enterprise-software-chat.tsx
Fixed: pages/blog/microservices-architecture-benefits-and-challenges-chat.tsx
Fixed: pages/blog/quantum-computing-implications-for-business-chat.tsx
Fixed: pages/blog/sustainable-technology-green-computing-solutions-chat.tsx
Fixed: pages/blog/the-rise-of-edge-computing-in-iot-applications-chat.tsx
Fixed: pages/category/ai-consulting-chat.tsx
Fixed: pages/category/business-intelligence-chat.tsx
Fixed: pages/category/cloud-architecture-chat.tsx
Fixed: pages/category/cybersecurity-chat.tsx
Fixed: pages/category/data-science-chat.tsx
Fixed: pages/category/database-administration-chat.tsx
Fixed: pages/category/devops-automation-chat.tsx
Fixed: pages/category/mobile-development-chat.tsx
Fixed: pages/category/network-engineering-chat.tsx
Fixed: pages/category/product-management-chat.tsx
Fixed: pages/category/quality-assurance-chat.tsx
Fixed: pages/category/system-administration-chat.tsx
Fixed: pages/category/technical-writing-chat.tsx
Fixed: pages/category/ui-ux-design-chat.tsx
Fixed: pages/category/web-development-chat.tsx
Fixed: pages/chat-content/ai-powered-business-solutions-discussion.tsx
Fixed: pages/chat-content/cloud-computing-strategies.tsx
Fixed: pages/chat-content/cybersecurity-best-practices.tsx
Fixed: pages/chat-content/data-analytics-implementation.tsx
Fixed: pages/chat-content/digital-transformation-insights.tsx
Fixed: pages/chat-content/emerging-technology-trends.tsx
Fixed: pages/chat-content/future-of-work-and-automation.tsx
Fixed: pages/chat-content/innovation-in-enterprise-technology.tsx
Fixed: pages/chat-content/sustainable-technology-practices.tsx
Fixed: pages/chat-content/technology-implementation-strategies.tsx
Fixed: pages/contact.tsx
Fixed: pages/enhanced-home.tsx
Fixed: pages/index.tsx
Fixed: pages/iot-platforms.tsx
Fixed: pages/products/index.tsx
Fixed: pages/services/ai-model-development-chat.tsx
Fixed: pages/services/ai-seo-auditor.tsx
Fixed: pages/services/api-development-chat.tsx
Fixed: pages/services/business-intelligence-chat.tsx
Fixed: pages/services/cloud-migration-services-chat.tsx
Fixed: pages/services/customer-support-chatbot.tsx
Fixed: pages/services/data-pipeline-engineering-chat.tsx
Fixed: pages/services/database-design-chat.tsx
Fixed: pages/services/index.tsx
Fixed: pages/services/instagram-content-scheduler.tsx
Fixed: pages/services/landing-page-generator.tsx
Fixed: pages/services/mobile-app-development-chat.tsx
Fixed: pages/services/network-security-chat.tsx
Fixed: pages/services/performance-optimization-chat.tsx
Fixed: pages/services/price-intelligence-service.tsx
Fixed: pages/services/quality-assurance-testing-chat.tsx
Fixed: pages/services/security-auditing-chat.tsx
Fixed: pages/services/system-administration-chat.tsx
Fixed: pages/services/technical-documentation-chat.tsx
Fixed: pages/services/ui-ux-design-chat.tsx
Fixed: pages/services/web-application-development-chat.tsx
Fixed: pages/talent/[slug].tsx
Fixed: pages/talent/index.tsx
Fixed: components/Layout.tsx
Fixed: components/layout/AuthLayout.tsx
Fixed: components/layout/EnhancedFooter.tsx
Fixed: components/layout/EnhancedLayout.tsx
Fixed: components/layout/EnhancedNavigation.tsx
Fixed: components/monetization/PaidConsultation.tsx
Fixed: components/ui/AnimatedBackground.tsx
Fixed: components/ui/EnhancedButton.tsx
Fixed: components/ui/EnhancedCard.tsx
Fixed: components/ui/EnhancedLoading.tsx
Fixed: components/ui/EnhancedMarketplaceCard.tsx
Fixed: components/ui/FuturisticCard.tsx
Fixed: components/ui/FuturisticHero.tsx
Fixed: components/ui/GlassmorphismCard.tsx
Fixed: components/ui/InteractiveNavigation.tsx
Fixed: components/ui/InteractiveSearch.tsx
Fixed: components/ui/InteractiveStats.tsx
Fixed: components/ui/NotificationSystem.tsx
Fixed: components/ui/UserEngagementSystem.tsx
Finished fixing corrupted files with proper templates.
[2025-08-08T17:31:29.956Z] $ node fix_unused_imports.cjs
[2025-08-08T17:31:30.006Z] ðŸ”§ Fixing unused imports...
Processing: pages/services/web-application-development-chat.tsx
Processing: pages/services/ui-ux-design-chat.tsx
Processing: pages/services/technical-documentation-chat.tsx
Processing: pages/services/system-administration-chat.tsx
Processing: pages/services/security-auditing-chat.tsx
Processing: pages/services/quality-assurance-testing-chat.tsx
Processing: pages/services/performance-optimization-chat.tsx
Processing: pages/services/network-security-chat.tsx
Processing: pages/services/mobile-app-development-chat.tsx
Processing: pages/services/database-design-chat.tsx
Processing: pages/services/data-pipeline-engineering-chat.tsx
Processing: pages/services/cloud-migration-services-chat.tsx
Processing: pages/services/business-intelligence-chat.tsx
Processing: pages/services/api-development-chat.tsx
Processing: pages/services/ai-model-development-chat.tsx
Processing: pages/category/web-development-chat.tsx
Processing: pages/category/ui-ux-design-chat.tsx
Processing: pages/category/technical-writing-chat.tsx
Processing: pages/category/system-administration-chat.tsx
Processing: pages/category/quality-assurance-chat.tsx
Processing: pages/category/product-management-chat.tsx
Processing: pages/category/network-engineering-chat.tsx
Processing: pages/category/mobile-development-chat.tsx
Processing: pages/category/devops-automation-chat.tsx
Processing: pages/category/database-administration-chat.tsx
Processing: pages/category/data-science-chat.tsx
Processing: pages/category/cybersecurity-chat.tsx
Processing: pages/category/cloud-architecture-chat.tsx
Processing: pages/category/business-intelligence-chat.tsx
Processing: pages/category/ai-consulting-chat.tsx
Processing: pages/blog/the-rise-of-edge-computing-in-iot-applications-chat.tsx
Processing: pages/blog/sustainable-technology-green-computing-solutions-chat.tsx
Processing: pages/blog/quantum-computing-implications-for-business-chat.tsx
Processing: pages/blog/microservices-architecture-benefits-and-challenges-chat.tsx
Processing: pages/blog/machine-learning-applications-in-enterprise-software-chat.tsx
Processing: pages/blog/digital-twins-revolutionizing-industry-4-0-chat.tsx
Processing: pages/blog/devops-automation-strategies-for-modern-teams-chat.tsx
Processing: pages/blog/data-analytics-in-digital-transformation-chat.tsx
Processing: pages/blog/cybersecurity-trends-for-2024-and-beyond-chat.tsx
Processing: pages/blog/cloud-native-architecture-best-practices-chat.tsx
Processing: pages/blog/blockchain-technology-in-modern-business-solutions-chat.tsx
Processing: pages/blog/augmented-reality-in-enterprise-applications-chat.tsx
Processing: pages/blog/api-first-development-building-scalable-systems-chat.tsx
Processing: pages/blog/ai-powered-marketplaces-the-future-of-digital-commerce-chat.tsx
Processing: pages/blog/5g-technology-and-its-impact-on-iot-chat.tsx
âœ… Unused import fixing completed
[2025-08-08T17:31:30.007Z] $ node final_fix.cjs
[2025-08-08T17:31:30.034Z] Fixing corrupted TypeScript files with proper templates...
Fixed: pages/404.tsx
Fixed: pages/_app.tsx
Fixed: pages/_document.tsx
Fixed: pages/about.tsx
Fixed: pages/admin/automation-status.tsx
Fixed: pages/api/admin/automation-status.ts
Fixed: pages/api/ai-capacity-planning.ts
Fixed: pages/api/ai-change-management.ts
Fixed: pages/api/ai-contract.ts
Fixed: pages/api/ai-workspace-suggestions.ts
Fixed: pages/api/analytics-api.ts
Fixed: pages/api/analyze-quote-request.ts
Fixed: pages/api/analyze-service-request.ts
Fixed: pages/auth/callback.tsx
Fixed: pages/auth/forgot-password.tsx
Fixed: pages/auth/index.tsx
Fixed: pages/auth/reset-password.tsx
Fixed: pages/auth/verify.tsx
Fixed: pages/auto/auto-update-2025-08-08t16-07-55-171z.tsx
Fixed: pages/auto/auto-update-2025-08-08t16-10-20-249z.tsx
Fixed: pages/auto/auto-update-2025-08-08t16-30-00-086z.tsx
Fixed: pages/auto/auto-update-2025-08-08t16-30-20-949z.tsx
Fixed: pages/auto/auto-update-2025-08-08t16-38-19-257z.tsx
Fixed: pages/auto/auto-update-2025-08-08t16-49-54-200z.tsx
Fixed: pages/auto/auto-update-2025-08-08t17-23-07-688z.tsx
Fixed: pages/automation/index.tsx
Fixed: pages/blockchain-solutions.tsx
Fixed: pages/blog/5g-technology-and-its-impact-on-iot-chat.tsx
Fixed: pages/blog/ai-powered-marketplaces-the-future-of-digital-commerce-chat.tsx
Fixed: pages/blog/api-first-development-building-scalable-systems-chat.tsx
Fixed: pages/blog/augmented-reality-in-enterprise-applications-chat.tsx
Fixed: pages/blog/blockchain-technology-in-modern-business-solutions-chat.tsx
Fixed: pages/blog/cloud-native-architecture-best-practices-chat.tsx
Fixed: pages/blog/cybersecurity-trends-for-2024-and-beyond-chat.tsx
Fixed: pages/blog/data-analytics-in-digital-transformation-chat.tsx
Fixed: pages/blog/devops-automation-strategies-for-modern-teams-chat.tsx
Fixed: pages/blog/digital-twins-revolutionizing-industry-4-0-chat.tsx
Fixed: pages/blog/index.tsx
Fixed: pages/blog/machine-learning-applications-in-enterprise-software-chat.tsx
Fixed: pages/blog/microservices-architecture-benefits-and-challenges-chat.tsx
Fixed: pages/blog/quantum-computing-implications-for-business-chat.tsx
Fixed: pages/blog/sustainable-technology-green-computing-solutions-chat.tsx
Fixed: pages/blog/the-rise-of-edge-computing-in-iot-applications-chat.tsx
Fixed: pages/category/ai-consulting-chat.tsx
Fixed: pages/category/business-intelligence-chat.tsx
Fixed: pages/category/cloud-architecture-chat.tsx
Fixed: pages/category/cybersecurity-chat.tsx
Fixed: pages/category/data-science-chat.tsx
Fixed: pages/category/database-administration-chat.tsx
Fixed: pages/category/devops-automation-chat.tsx
Fixed: pages/category/mobile-development-chat.tsx
Fixed: pages/category/network-engineering-chat.tsx
Fixed: pages/category/product-management-chat.tsx
Fixed: pages/category/quality-assurance-chat.tsx
Fixed: pages/category/system-administration-chat.tsx
Fixed: pages/category/technical-writing-chat.tsx
Fixed: pages/category/ui-ux-design-chat.tsx
Fixed: pages/category/web-development-chat.tsx
Fixed: pages/chat-content/ai-powered-business-solutions-discussion.tsx
Fixed: pages/chat-content/cloud-computing-strategies.tsx
Fixed: pages/chat-content/cybersecurity-best-practices.tsx
Fixed: pages/chat-content/data-analytics-implementation.tsx
Fixed: pages/chat-content/digital-transformation-insights.tsx
Fixed: pages/chat-content/emerging-technology-trends.tsx
Fixed: pages/chat-content/future-of-work-and-automation.tsx
Fixed: pages/chat-content/innovation-in-enterprise-technology.tsx
Fixed: pages/chat-content/sustainable-technology-practices.tsx
Fixed: pages/chat-content/technology-implementation-strategies.tsx
Fixed: pages/contact.tsx
Fixed: pages/enhanced-home.tsx
Fixed: pages/index.tsx
Fixed: pages/iot-platforms.tsx
Fixed: pages/products/index.tsx
Fixed: pages/services/ai-model-development-chat.tsx
Fixed: pages/services/ai-seo-auditor.tsx
Fixed: pages/services/api-development-chat.tsx
Fixed: pages/services/business-intelligence-chat.tsx
Fixed: pages/services/cloud-migration-services-chat.tsx
Fixed: pages/services/customer-support-chatbot.tsx
Fixed: pages/services/data-pipeline-engineering-chat.tsx
Fixed: pages/services/database-design-chat.tsx
Fixed: pages/services/index.tsx
Fixed: pages/services/instagram-content-scheduler.tsx
Fixed: pages/services/landing-page-generator.tsx
Fixed: pages/services/mobile-app-development-chat.tsx
Fixed: pages/services/network-security-chat.tsx
Fixed: pages/services/performance-optimization-chat.tsx
Fixed: pages/services/price-intelligence-service.tsx
Fixed: pages/services/quality-assurance-testing-chat.tsx
Fixed: pages/services/security-auditing-chat.tsx
Fixed: pages/services/system-administration-chat.tsx
Fixed: pages/services/technical-documentation-chat.tsx
Fixed: pages/services/ui-ux-design-chat.tsx
Fixed: pages/services/web-application-development-chat.tsx
Fixed: pages/talent/[slug].tsx
Fixed: pages/talent/index.tsx
Fixed: components/Layout.tsx
Fixed: components/layout/AuthLayout.tsx
Fixed: components/layout/EnhancedFooter.tsx
Fixed: components/layout/EnhancedLayout.tsx
Fixed: components/layout/EnhancedNavigation.tsx
Fixed: components/monetization/PaidConsultation.tsx
Fixed: components/ui/AnimatedBackground.tsx
Fixed: components/ui/EnhancedButton.tsx
Fixed: components/ui/EnhancedCard.tsx
Fixed: components/ui/EnhancedLoading.tsx
Fixed: components/ui/EnhancedMarketplaceCard.tsx
Fixed: components/ui/FuturisticCard.tsx
Fixed: components/ui/FuturisticHero.tsx
Fixed: components/ui/GlassmorphismCard.tsx
Fixed: components/ui/InteractiveNavigation.tsx
Fixed: components/ui/InteractiveSearch.tsx
Fixed: components/ui/InteractiveStats.tsx
Fixed: components/ui/NotificationSystem.tsx
Fixed: components/ui/UserEngagementSystem.tsx
Finished fixing corrupted files with proper templates.
[2025-08-08T17:31:30.035Z] $ npm run type-check
[2025-08-08T17:31:30.886Z] Command failed: npm run type-check
[2025-08-08T17:31:30.886Z] 
> bolt.new.zion.app@0.1.0 type-check
> tsc --noEmit

pages/blog/5g-technology-and-its-impact-on-iot-chat.tsx(5,7): error TS1134: Variable declaration expected.
pages/blog/5g-technology-and-its-impact-on-iot-chat.tsx(5,8): error TS1005: ';' expected.
pages/blog/5g-technology-and-its-impact-on-iot-chat.tsx(5,8): error TS1351: An identifier or keyword cannot immediately follow a numeric literal.
pages/blog/5g-technology-and-its-impact-on-iot-chat.tsx(22,17): error TS1351: An identifier or keyword cannot immediately follow a numeric literal.
utils/browserExtensionDetector.ts(2,37): error TS1005: ',' expected.
utils/browserExtensionDetector.ts(2,47): error TS1005: ':' expected.
utils/monetization/affiliate.ts(1,42): error TS1005: ',' expected.
utils/testing-system.ts(2,62): error TS1005: ',' expected.
utils/testing-system.ts(2,64): error TS1003: Identifier expected.
utils/testing-system.ts(2,72): error TS1003: Identifier expected.
utils/testing-system.ts(2,74): error TS1003: Identifier expected.
utils/testing-system.ts(2,81): error TS1003: Identifier expected.
utils/testing-system.ts(2,83): error TS1003: Identifier expected.

[2025-08-08T17:31:30.886Z] Type-check failed. Running an additional lint --fix pass.
[2025-08-08T17:31:30.886Z] $ npx eslint . --ext .js,.jsx,.ts,.tsx --fix
[2025-08-08T17:31:32.962Z] Command failed: npx eslint . --ext .js,.jsx,.ts,.tsx --fix
[2025-08-08T17:31:32.962Z] 
/workspace/automation/components/monetization/PaidConsultation.tsx
  8:7  error  Do not use an `<a>` element to navigate to `/contact/`. Use `<Link />` from `next/link` instead. See: https://nextjs.org/docs/messages/no-html-link-for-pages  @next/next/no-html-link-for-pages

/workspace/pages/blog/5g-technology-and-its-impact-on-iot-chat.tsx
  5:7  error  Parsing error: An identifier or keyword cannot immediately follow a numeric literal

/workspace/utils/browserExtensionDetector.ts
  2:36  error  Parsing error: ',' expected

/workspace/utils/monetization/affiliate.ts
  1:41  error  Parsing error: ',' expected

/workspace/utils/supabase/client.ts
  3:7  warning  'supabaseUrl' is assigned a value but never used. Allowed unused vars must match /^_/u      @typescript-eslint/no-unused-vars
  5:7  warning  'supabaseAnonKey' is assigned a value but never used. Allowed unused vars must match /^_/u  @typescript-eslint/no-unused-vars

/workspace/utils/testing-system.ts
  2:61  error  Parsing error: ',' expected

/workspace/utils/testing-system.tsx
  5:30  error  Parsing error: ',' expected

âœ– 8 problems (6 errors, 2 warnings)


[2025-08-08T17:31:32.962Z] $ npm run build
[2025-08-08T17:31:37.649Z] Command failed: npm run build
[2025-08-08T17:31:37.649Z] 
> bolt.new.zion.app@0.1.0 build
> NODE_OPTIONS=--openssl-legacy-provider next build

info  - Using webpack 5. Reason: Enabled by default https://nextjs.org/docs/messages/webpack5
Attention: Next.js now collects completely anonymous telemetry regarding usage.
This information is used to shape Next.js' roadmap and prioritize features.
You can learn more, including how to opt-out if you'd not like to participate in this anonymous program, by visiting the following URL:
https://nextjs.org/telemetry

info  - Skipping validation of types...
info  - Creating an optimized production build...

[2025-08-08T17:31:37.649Z] Build failed. Attempting another syntax fix pass.
[2025-08-08T17:31:37.649Z] $ node fix_typescript_syntax_errors.cjs
[2025-08-08T17:31:37.703Z] ðŸ”§ Fixing TypeScript syntax errors...
Processing: pages/services/web-application-development-chat.tsx
Processing: pages/services/ui-ux-design-chat.tsx
Processing: pages/services/technical-documentation-chat.tsx
Processing: pages/services/system-administration-chat.tsx
Processing: pages/services/security-auditing-chat.tsx
Processing: pages/services/quality-assurance-testing-chat.tsx
Processing: pages/services/performance-optimization-chat.tsx
Processing: pages/services/network-security-chat.tsx
Processing: pages/services/mobile-app-development-chat.tsx
Processing: pages/services/database-design-chat.tsx
Processing: pages/services/data-pipeline-engineering-chat.tsx
Processing: pages/services/cloud-migration-services-chat.tsx
Processing: pages/services/business-intelligence-chat.tsx
Processing: pages/services/api-development-chat.tsx
Processing: pages/services/ai-model-development-chat.tsx
Processing: pages/category/web-development-chat.tsx
Processing: pages/category/ui-ux-design-chat.tsx
Processing: pages/category/technical-writing-chat.tsx
Processing: pages/category/system-administration-chat.tsx
Processing: pages/category/quality-assurance-chat.tsx
Processing: pages/category/product-management-chat.tsx
Processing: pages/category/network-engineering-chat.tsx
Processing: pages/category/mobile-development-chat.tsx
Processing: pages/category/devops-automation-chat.tsx
Processing: pages/category/database-administration-chat.tsx
Processing: pages/category/data-science-chat.tsx
Processing: pages/category/cybersecurity-chat.tsx
Processing: pages/category/cloud-architecture-chat.tsx
Processing: pages/category/business-intelligence-chat.tsx
Processing: pages/category/ai-consulting-chat.tsx
Processing: pages/blog/the-rise-of-edge-computing-in-iot-applications-chat.tsx
Processing: pages/blog/sustainable-technology-green-computing-solutions-chat.tsx
Processing: pages/blog/quantum-computing-implications-for-business-chat.tsx
Processing: pages/blog/microservices-architecture-benefits-and-challenges-chat.tsx
Processing: pages/blog/machine-learning-applications-in-enterprise-software-chat.tsx
Processing: pages/blog/digital-twins-revolutionizing-industry-4-0-chat.tsx
Processing: pages/blog/devops-automation-strategies-for-modern-teams-chat.tsx
Processing: pages/blog/data-analytics-in-digital-transformation-chat.tsx
Processing: pages/blog/cybersecurity-trends-for-2024-and-beyond-chat.tsx
Processing: pages/blog/cloud-native-architecture-best-practices-chat.tsx
Processing: pages/blog/blockchain-technology-in-modern-business-solutions-chat.tsx
Processing: pages/blog/augmented-reality-in-enterprise-applications-chat.tsx
Processing: pages/blog/api-first-development-building-scalable-systems-chat.tsx
Processing: pages/blog/ai-powered-marketplaces-the-future-of-digital-commerce-chat.tsx
Processing: pages/blog/5g-technology-and-its-impact-on-iot-chat.tsx
  Fixed variable name: 5gTechnologyAndItsImpactOnIotChat -> Chat5gTechnologyAndItsImpactOnIotChat
âœ… Fixed syntax errors in: pages/blog/5g-technology-and-its-impact-on-iot-chat.tsx
âœ… TypeScript syntax error fixing completed
[2025-08-08T17:31:37.703Z] $ npm run build
[2025-08-08T17:31:39.831Z] Command failed: npm run build
[2025-08-08T17:31:39.831Z] 
> bolt.new.zion.app@0.1.0 build
> NODE_OPTIONS=--openssl-legacy-provider next build

info  - Using webpack 5. Reason: Enabled by default https://nextjs.org/docs/messages/webpack5
info  - Skipping validation of types...
info  - Creating an optimized production build...

[2025-08-08T17:31:39.831Z] $ node automation/git-sync.cjs
[2025-08-08T17:31:40.941Z] [git-sync 2025-08-08T17:31:40.937Z] Nothing to commit after staging.
[2025-08-08T17:31:40.941Z] âœ… Improvement pass finished
[2025-08-08T17:31:40.945Z] $ node automation/monetization-orchestrator.cjs once
[2025-08-08T17:31:40.975Z] Command failed: node automation/monetization-orchestrator.cjs once
/workspace/automation/monetization-orchestrator.cjs:10
<<<<<<< HEAD
^^

SyntaxError: Unexpected token '<<'
    at wrapSafe (node:internal/modules/cjs/loader:1662:18)
    at Module._compile (node:internal/modules/cjs/loader:1704:20)
    at Object..js (node:internal/modules/cjs/loader:1895:10)
    at Module.load (node:internal/modules/cjs/loader:1465:32)
    at Function._load (node:internal/modules/cjs/loader:1282:12)
    at TracingChannel.traceSync (node:diagnostics_channel:322:14)
    at wrapModuleLoad (node:internal/modules/cjs/loader:235:24)
    at Function.executeUserEntryPoint [as runMain] (node:internal/modules/run_main:171:5)
    at node:internal/main/run_main_module:36:49

Node.js v22.16.0
[2025-08-08T17:31:40.976Z] $ node automation/revenue-ideas-orchestrator.cjs once
[2025-08-08T17:31:41.129Z] ðŸš€ Revenue ideas orchestrator started
â–¶ node /workspace/automation/revenue-ideas-analyzer.cjs
â–¶ node /workspace/automation/revenue-ideas-factory.cjs
â–¶ node /workspace/automation/revenue-ideas-agents/add_contact_sales_cta_on_enterprise_pages.cjs
â–¶ node /workspace/automation/revenue-ideas-agents/add_newsletter_paywall_teaser_on_long_posts.cjs
â–¶ node /workspace/automation/revenue-ideas-agents/create_affiliate_link_wrappers_for_blog_posts.cjs
â–¶ node /workspace/automation/revenue-ideas-agents/generate_paid_consultation_booking_component.cjs
â–¶ node /workspace/automation/revenue-ideas-agents/introduce_pricing_cta_sections_on_high_traffic_pages.cjs
[2025-08-08T17:31:41.129Z] $ node automation/venture-orchestrator.cjs once
[2025-08-08T17:31:41.235Z] ðŸš€ Venture orchestrator started
â–¶ node /workspace/automation/venture-services-analyzer.cjs
â–¶ node /workspace/automation/venture-services-factory.cjs
â–¶ node /workspace/automation/ads-generator.cjs
â–¶ node /workspace/automation/service-sales-agents-factory.cjs
[2025-08-08T17:31:41.235Z] $ node automation/ui-evolution-launcher.js once
[2025-08-08T17:31:41.319Z] ðŸš€ UI evolution orchestrator started
â–¶ node /workspace/automation/ui-evolution-analyzer.cjs
â–¶ node /workspace/automation/ui-evolution-factory.cjs
[2025-08-08T17:31:41.319Z] $ node automation/spec-dev-orchestrator.cjs once
[2025-08-08T17:31:47.929Z] ðŸš€ Spec-dev orchestrator started
â–¶ node /workspace/automation/spec-dev-chat-fetcher.cjs
â–¶ node /workspace/automation/spec-dev-site-crawler.cjs
â–¶ node /workspace/automation/spec-dev-analyzer.cjs
â–¶ node /workspace/automation/spec-dev-factory.cjs
â–¶ node /workspace/automation/homepage-promo-analyzer.cjs
â–¶ node /workspace/automation/homepage-promo-factory.cjs
â–¶ node /workspace/automation/homepage-promo-applier.cjs
[2025-08-08T17:31:47.929Z] $ node automation/frontend-sync-autonomous-orchestrator.cjs once 0
[2025-08-08T17:31:48.278Z] ðŸš€ Frontend sync autonomous orchestrator started
â–¶ node /workspace/automation/frontend-sync-autonomous-analyzer.cjs
â–¶ node /workspace/automation/frontend-sync-autonomous-factory.cjs
â–¶ node /workspace/automation/frontend-sync-autonomous-agents/rebuild_sitemap.cjs
â–¶ node /workspace/automation/frontend-sync-autonomous-agents/refresh_auto_pages.cjs
â–¶ node /workspace/automation/frontend-sync-autonomous-agents/refresh_styles.cjs
â–¶ node /workspace/automation/frontend-sync-autonomous-agents/sync_content_metadata.cjs
â–¶ node /workspace/automation/frontend-sync-autonomous-agents/sync_pages_components.cjs
âœ… Executed 5 autonomous frontend sync agents
[2025-08-08T17:31:48.278Z] $ node automation/alignment-dev-factory.cjs 
[2025-08-08T17:31:48.304Z] Generated alignment tickets
[2025-08-08T17:31:48.304Z] $ node automation/alignment-factory.cjs 
[2025-08-08T17:31:48.360Z] Created 0 alignment agent scripts
[2025-08-08T17:31:48.360Z] $ node automation/automation-factory.cjs 
[2025-08-08T17:31:48.389Z] Usage: node automation-factory.js [generate|run|list|continuous] [script-name]

Commands:
  generate    - Generate all automation scripts
  run         - Run all scripts or specific script
  list        - List all available scripts
  continuous  - Start continuous automation mode
[2025-08-08T17:31:48.389Z] $ node automation/autonomous-meta-factory.cjs 
[2025-08-08T17:31:48.409Z] Command failed: node automation/autonomous-meta-factory.cjs 
/workspace/automation/autonomous-meta-factory.cjs:89
  const safeFile = targetFile.replace(/`/g, '\\`');
                                                 ^

SyntaxError: Unexpected token ')'
    at wrapSafe (node:internal/modules/cjs/loader:1662:18)
    at Module._compile (node:internal/modules/cjs/loader:1704:20)
    at Object..js (node:internal/modules/cjs/loader:1895:10)
    at Module.load (node:internal/modules/cjs/loader:1465:32)
    at Function._load (node:internal/modules/cjs/loader:1282:12)
    at TracingChannel.traceSync (node:diagnostics_channel:322:14)
    at wrapModuleLoad (node:internal/modules/cjs/loader:235:24)
    at Function.executeUserEntryPoint [as runMain] (node:internal/modules/run_main:171:5)
    at node:internal/main/run_main_module:36:49

Node.js v22.16.0
[2025-08-08T17:31:48.409Z] $ node automation/build-rescue-factory.cjs 
[2025-08-08T17:31:48.432Z] Build rescue factory created 0 agent(s).
[2025-08-08T17:31:48.432Z] $ node automation/content-expansion-factory.cjs 
[2025-08-08T17:31:48.454Z] Content expansion factory completed. Created 0 agents.
[2025-08-08T17:31:48.454Z] $ node automation/cursor-chat-factory.cjs 
[2025-08-08T17:31:48.473Z] Cursor agents created: 5
[2025-08-08T17:31:48.473Z] $ node automation/design-factory.cjs 
[2025-08-08T17:31:48.498Z] Created 331 design agents
[2025-08-08T17:31:48.498Z] $ node automation/diversification-factory.cjs 
[2025-08-08T17:31:48.519Z] Diversification factory completed. Created 0 agents.
[2025-08-08T17:31:48.519Z] $ node automation/feature-marketing-factory.cjs 
[2025-08-08T17:31:48.541Z] Created 0 feature marketing agents
[2025-08-08T17:31:48.541Z] $ node automation/frontend-sync-autonomous-factory.cjs 
[2025-08-08T17:31:48.562Z] Created/ensured 5 autonomous frontend sync agents
[2025-08-08T17:31:48.562Z] $ node automation/frontend-sync-factory.cjs 
[2025-08-08T17:31:48.584Z] Created/ensured 2 frontend sync agents
[2025-08-08T17:31:48.584Z] $ node automation/growth-factory.cjs 
[2025-08-08T17:31:48.606Z] Growth factory completed. Created 0 agents.
[2025-08-08T17:31:48.606Z] $ node automation/health-remediation-factory.cjs 
[2025-08-08T17:31:48.624Z] Command failed: node automation/health-remediation-factory.cjs 
No auto-health-monitor log found at /workspace/automation/logs/auto-health-monitor.log
[2025-08-08T17:31:48.624Z] $ node automation/homepage-promo-factory.cjs 
[2025-08-08T17:31:48.642Z] Created 0 homepage promo agents
[2025-08-08T17:31:48.642Z] $ node automation/instagram-marketing-factory.cjs 
[2025-08-08T17:31:48.659Z] âœ… Generated captions: /workspace/automation/instagram-agents/captions.json
[2025-08-08T17:31:48.660Z] $ node automation/linkedin-marketing-factory.cjs 
[2025-08-08T17:31:48.679Z] LinkedIn poster agent ready
[2025-08-08T17:31:48.679Z] $ node automation/linkedin-pro-factory.cjs 
[2025-08-08T17:31:48.697Z] LinkedIn Pro poster agent ready
[2025-08-08T17:31:48.697Z] $ node automation/monetization-factory.cjs 
[2025-08-08T17:31:48.714Z] Command failed: node automation/monetization-factory.cjs 
/workspace/automation/monetization-factory.cjs:7
<<<<<<< HEAD
^^

SyntaxError: Unexpected token '<<'
    at wrapSafe (node:internal/modules/cjs/loader:1662:18)
    at Module._compile (node:internal/modules/cjs/loader:1704:20)
    at Object..js (node:internal/modules/cjs/loader:1895:10)
    at Module.load (node:internal/modules/cjs/loader:1465:32)
    at Function._load (node:internal/modules/cjs/loader:1282:12)
    at TracingChannel.traceSync (node:diagnostics_channel:322:14)
    at wrapModuleLoad (node:internal/modules/cjs/loader:235:24)
    at Function.executeUserEntryPoint [as runMain] (node:internal/modules/run_main:171:5)
    at node:internal/main/run_main_module:36:49

Node.js v22.16.0
[2025-08-08T17:31:48.714Z] $ node automation/responsive-content-factory.cjs 
[2025-08-08T17:31:48.735Z] Created 0 responsive agents
[2025-08-08T17:31:48.735Z] $ node automation/revenue-ideas-factory.cjs 
[2025-08-08T17:31:48.753Z] Created 0 revenue-ideas agents
[2025-08-08T17:31:48.753Z] $ node automation/saas-services-factory.cjs 
[2025-08-08T17:31:48.771Z] Created 0 SaaS agents
[2025-08-08T17:31:48.771Z] $ node automation/security-remediation-factory.cjs 
[2025-08-08T17:31:48.789Z] Security remediation factory created 0 agent(s).
[2025-08-08T17:31:48.789Z] $ node automation/service-sales-agents-factory.cjs 
[2025-08-08T17:31:48.813Z] Created/ensured 0 sales agents.
[2025-08-08T17:31:48.813Z] $ node automation/site-promo-factory.cjs 
[2025-08-08T17:31:48.831Z] Site promo agents generated
[2025-08-08T17:31:48.831Z] $ node automation/sitemap-maintenance-factory.cjs 
[2025-08-08T17:31:48.849Z] Sitemap maintenance factory created 0 agent(s).
[2025-08-08T17:31:48.850Z] $ node automation/smoke-test-factory.cjs 
[2025-08-08T17:31:48.871Z] Smoke test factory created 0 agent(s).
[2025-08-08T17:31:48.871Z] $ node automation/spec-dev-factory.cjs 
[2025-08-08T17:31:48.901Z] Spec-dev agents created: 2
[2025-08-08T17:31:48.901Z] $ node automation/ui-evolution-factory.cjs 
[2025-08-08T17:31:48.925Z] Created 627 UI evolution agents
[2025-08-08T17:31:48.925Z] $ node automation/variation-factory.cjs 
[2025-08-08T17:31:48.943Z] Created 0 variation agents
[2025-08-08T17:31:48.943Z] $ node automation/venture-services-factory.cjs 
[2025-08-08T17:31:48.967Z] Service pages created: 0, registry additions: 0
[2025-08-08T17:31:48.967Z] $ npm run type-check
[2025-08-08T17:31:49.839Z] > bolt.new.zion.app@0.1.0 type-check
> tsc --noEmit

pages/blog/5g-technology-and-its-impact-on-iot-chat.tsx(22,17): error TS1351: An identifier or keyword cannot immediately follow a numeric literal.
utils/browserExtensionDetector.ts(2,37): error TS1005: ',' expected.
utils/browserExtensionDetector.ts(2,47): error TS1005: ':' expected.
utils/monetization/affiliate.ts(1,42): error TS1005: ',' expected.
utils/testing-system.ts(2,62): error TS1005: ',' expected.
utils/testing-system.ts(2,64): error TS1003: Identifier expected.
utils/testing-system.ts(2,72): error TS1003: Identifier expected.
utils/testing-system.ts(2,74): error TS1003: Identifier expected.
utils/testing-system.ts(2,81): error TS1003: Identifier expected.
utils/testing-system.ts(2,83): error TS1003: Identifier expected.
[2025-08-08T17:31:49.839Z] Type-check failed, attempting quick syntax repair
[2025-08-08T17:31:49.839Z] $ node fix_typescript_syntax_errors.cjs
[2025-08-08T17:31:49.894Z] ðŸ”§ Fixing TypeScript syntax errors...
Processing: pages/services/web-application-development-chat.tsx
Processing: pages/services/ui-ux-design-chat.tsx
Processing: pages/services/technical-documentation-chat.tsx
Processing: pages/services/system-administration-chat.tsx
Processing: pages/services/security-auditing-chat.tsx
Processing: pages/services/quality-assurance-testing-chat.tsx
Processing: pages/services/performance-optimization-chat.tsx
Processing: pages/services/network-security-chat.tsx
Processing: pages/services/mobile-app-development-chat.tsx
Processing: pages/services/database-design-chat.tsx
Processing: pages/services/data-pipeline-engineering-chat.tsx
Processing: pages/services/cloud-migration-services-chat.tsx
Processing: pages/services/business-intelligence-chat.tsx
Processing: pages/services/api-development-chat.tsx
Processing: pages/services/ai-model-development-chat.tsx
Processing: pages/category/web-development-chat.tsx
Processing: pages/category/ui-ux-design-chat.tsx
Processing: pages/category/technical-writing-chat.tsx
Processing: pages/category/system-administration-chat.tsx
Processing: pages/category/quality-assurance-chat.tsx
Processing: pages/category/product-management-chat.tsx
Processing: pages/category/network-engineering-chat.tsx
Processing: pages/category/mobile-development-chat.tsx
Processing: pages/category/devops-automation-chat.tsx
Processing: pages/category/database-administration-chat.tsx
Processing: pages/category/data-science-chat.tsx
Processing: pages/category/cybersecurity-chat.tsx
Processing: pages/category/cloud-architecture-chat.tsx
Processing: pages/category/business-intelligence-chat.tsx
Processing: pages/category/ai-consulting-chat.tsx
Processing: pages/blog/the-rise-of-edge-computing-in-iot-applications-chat.tsx
Processing: pages/blog/sustainable-technology-green-computing-solutions-chat.tsx
Processing: pages/blog/quantum-computing-implications-for-business-chat.tsx
Processing: pages/blog/microservices-architecture-benefits-and-challenges-chat.tsx
Processing: pages/blog/machine-learning-applications-in-enterprise-software-chat.tsx
Processing: pages/blog/digital-twins-revolutionizing-industry-4-0-chat.tsx
Processing: pages/blog/devops-automation-strategies-for-modern-teams-chat.tsx
Processing: pages/blog/data-analytics-in-digital-transformation-chat.tsx
Processing: pages/blog/cybersecurity-trends-for-2024-and-beyond-chat.tsx
Processing: pages/blog/cloud-native-architecture-best-practices-chat.tsx
Processing: pages/blog/blockchain-technology-in-modern-business-solutions-chat.tsx
Processing: pages/blog/augmented-reality-in-enterprise-applications-chat.tsx
Processing: pages/blog/api-first-development-building-scalable-systems-chat.tsx
Processing: pages/blog/ai-powered-marketplaces-the-future-of-digital-commerce-chat.tsx
Processing: pages/blog/5g-technology-and-its-impact-on-iot-chat.tsx
âœ… TypeScript syntax error fixing completed
[2025-08-08T17:31:49.894Z] $ npm run build
[2025-08-08T17:31:51.836Z] > bolt.new.zion.app@0.1.0 build
> NODE_OPTIONS=--openssl-legacy-provider next build

info  - Using webpack 5. Reason: Enabled by default https://nextjs.org/docs/messages/webpack5
info  - Skipping validation of types...
info  - Creating an optimized production build...
[2025-08-08T17:31:51.836Z] Build failed, attempting comprehensive_fix then rebuild
[2025-08-08T17:31:51.836Z] $ node comprehensive_fix.cjs
[2025-08-08T17:31:51.863Z] Fixing corrupted TypeScript files with proper templates...
Fixed: pages/404.tsx
Fixed: pages/_app.tsx
Fixed: pages/_document.tsx
Fixed: pages/about.tsx
Fixed: pages/admin/automation-status.tsx
Fixed: pages/api/admin/automation-status.ts
Fixed: pages/api/ai-capacity-planning.ts
Fixed: pages/api/ai-change-management.ts
Fixed: pages/api/ai-contract.ts
Fixed: pages/api/ai-workspace-suggestions.ts
Fixed: pages/api/analytics-api.ts
Fixed: pages/api/analyze-quote-request.ts
Fixed: pages/api/analyze-service-request.ts
Fixed: pages/auth/callback.tsx
Fixed: pages/auth/forgot-password.tsx
Fixed: pages/auth/index.tsx
Fixed: pages/auth/reset-password.tsx
Fixed: pages/auth/verify.tsx
Fixed: pages/auto/auto-update-2025-08-08t16-07-55-171z.tsx
Fixed: pages/auto/auto-update-2025-08-08t16-10-20-249z.tsx
Fixed: pages/auto/auto-update-2025-08-08t16-30-00-086z.tsx
Fixed: pages/auto/auto-update-2025-08-08t16-30-20-949z.tsx
Fixed: pages/auto/auto-update-2025-08-08t16-38-19-257z.tsx
Fixed: pages/auto/auto-update-2025-08-08t16-49-54-200z.tsx
Fixed: pages/auto/auto-update-2025-08-08t17-23-07-688z.tsx
Fixed: pages/automation/index.tsx
Fixed: pages/blockchain-solutions.tsx
Fixed: pages/blog/5g-technology-and-its-impact-on-iot-chat.tsx
Fixed: pages/blog/ai-powered-marketplaces-the-future-of-digital-commerce-chat.tsx
Fixed: pages/blog/api-first-development-building-scalable-systems-chat.tsx
Fixed: pages/blog/augmented-reality-in-enterprise-applications-chat.tsx
Fixed: pages/blog/blockchain-technology-in-modern-business-solutions-chat.tsx
Fixed: pages/blog/cloud-native-architecture-best-practices-chat.tsx
Fixed: pages/blog/cybersecurity-trends-for-2024-and-beyond-chat.tsx
Fixed: pages/blog/data-analytics-in-digital-transformation-chat.tsx
Fixed: pages/blog/devops-automation-strategies-for-modern-teams-chat.tsx
Fixed: pages/blog/digital-twins-revolutionizing-industry-4-0-chat.tsx
Fixed: pages/blog/index.tsx
Fixed: pages/blog/machine-learning-applications-in-enterprise-software-chat.tsx
Fixed: pages/blog/microservices-architecture-benefits-and-challenges-chat.tsx
Fixed: pages/blog/quantum-computing-implications-for-business-chat.tsx
Fixed: pages/blog/sustainable-technology-green-computing-solutions-chat.tsx
Fixed: pages/blog/the-rise-of-edge-computing-in-iot-applications-chat.tsx
Fixed: pages/category/ai-consulting-chat.tsx
Fixed: pages/category/business-intelligence-chat.tsx
Fixed: pages/category/cloud-architecture-chat.tsx
Fixed: pages/category/cybersecurity-chat.tsx
Fixed: pages/category/data-science-chat.tsx
Fixed: pages/category/database-administration-chat.tsx
Fixed: pages/category/devops-automation-chat.tsx
Fixed: pages/category/mobile-development-chat.tsx
Fixed: pages/category/network-engineering-chat.tsx
Fixed: pages/category/product-management-chat.tsx
Fixed: pages/category/quality-assurance-chat.tsx
Fixed: pages/category/system-administration-chat.tsx
Fixed: pages/category/technical-writing-chat.tsx
Fixed: pages/category/ui-ux-design-chat.tsx
Fixed: pages/category/web-development-chat.tsx
Fixed: pages/chat-content/ai-powered-business-solutions-discussion.tsx
Fixed: pages/chat-content/cloud-computing-strategies.tsx
Fixed: pages/chat-content/cybersecurity-best-practices.tsx
Fixed: pages/chat-content/data-analytics-implementation.tsx
Fixed: pages/chat-content/digital-transformation-insights.tsx
Fixed: pages/chat-content/emerging-technology-trends.tsx
Fixed: pages/chat-content/future-of-work-and-automation.tsx
Fixed: pages/chat-content/innovation-in-enterprise-technology.tsx
Fixed: pages/chat-content/sustainable-technology-practices.tsx
Fixed: pages/chat-content/technology-implementation-strategies.tsx
Fixed: pages/contact.tsx
Fixed: pages/enhanced-home.tsx
Fixed: pages/index.tsx
Fixed: pages/iot-platforms.tsx
Fixed: pages/products/index.tsx
Fixed: pages/services/ai-model-development-chat.tsx
Fixed: pages/services/ai-seo-auditor.tsx
Fixed: pages/services/api-development-chat.tsx
Fixed: pages/services/business-intelligence-chat.tsx
Fixed: pages/services/cloud-migration-services-chat.tsx
Fixed: pages/services/customer-support-chatbot.tsx
Fixed: pages/services/data-pipeline-engineering-chat.tsx
Fixed: pages/services/database-design-chat.tsx
Fixed: pages/services/index.tsx
Fixed: pages/services/instagram-content-scheduler.tsx
Fixed: pages/services/landing-page-generator.tsx
Fixed: pages/services/mobile-app-development-chat.tsx
Fixed: pages/services/network-security-chat.tsx
Fixed: pages/services/performance-optimization-chat.tsx
Fixed: pages/services/price-intelligence-service.tsx
Fixed: pages/services/quality-assurance-testing-chat.tsx
Fixed: pages/services/security-auditing-chat.tsx
Fixed: pages/services/system-administration-chat.tsx
Fixed: pages/services/technical-documentation-chat.tsx
Fixed: pages/services/ui-ux-design-chat.tsx
Fixed: pages/services/web-application-development-chat.tsx
Fixed: pages/talent/[slug].tsx
Fixed: pages/talent/index.tsx
Fixed: components/Layout.tsx
Fixed: components/layout/AuthLayout.tsx
Fixed: components/layout/EnhancedFooter.tsx
Fixed: components/layout/EnhancedLayout.tsx
Fixed: components/layout/EnhancedNavigation.tsx
Fixed: components/monetization/PaidConsultation.tsx
Fixed: components/ui/AnimatedBackground.tsx
Fixed: components/ui/EnhancedButton.tsx
Fixed: components/ui/EnhancedCard.tsx
Fixed: components/ui/EnhancedLoading.tsx
Fixed: components/ui/EnhancedMarketplaceCard.tsx
Fixed: components/ui/FuturisticCard.tsx
Fixed: components/ui/FuturisticHero.tsx
Fixed: components/ui/GlassmorphismCard.tsx
Fixed: components/ui/InteractiveNavigation.tsx
Fixed: components/ui/InteractiveSearch.tsx
Fixed: components/ui/InteractiveStats.tsx
Fixed: components/ui/NotificationSystem.tsx
Fixed: components/ui/UserEngagementSystem.tsx
Finished fixing corrupted files with proper templates.
[2025-08-08T17:31:51.863Z] $ npm run build
[2025-08-08T17:31:54.070Z] > bolt.new.zion.app@0.1.0 build
> NODE_OPTIONS=--openssl-legacy-provider next build

info  - Using webpack 5. Reason: Enabled by default https://nextjs.org/docs/messages/webpack5
info  - Skipping validation of types...
info  - Creating an optimized production build...
[2025-08-08T17:31:54.070Z] $ node automation/git-sync.cjs 
[2025-08-08T17:31:55.336Z] [git-sync 2025-08-08T17:31:55.332Z] Nothing to commit after staging.
[2025-08-08T17:31:55.336Z] âœ… Automation Guardian (10m) finished
[2025-08-11T17:50:03.874Z] ðŸš€ Automation Guardian (10m) starting
[2025-08-11T17:50:03.877Z] $ npx eslint . --ext .js,.jsx,.ts,.tsx --fix
[2025-08-11T17:50:05.464Z] /workspace/netlify/functions/automation-matrix.js
  34:104  error  '_' is defined but never used  @typescript-eslint/no-unused-vars
  34:107  error  Empty block statement          no-empty
  37:93   error  '_' is defined but never used  @typescript-eslint/no-unused-vars
  37:96   error  Empty block statement          no-empty

/workspace/netlify/functions/fast-front-promoter.js
  4:10  error  'runNodeScript' is defined but never used  @typescript-eslint/no-unused-vars

/workspace/netlify/functions/features-capabilities-benefits-advertiser.js
  1:7  error  'path' is assigned a value but never used  @typescript-eslint/no-unused-vars

/workspace/netlify/functions/front-enhancer.js
  2:20  error  'execSync' is assigned a value but never used  @typescript-eslint/no-unused-vars
  4:10  error  'runNode' is defined but never used            @typescript-eslint/no-unused-vars

/workspace/netlify/functions/front-visionary-expander.js
  1:7  error  'path' is assigned a value but never used  @typescript-eslint/no-unused-vars

/workspace/netlify/functions/hyper-front-index-accelerator.js
  1:7  error  'path' is assigned a value but never used  @typescript-eslint/no-unused-vars

/workspace/netlify/functions/link-crawler.js
  31:12  error  'e' is defined but never used  @typescript-eslint/no-unused-vars

/workspace/netlify/functions/site-crawler.js
  35:12  error  'e' is defined but never used  @typescript-eslint/no-unused-vars

/workspace/netlify/functions/trigger-all-and-commit.js
   1:34  error  'event' is defined but never used    @typescript-eslint/no-unused-vars
   1:41  error  'context' is defined but never used  @typescript-eslint/no-unused-vars
  16:12  error  'e' is defined but never used        @typescript-eslint/no-unused-vars
  78:13  error  Empty block statement                no-empty

/workspace/pages/site-health.tsx
  11:24  error  Parsing error: Invalid character

/workspace/scripts/generate-readme.js
  10:12  error  'err' is defined but never used         @typescript-eslint/no-unused-vars
  24:10  error  'countFiles' is defined but never used  @typescript-eslint/no-unused-vars

âœ– 19 problems (19 errors, 0 warnings)
[2025-08-11T17:50:05.464Z] $ npm run type-check
[2025-08-11T17:50:06.267Z] > bolt.new.zion.app@0.1.0 type-check
> tsc --noEmit

pages/site-health.tsx(11,25): error TS1127: Invalid character.
pages/site-health.tsx(11,33): error TS1382: Unexpected token. Did you mean `{'>'}` or `&gt;`?
pages/site-health.tsx(11,52): error TS17002: Expected corresponding JSX closing tag for 'ul'.
pages/site-health.tsx(12,11): error TS17002: Expected corresponding JSX closing tag for 'main'.
pages/site-health.tsx(13,9): error TS17002: Expected corresponding JSX closing tag for 'div'.
pages/site-health.tsx(14,5): error TS1005: ')' expected.
pages/site-health.tsx(15,3): error TS1109: Expression expected.
[2025-08-11T17:50:06.267Z] Type-check failed, attempting quick syntax repair
[2025-08-11T17:50:06.267Z] $ npm run build
[2025-08-11T17:50:10.080Z] > bolt.new.zion.app@0.1.0 prebuild
> npm run netlify:manifest


> bolt.new.zion.app@0.1.0 netlify:manifest
> node scripts/generate-netlify-functions-manifest.cjs

[manifest] Wrote /workspace/netlify/functions/functions-manifest.json with 64 functions.

> bolt.new.zion.app@0.1.0 build
> NODE_OPTIONS=--openssl-legacy-provider next build

info  - Using webpack 5. Reason: Enabled by default https://nextjs.org/docs/messages/webpack5
info  - Skipping validation of types...
info  - Creating an optimized production build...
[2025-08-11T17:50:10.080Z] Build failed, attempting comprehensive_fix then rebuild
[2025-08-11T17:50:10.081Z] $ npm run build
[2025-08-11T17:50:12.995Z] > bolt.new.zion.app@0.1.0 prebuild
> npm run netlify:manifest


> bolt.new.zion.app@0.1.0 netlify:manifest
> node scripts/generate-netlify-functions-manifest.cjs

[manifest] Wrote /workspace/netlify/functions/functions-manifest.json with 64 functions.

> bolt.new.zion.app@0.1.0 build
> NODE_OPTIONS=--openssl-legacy-provider next build

info  - Using webpack 5. Reason: Enabled by default https://nextjs.org/docs/messages/webpack5
info  - Skipping validation of types...
info  - Creating an optimized production build...
[2025-08-11T17:50:12.995Z] $ node automation/git-sync.cjs 
[2025-08-11T17:50:14.637Z] automation/git-sync/2025-08-11T17-50-00-865Z
automation/git-sync/2025-08-11T17-50-00-865Z
Already up to date.
 M automation/logs/automation-guardian-10min.log
 M netlify/functions/functions-manifest.json
[automation/git-sync/2025-08-11T17-50-00-865Z 423b6845c9] chore(sync): fast autonomous sync
 2 files changed, 91 insertions(+), 1 deletion(-)
[2025-08-11T17:50:14.638Z] âœ… Automation Guardian (10m) finished
[2025-08-11T18:13:11.598Z] ðŸš€ Automation Guardian (10m) starting
[2025-08-11T18:13:11.600Z] $ npx eslint . --ext .js,.jsx,.ts,.tsx --fix
[2025-08-11T18:13:13.153Z] /workspace/netlify/functions/automation-matrix.js
  34:104  error  '_' is defined but never used  @typescript-eslint/no-unused-vars
  34:107  error  Empty block statement          no-empty
  37:93   error  '_' is defined but never used  @typescript-eslint/no-unused-vars
  37:96   error  Empty block statement          no-empty

/workspace/netlify/functions/fast-front-promoter.js
  4:10  error  'runNodeScript' is defined but never used  @typescript-eslint/no-unused-vars

/workspace/netlify/functions/features-capabilities-benefits-advertiser.js
  1:7  error  'path' is assigned a value but never used  @typescript-eslint/no-unused-vars

/workspace/netlify/functions/front-enhancer.js
  2:20  error  'execSync' is assigned a value but never used  @typescript-eslint/no-unused-vars
  4:10  error  'runNode' is defined but never used            @typescript-eslint/no-unused-vars

/workspace/netlify/functions/front-visionary-expander.js
  1:7  error  'path' is assigned a value but never used  @typescript-eslint/no-unused-vars

/workspace/netlify/functions/hyper-front-index-accelerator.js
  1:7  error  'path' is assigned a value but never used  @typescript-eslint/no-unused-vars

/workspace/netlify/functions/link-crawler.js
  31:12  error  'e' is defined but never used  @typescript-eslint/no-unused-vars

/workspace/netlify/functions/site-crawler.js
  35:12  error  'e' is defined but never used  @typescript-eslint/no-unused-vars

/workspace/netlify/functions/trigger-all-and-commit.js
   1:34  error  'event' is defined but never used    @typescript-eslint/no-unused-vars
   1:41  error  'context' is defined but never used  @typescript-eslint/no-unused-vars
  16:12  error  'e' is defined but never used        @typescript-eslint/no-unused-vars
  78:13  error  Empty block statement                no-empty

/workspace/pages/site-health.tsx
  11:24  error  Parsing error: Invalid character

/workspace/scripts/generate-readme.js
  10:12  error  'err' is defined but never used         @typescript-eslint/no-unused-vars
  24:10  error  'countFiles' is defined but never used  @typescript-eslint/no-unused-vars

âœ– 19 problems (19 errors, 0 warnings)
[2025-08-11T18:13:13.154Z] $ node automation/homepage-promo-factory.cjs 
[2025-08-11T18:13:13.175Z] [homepage-promo-factory] No-op stub running.
[2025-08-11T18:13:13.176Z] $ npm run type-check
[2025-08-11T18:13:13.914Z] > bolt.new.zion.app@0.1.0 type-check
> tsc --noEmit

pages/site-health.tsx(11,25): error TS1127: Invalid character.
pages/site-health.tsx(11,33): error TS1382: Unexpected token. Did you mean `{'>'}` or `&gt;`?
pages/site-health.tsx(11,52): error TS17002: Expected corresponding JSX closing tag for 'ul'.
pages/site-health.tsx(12,11): error TS17002: Expected corresponding JSX closing tag for 'main'.
pages/site-health.tsx(13,9): error TS17002: Expected corresponding JSX closing tag for 'div'.
pages/site-health.tsx(14,5): error TS1005: ')' expected.
pages/site-health.tsx(15,3): error TS1109: Expression expected.
[2025-08-11T18:13:13.915Z] Type-check failed, attempting quick syntax repair
[2025-08-11T18:13:13.915Z] $ npm run build
[2025-08-11T18:13:17.423Z] > bolt.new.zion.app@0.1.0 prebuild
> npm run netlify:manifest


> bolt.new.zion.app@0.1.0 netlify:manifest
> node scripts/generate-netlify-functions-manifest.cjs

[manifest] Wrote /workspace/netlify/functions/functions-manifest.json with 64 functions.

> bolt.new.zion.app@0.1.0 build
> NODE_OPTIONS=--openssl-legacy-provider next build

info  - Using webpack 5. Reason: Enabled by default https://nextjs.org/docs/messages/webpack5
info  - Skipping validation of types...
info  - Creating an optimized production build...
[2025-08-11T18:13:17.423Z] Build failed, attempting comprehensive_fix then rebuild
[2025-08-11T18:13:17.424Z] $ npm run build
[2025-08-11T18:13:20.380Z] > bolt.new.zion.app@0.1.0 prebuild
> npm run netlify:manifest


> bolt.new.zion.app@0.1.0 netlify:manifest
> node scripts/generate-netlify-functions-manifest.cjs

[manifest] Wrote /workspace/netlify/functions/functions-manifest.json with 64 functions.

> bolt.new.zion.app@0.1.0 build
> NODE_OPTIONS=--openssl-legacy-provider next build

info  - Using webpack 5. Reason: Enabled by default https://nextjs.org/docs/messages/webpack5
info  - Skipping validation of types...
info  - Creating an optimized production build...
[2025-08-11T18:13:20.381Z] $ node automation/git-sync.cjs 
[2025-08-11T18:13:22.076Z] automation/git-sync/2025-08-11T18-13-08-908Z
automation/git-sync/2025-08-11T18-13-08-908Z
Already up to date.
 M automation/logs/automation-guardian-10min.log
 M netlify/functions/functions-manifest.json
[automation/git-sync/2025-08-11T18-13-08-908Z 823fbfeb9d] chore(sync): fast autonomous sync
 2 files changed, 93 insertions(+), 1 deletion(-)
[2025-08-11T18:13:22.077Z] âœ… Automation Guardian (10m) finished
[2025-08-11T20:35:14.802Z] ðŸš€ Automation Guardian (10m) starting
[2025-08-11T20:35:14.803Z] $ npx eslint . --ext .js,.jsx,.ts,.tsx --fix
[2025-08-11T20:35:16.217Z] /workspace/netlify/functions/automation-matrix.js
  34:104  error  '_' is defined but never used  @typescript-eslint/no-unused-vars
  34:107  error  Empty block statement          no-empty
  37:93   error  '_' is defined but never used  @typescript-eslint/no-unused-vars
  37:96   error  Empty block statement          no-empty

/workspace/netlify/functions/fast-front-promoter.js
  4:10  error  'runNodeScript' is defined but never used  @typescript-eslint/no-unused-vars

/workspace/netlify/functions/features-capabilities-benefits-advertiser.js
  1:7  error  'path' is assigned a value but never used  @typescript-eslint/no-unused-vars

/workspace/netlify/functions/front-enhancer.js
  2:20  error  'execSync' is assigned a value but never used  @typescript-eslint/no-unused-vars
  4:10  error  'runNode' is defined but never used            @typescript-eslint/no-unused-vars

/workspace/netlify/functions/front-visionary-expander.js
  1:7  error  'path' is assigned a value but never used  @typescript-eslint/no-unused-vars

/workspace/netlify/functions/hyper-front-index-accelerator.js
  1:7  error  'path' is assigned a value but never used  @typescript-eslint/no-unused-vars

/workspace/netlify/functions/link-crawler.js
  31:12  error  'e' is defined but never used  @typescript-eslint/no-unused-vars

/workspace/netlify/functions/site-crawler.js
  35:12  error  'e' is defined but never used  @typescript-eslint/no-unused-vars

/workspace/netlify/functions/trigger-all-and-commit.js
   1:34  error  'event' is defined but never used    @typescript-eslint/no-unused-vars
   1:41  error  'context' is defined but never used  @typescript-eslint/no-unused-vars
  16:12  error  'e' is defined but never used        @typescript-eslint/no-unused-vars
  78:13  error  Empty block statement                no-empty

/workspace/netlify/plugins/run-functions-and-rerun/index.js
  32:16  error  'listFunctions' is defined but never used  @typescript-eslint/no-unused-vars
  32:32  error  'baseUrl' is defined but never used        @typescript-eslint/no-unused-vars

/workspace/pages/site-health.tsx
  11:24  error  Parsing error: Invalid character

/workspace/scripts/generate-readme.js
  10:12  error  'err' is defined but never used         @typescript-eslint/no-unused-vars
  24:10  error  'countFiles' is defined but never used  @typescript-eslint/no-unused-vars

âœ– 21 problems (21 errors, 0 warnings)
[2025-08-11T20:35:16.218Z] $ node automation/homepage-promo-factory.cjs 
[2025-08-11T20:35:16.238Z] [homepage-promo-factory] No-op stub running.
[2025-08-11T20:35:16.238Z] $ npm run type-check
[2025-08-11T20:35:16.948Z] pages/site-health.tsx(11,25): error TS1127: Invalid character.
pages/site-health.tsx(11,33): error TS1382: Unexpected token. Did you mean `{'>'}` or `&gt;`?
pages/site-health.tsx(11,52): error TS17002: Expected corresponding JSX closing tag for 'ul'.
pages/site-health.tsx(12,11): error TS17002: Expected corresponding JSX closing tag for 'main'.
pages/site-health.tsx(13,9): error TS17002: Expected corresponding JSX closing tag for 'div'.
pages/site-health.tsx(14,5): error TS1005: ')' expected.
pages/site-health.tsx(15,3): error TS1109: Expression expected.
[2025-08-11T20:35:16.948Z] Type-check failed, attempting quick syntax repair
[2025-08-11T20:35:16.949Z] $ npm run build
[2025-08-11T20:35:20.196Z] [manifest] Wrote /workspace/netlify/functions/functions-manifest.json with 64 functions.
info  - Using webpack 5. Reason: Enabled by default https://nextjs.org/docs/messages/webpack5
info  - Skipping validation of types...
info  - Creating an optimized production build...
[2025-08-11T20:35:20.196Z] Build failed, attempting comprehensive_fix then rebuild
[2025-08-11T20:35:20.196Z] $ npm run build
[2025-08-11T20:35:22.842Z] [manifest] Wrote /workspace/netlify/functions/functions-manifest.json with 64 functions.
info  - Using webpack 5. Reason: Enabled by default https://nextjs.org/docs/messages/webpack5
info  - Skipping validation of types...
info  - Creating an optimized production build...
[2025-08-11T20:35:22.842Z] $ node automation/git-sync.cjs 
[2025-08-11T20:35:24.144Z] automation/git-sync/2025-08-11T20-35-12-552Z
automation/git-sync/2025-08-11T20-35-12-552Z
Already up to date.
 M automation/logs/automation-guardian-10min.log
 M netlify/functions/functions-manifest.json
[automation/git-sync/2025-08-11T20-35-12-552Z 3c41bc8110] chore(sync): fast autonomous sync
 2 files changed, 72 insertions(+), 1 deletion(-)
[2025-08-11T20:35:24.144Z] âœ… Automation Guardian (10m) finished
[2025-08-11T20:38:02.499Z] ðŸš€ Automation Guardian (10m) starting
[2025-08-11T20:38:02.501Z] $ npx eslint . --ext .js,.jsx,.ts,.tsx --fix
[2025-08-11T20:38:03.868Z] /workspace/netlify/functions/automation-matrix.js
  34:104  error  '_' is defined but never used  @typescript-eslint/no-unused-vars
  34:107  error  Empty block statement          no-empty
  37:93   error  '_' is defined but never used  @typescript-eslint/no-unused-vars
  37:96   error  Empty block statement          no-empty

/workspace/netlify/functions/fast-front-promoter.js
  4:10  error  'runNodeScript' is defined but never used  @typescript-eslint/no-unused-vars

/workspace/netlify/functions/features-capabilities-benefits-advertiser.js
  1:7  error  'path' is assigned a value but never used  @typescript-eslint/no-unused-vars

/workspace/netlify/functions/front-enhancer.js
  2:20  error  'execSync' is assigned a value but never used  @typescript-eslint/no-unused-vars
  4:10  error  'runNode' is defined but never used            @typescript-eslint/no-unused-vars

/workspace/netlify/functions/front-visionary-expander.js
  1:7  error  'path' is assigned a value but never used  @typescript-eslint/no-unused-vars

/workspace/netlify/functions/hyper-front-index-accelerator.js
  1:7  error  'path' is assigned a value but never used  @typescript-eslint/no-unused-vars

/workspace/netlify/functions/link-crawler.js
  31:12  error  'e' is defined but never used  @typescript-eslint/no-unused-vars

/workspace/netlify/functions/site-crawler.js
  35:12  error  'e' is defined but never used  @typescript-eslint/no-unused-vars

/workspace/netlify/functions/trigger-all-and-commit.js
   1:34  error  'event' is defined but never used    @typescript-eslint/no-unused-vars
   1:41  error  'context' is defined but never used  @typescript-eslint/no-unused-vars
  16:12  error  'e' is defined but never used        @typescript-eslint/no-unused-vars
  78:13  error  Empty block statement                no-empty

/workspace/netlify/plugins/run-functions-and-rerun/index.js
  32:16  error  'listFunctions' is defined but never used  @typescript-eslint/no-unused-vars
  32:32  error  'baseUrl' is defined but never used        @typescript-eslint/no-unused-vars

/workspace/pages/site-health.tsx
  11:24  error  Parsing error: Invalid character

/workspace/scripts/generate-readme.js
  10:12  error  'err' is defined but never used         @typescript-eslint/no-unused-vars
  24:10  error  'countFiles' is defined but never used  @typescript-eslint/no-unused-vars

âœ– 21 problems (21 errors, 0 warnings)
[2025-08-11T20:38:03.869Z] $ node automation/homepage-promo-factory.cjs 
[2025-08-11T20:38:03.891Z] [homepage-promo-factory] No-op stub running.
[2025-08-11T20:38:03.891Z] $ npm run type-check
[2025-08-11T20:38:04.586Z] pages/site-health.tsx(11,25): error TS1127: Invalid character.
pages/site-health.tsx(11,33): error TS1382: Unexpected token. Did you mean `{'>'}` or `&gt;`?
pages/site-health.tsx(11,52): error TS17002: Expected corresponding JSX closing tag for 'ul'.
pages/site-health.tsx(12,11): error TS17002: Expected corresponding JSX closing tag for 'main'.
pages/site-health.tsx(13,9): error TS17002: Expected corresponding JSX closing tag for 'div'.
pages/site-health.tsx(14,5): error TS1005: ')' expected.
pages/site-health.tsx(15,3): error TS1109: Expression expected.
[2025-08-11T20:38:04.586Z] Type-check failed, attempting quick syntax repair
[2025-08-11T20:38:04.586Z] $ npm run build
[2025-08-11T20:38:07.315Z] [manifest] Wrote /workspace/netlify/functions/functions-manifest.json with 64 functions.
info  - Using webpack 5. Reason: Enabled by default https://nextjs.org/docs/messages/webpack5
info  - Skipping validation of types...
info  - Creating an optimized production build...
[2025-08-11T20:38:07.315Z] Build failed, attempting comprehensive_fix then rebuild
[2025-08-11T20:38:07.315Z] $ npm run build
[2025-08-11T20:38:09.749Z] [manifest] Wrote /workspace/netlify/functions/functions-manifest.json with 64 functions.
info  - Using webpack 5. Reason: Enabled by default https://nextjs.org/docs/messages/webpack5
info  - Skipping validation of types...
info  - Creating an optimized production build...
[2025-08-11T20:38:09.749Z] $ node automation/git-sync.cjs 
[2025-08-11T20:38:11.170Z] automation/git-sync/2025-08-11T20-38-00-172Z
automation/git-sync/2025-08-11T20-38-00-172Z
Already up to date.
 M automation/logs/automation-guardian-10min.log
 M netlify/functions/functions-manifest.json
[automation/git-sync/2025-08-11T20-38-00-172Z 060fbfde94] chore(sync): fast autonomous sync
 2 files changed, 72 insertions(+), 1 deletion(-)
[2025-08-11T20:38:11.170Z] âœ… Automation Guardian (10m) finished
[2025-08-11T20:58:51.683Z] ðŸš€ Automation Guardian (10m) starting
[2025-08-11T20:58:51.684Z] $ npm ci
[2025-08-11T20:58:52.055Z] Command failed: npm ci
npm error code EJSONPARSE
npm error path /workspace/package.json
npm error JSON.parse Expected ',' or '}' after property value in JSON at position 700 (line 23 column 5) while parsing near "...gs --lines 200\"\n    \"functions:run\": \"no..."
npm error JSON.parse Failed to parse JSON data.
npm error JSON.parse Note: package.json must be actual JSON, not just JavaScript.
npm error A complete log of this run can be found in: /home/ubuntu/.npm/_logs/2025-08-11T20_58_51_743Z-debug-0.log
[2025-08-11T20:58:52.055Z] $ npx eslint . --ext .js,.jsx,.ts,.tsx --fix
[2025-08-11T20:58:54.806Z] Command failed: npx eslint . --ext .js,.jsx,.ts,.tsx --fix
(node:2398) ESLintIgnoreWarning: The ".eslintignore" file is no longer supported. Switch to using the "ignores" property in "eslint.config.js": https://eslint.org/docs/latest/use/configure/migration-guide#ignoring-files
(Use `node --trace-warnings ...` to show where the warning was created)

Oops! Something went wrong! :(

ESLint: 9.33.0

ESLint couldn't find an eslint.config.(js|mjs|cjs) file.

From ESLint v9.0.0, the default configuration file is now eslint.config.js.
If you are using a .eslintrc.* file, please follow the migration guide
to update your configuration file to the new format:

https://eslint.org/docs/latest/use/configure/migration-guide

If you still have problems after following the migration guide, please stop by
https://eslint.org/chat/help to chat with the team.
[2025-08-11T20:58:54.807Z] $ node automation/homepage-promo-factory.cjs 
[2025-08-11T20:58:54.828Z] [homepage-promo-factory] No-op stub running.
[2025-08-11T20:58:54.828Z] $ npm run type-check
[2025-08-11T20:58:54.909Z] Command failed: npm run type-check
npm error code EJSONPARSE
npm error JSON.parse Invalid package.json: JSONParseError: Expected ',' or '}' after property value in JSON at position 700 (line 23 column 5) while parsing near "...gs --lines 200\"\n    \"functions:run\": \"no..."
npm error JSON.parse Failed to parse JSON data.
npm error JSON.parse Note: package.json must be actual JSON, not just JavaScript.
npm error A complete log of this run can be found in: /home/ubuntu/.npm/_logs/2025-08-11T20_58_54_869Z-debug-0.log
[2025-08-11T20:58:54.910Z] Type-check failed, attempting quick syntax repair
[2025-08-11T20:58:54.910Z] $ npm run build
[2025-08-11T20:58:54.987Z] Command failed: npm run build
npm error code EJSONPARSE
npm error JSON.parse Invalid package.json: JSONParseError: Expected ',' or '}' after property value in JSON at position 700 (line 23 column 5) while parsing near "...gs --lines 200\"\n    \"functions:run\": \"no..."
npm error JSON.parse Failed to parse JSON data.
npm error JSON.parse Note: package.json must be actual JSON, not just JavaScript.
npm error A complete log of this run can be found in: /home/ubuntu/.npm/_logs/2025-08-11T20_58_54_945Z-debug-0.log
[2025-08-11T20:58:54.987Z] Build failed, attempting comprehensive_fix then rebuild
[2025-08-11T20:58:54.988Z] $ npm run build
[2025-08-11T20:58:55.067Z] Command failed: npm run build
npm error code EJSONPARSE
npm error JSON.parse Invalid package.json: JSONParseError: Expected ',' or '}' after property value in JSON at position 700 (line 23 column 5) while parsing near "...gs --lines 200\"\n    \"functions:run\": \"no..."
npm error JSON.parse Failed to parse JSON data.
npm error JSON.parse Note: package.json must be actual JSON, not just JavaScript.
npm error A complete log of this run can be found in: /home/ubuntu/.npm/_logs/2025-08-11T20_58_55_027Z-debug-0.log
[2025-08-11T20:58:55.067Z] $ node automation/git-sync.cjs 
[2025-08-11T20:58:56.253Z] cursor/fix-pm2-automations-16e9
cursor/fix-pm2-automations-16e9
Already up to date.
 M automation/logs/automation-guardian-10min.log
[cursor/fix-pm2-automations-16e9 5252f2739a] chore(sync): fast autonomous sync
 1 file changed, 44 insertions(+)
[2025-08-11T20:58:56.253Z] âœ… Automation Guardian (10m) finished
[2025-08-11T20:59:36.563Z] ðŸš€ Automation Guardian (10m) starting
[2025-08-11T20:59:36.565Z] $ npm ci
[2025-08-11T20:59:45.321Z] > bolt.new.zion.app@0.1.0 prepare
> husky install
[2025-08-11T20:59:45.321Z] $ npx eslint . --ext .js,.jsx,.ts,.tsx --fix
[2025-08-11T20:59:45.998Z] Command failed: npx eslint . --ext .js,.jsx,.ts,.tsx --fix
(node:3455) ESLintIgnoreWarning: The ".eslintignore" file is no longer supported. Switch to using the "ignores" property in "eslint.config.js": https://eslint.org/docs/latest/use/configure/migration-guide#ignoring-files
(Use `node --trace-warnings ...` to show where the warning was created)

Oops! Something went wrong! :(

ESLint: 9.33.0

ESLint couldn't find an eslint.config.(js|mjs|cjs) file.

From ESLint v9.0.0, the default configuration file is now eslint.config.js.
If you are using a .eslintrc.* file, please follow the migration guide
to update your configuration file to the new format:

https://eslint.org/docs/latest/use/configure/migration-guide

If you still have problems after following the migration guide, please stop by
https://eslint.org/chat/help to chat with the team.
[2025-08-11T20:59:45.999Z] $ node automation/homepage-promo-factory.cjs 
[2025-08-11T20:59:46.020Z] [homepage-promo-factory] No-op stub running.
[2025-08-11T20:59:46.020Z] $ npm run type-check
[2025-08-11T20:59:46.878Z] > bolt.new.zion.app@0.1.0 type-check
> tsc --noEmit

pages/site-health.tsx(11,25): error TS1127: Invalid character.
pages/site-health.tsx(11,33): error TS1382: Unexpected token. Did you mean `{'>'}` or `&gt;`?
pages/site-health.tsx(11,52): error TS17002: Expected corresponding JSX closing tag for 'ul'.
pages/site-health.tsx(12,11): error TS17002: Expected corresponding JSX closing tag for 'main'.
pages/site-health.tsx(13,9): error TS17002: Expected corresponding JSX closing tag for 'div'.
pages/site-health.tsx(14,5): error TS1005: ')' expected.
pages/site-health.tsx(15,3): error TS1109: Expression expected.
[2025-08-11T20:59:46.879Z] Type-check failed, attempting quick syntax repair
[2025-08-11T20:59:46.879Z] $ npm run build
[2025-08-11T20:59:47.990Z] > bolt.new.zion.app@0.1.0 prebuild
> npm run netlify:manifest


> bolt.new.zion.app@0.1.0 netlify:manifest
> node scripts/generate-netlify-functions-manifest.cjs

[manifest] Wrote /workspace/netlify/functions/functions-manifest.json with 64 functions.

> bolt.new.zion.app@0.1.0 build
> NODE_OPTIONS=--openssl-legacy-provider next build

info  - Using webpack 5. Reason: Enabled by default https://nextjs.org/docs/messages/webpack5
Attention: Next.js now collects completely anonymous telemetry regarding usage.
This information is used to shape Next.js' roadmap and prioritize features.
You can learn more, including how to opt-out if you'd not like to participate in this anonymous program, by visiting the following URL:
https://nextjs.org/telemetry

info  - Skipping validation of types...
info  - Creating an optimized production build...
[2025-08-11T20:59:47.991Z] Build failed, attempting comprehensive_fix then rebuild
[2025-08-11T20:59:47.991Z] $ npm run build
[2025-08-11T20:59:49.008Z] > bolt.new.zion.app@0.1.0 prebuild
> npm run netlify:manifest


> bolt.new.zion.app@0.1.0 netlify:manifest
> node scripts/generate-netlify-functions-manifest.cjs

[manifest] Wrote /workspace/netlify/functions/functions-manifest.json with 64 functions.

> bolt.new.zion.app@0.1.0 build
> NODE_OPTIONS=--openssl-legacy-provider next build

info  - Using webpack 5. Reason: Enabled by default https://nextjs.org/docs/messages/webpack5
info  - Skipping validation of types...
info  - Creating an optimized production build...
[2025-08-11T20:59:49.008Z] $ node automation/git-sync.cjs 
[2025-08-11T20:59:50.248Z] cursor/fix-pm2-automations-16e9
cursor/fix-pm2-automations-16e9
Already up to date.
 M automation/logs/automation-guardian-10min.log
 M netlify/functions/functions-manifest.json
[cursor/fix-pm2-automations-16e9 08926e272d] chore(sync): fast autonomous sync
 2 files changed, 75 insertions(+), 1 deletion(-)
[2025-08-11T20:59:50.248Z] âœ… Automation Guardian (10m) finished
[2025-08-11T21:09:36.567Z] ðŸš€ Automation Guardian (10m) starting
[2025-08-11T21:09:36.569Z] $ npx eslint . --ext .js,.jsx,.ts,.tsx --fix
[2025-08-11T21:09:37.318Z] Command failed: npx eslint . --ext .js,.jsx,.ts,.tsx --fix
(node:5175) ESLintIgnoreWarning: The ".eslintignore" file is no longer supported. Switch to using the "ignores" property in "eslint.config.js": https://eslint.org/docs/latest/use/configure/migration-guide#ignoring-files
(Use `node --trace-warnings ...` to show where the warning was created)

Oops! Something went wrong! :(

ESLint: 9.33.0

ESLint couldn't find an eslint.config.(js|mjs|cjs) file.

From ESLint v9.0.0, the default configuration file is now eslint.config.js.
If you are using a .eslintrc.* file, please follow the migration guide
to update your configuration file to the new format:

https://eslint.org/docs/latest/use/configure/migration-guide

If you still have problems after following the migration guide, please stop by
https://eslint.org/chat/help to chat with the team.
[2025-08-11T21:09:37.319Z] $ node automation/homepage-promo-factory.cjs 
[2025-08-11T21:09:37.342Z] [homepage-promo-factory] No-op stub running.
[2025-08-11T21:09:37.342Z] $ npm run type-check
[2025-08-11T21:09:38.118Z] > bolt.new.zion.app@0.1.0 type-check
> tsc --noEmit

pages/site-health.tsx(11,25): error TS1127: Invalid character.
pages/site-health.tsx(11,33): error TS1382: Unexpected token. Did you mean `{'>'}` or `&gt;`?
pages/site-health.tsx(11,52): error TS17002: Expected corresponding JSX closing tag for 'ul'.
pages/site-health.tsx(12,11): error TS17002: Expected corresponding JSX closing tag for 'main'.
pages/site-health.tsx(13,9): error TS17002: Expected corresponding JSX closing tag for 'div'.
pages/site-health.tsx(14,5): error TS1005: ')' expected.
pages/site-health.tsx(15,3): error TS1109: Expression expected.
[2025-08-11T21:09:38.118Z] Type-check failed, attempting quick syntax repair
[2025-08-11T21:09:38.118Z] $ npm run build
[2025-08-11T21:09:39.187Z] > bolt.new.zion.app@0.1.0 prebuild
> npm run netlify:manifest


> bolt.new.zion.app@0.1.0 netlify:manifest
> node scripts/generate-netlify-functions-manifest.cjs

[manifest] Wrote /workspace/netlify/functions/functions-manifest.json with 64 functions.

> bolt.new.zion.app@0.1.0 build
> NODE_OPTIONS=--openssl-legacy-provider next build

info  - Using webpack 5. Reason: Enabled by default https://nextjs.org/docs/messages/webpack5
info  - Skipping validation of types...
info  - Creating an optimized production build...
[2025-08-11T21:09:39.187Z] Build failed, attempting comprehensive_fix then rebuild
[2025-08-11T21:09:39.187Z] $ npm run build
[2025-08-11T21:09:40.215Z] > bolt.new.zion.app@0.1.0 prebuild
> npm run netlify:manifest


> bolt.new.zion.app@0.1.0 netlify:manifest
> node scripts/generate-netlify-functions-manifest.cjs

[manifest] Wrote /workspace/netlify/functions/functions-manifest.json with 64 functions.

> bolt.new.zion.app@0.1.0 build
> NODE_OPTIONS=--openssl-legacy-provider next build

info  - Using webpack 5. Reason: Enabled by default https://nextjs.org/docs/messages/webpack5
info  - Skipping validation of types...
info  - Creating an optimized production build...
[2025-08-11T21:09:40.216Z] $ node automation/git-sync.cjs 
[2025-08-11T21:09:41.558Z] main
main
Updating 23c354fe9f..548939508d
Fast-forward
 _redirects => public/_redirects | 0
 1 file changed, 0 insertions(+), 0 deletions(-)
 rename _redirects => public/_redirects (100%)
 M automation/logs/automation-guardian-10min.log
 M netlify/functions/functions-manifest.json
[main de60d7cd86] chore(sync): fast autonomous sync
 2 files changed, 69 insertions(+), 1 deletion(-)
[2025-08-11T21:09:41.558Z] âœ… Automation Guardian (10m) finished
[2025-08-11T21:19:36.565Z] ðŸš€ Automation Guardian (10m) starting
[2025-08-11T21:19:36.567Z] $ npx eslint . --ext .js,.jsx,.ts,.tsx --fix
[2025-08-11T21:19:37.309Z] Command failed: npx eslint . --ext .js,.jsx,.ts,.tsx --fix
(node:6317) ESLintIgnoreWarning: The ".eslintignore" file is no longer supported. Switch to using the "ignores" property in "eslint.config.js": https://eslint.org/docs/latest/use/configure/migration-guide#ignoring-files
(Use `node --trace-warnings ...` to show where the warning was created)

Oops! Something went wrong! :(

ESLint: 9.33.0

ESLint couldn't find an eslint.config.(js|mjs|cjs) file.

From ESLint v9.0.0, the default configuration file is now eslint.config.js.
If you are using a .eslintrc.* file, please follow the migration guide
to update your configuration file to the new format:

https://eslint.org/docs/latest/use/configure/migration-guide

If you still have problems after following the migration guide, please stop by
https://eslint.org/chat/help to chat with the team.
[2025-08-11T21:19:37.310Z] $ node automation/homepage-promo-factory.cjs 
[2025-08-11T21:19:37.332Z] [homepage-promo-factory] No-op stub running.
[2025-08-11T21:19:37.332Z] $ npm run type-check
[2025-08-11T21:19:39.955Z] > bolt.new.zion.app@0.1.0 type-check
> tsc --noEmit
[2025-08-11T21:19:39.955Z] $ npm run build
[2025-08-11T21:19:41.028Z] > bolt.new.zion.app@0.1.0 prebuild
> npm run netlify:manifest


> bolt.new.zion.app@0.1.0 netlify:manifest
> node scripts/generate-netlify-functions-manifest.cjs

[manifest] Wrote /workspace/netlify/functions/functions-manifest.json with 64 functions.

> bolt.new.zion.app@0.1.0 build
> NODE_OPTIONS=--openssl-legacy-provider next build

info  - Using webpack 5. Reason: Enabled by default https://nextjs.org/docs/messages/webpack5
info  - Skipping validation of types...
info  - Creating an optimized production build...
[2025-08-11T21:19:41.029Z] Build failed, attempting comprehensive_fix then rebuild
[2025-08-11T21:19:41.029Z] $ npm run build
[2025-08-11T21:19:42.024Z] > bolt.new.zion.app@0.1.0 prebuild
> npm run netlify:manifest


> bolt.new.zion.app@0.1.0 netlify:manifest
> node scripts/generate-netlify-functions-manifest.cjs

[manifest] Wrote /workspace/netlify/functions/functions-manifest.json with 64 functions.

> bolt.new.zion.app@0.1.0 build
> NODE_OPTIONS=--openssl-legacy-provider next build

info  - Using webpack 5. Reason: Enabled by default https://nextjs.org/docs/messages/webpack5
info  - Skipping validation of types...
info  - Creating an optimized production build...
[2025-08-11T21:19:42.024Z] $ node automation/git-sync.cjs 
[2025-08-11T21:19:43.289Z] main
main
Merge made by the 'ours' strategy.
 M automation/logs/automation-guardian-10min.log
 M netlify/functions/functions-manifest.json
[main 8092ee61d0] chore(sync): fast autonomous sync
 2 files changed, 60 insertions(+), 1 deletion(-)
[2025-08-11T21:19:43.289Z] âœ… Automation Guardian (10m) finished
[2025-08-11T21:26:08.948Z] [homepage-promo-factory] No-op stub running.
[2025-08-11T21:26:09.138Z] $ npm run type-check
[2025-08-11T21:35:37.737Z] ðŸš€ Automation Guardian (10m) starting
[2025-08-11T21:35:37.743Z] $ npx eslint . --ext .js,.jsx,.ts,.tsx --fix
[2025-08-11T21:52:04.373Z] /Users/miami2/ ZION_APP_AUG_11_25/zion.app/netlify/functions/automation-matrix.js
  34:104  error  '_' is defined but never used  @typescript-eslint/no-unused-vars
  34:107  error  Empty block statement          no-empty
  37:93   error  '_' is defined but never used  @typescript-eslint/no-unused-vars
  37:96   error  Empty block statement          no-empty

/Users/miami2/ ZION_APP_AUG_11_25/zion.app/netlify/functions/fast-front-promoter.js
  4:10  error  'runNodeScript' is defined but never used  @typescript-eslint/no-unused-vars

/Users/miami2/ ZION_APP_AUG_11_25/zion.app/netlify/functions/features-capabilities-benefits-advertiser.js
  1:7  error  'path' is assigned a value but never used  @typescript-eslint/no-unused-vars

/Users/miami2/ ZION_APP_AUG_11_25/zion.app/netlify/functions/front-enhancer.js
  2:20  error  'execSync' is assigned a value but never used  @typescript-eslint/no-unused-vars
  4:10  error  'runNode' is defined but never used            @typescript-eslint/no-unused-vars

/Users/miami2/ ZION_APP_AUG_11_25/zion.app/netlify/functions/front-visionary-expander.js
  1:7  error  'path' is assigned a value but never used  @typescript-eslint/no-unused-vars

/Users/miami2/ ZION_APP_AUG_11_25/zion.app/netlify/functions/hyper-front-index-accelerator.js
  1:7  error  'path' is assigned a value but never used  @typescript-eslint/no-unused-vars

/Users/miami2/ ZION_APP_AUG_11_25/zion.app/netlify/functions/link-crawler.js
  31:12  error  'e' is defined but never used  @typescript-eslint/no-unused-vars

/Users/miami2/ ZION_APP_AUG_11_25/zion.app/netlify/functions/site-crawler.js
  35:12  error  'e' is defined but never used  @typescript-eslint/no-unused-vars

/Users/miami2/ ZION_APP_AUG_11_25/zion.app/netlify/functions/trigger-all-and-commit.js
   1:34  error  'event' is defined but never used    @typescript-eslint/no-unused-vars
   1:41  error  'context' is defined but never used  @typescript-eslint/no-unused-vars
  16:12  error  'e' is defined but never used        @typescript-eslint/no-unused-vars
  78:13  error  Empty block statement                no-empty

/Users/miami2/ ZION_APP_AUG_11_25/zion.app/netlify/plugins/run-functions-and-rerun/index.js
  32:16  error  'listFunctions' is defined but never used  @typescript-eslint/no-unused-vars
  32:32  error  'baseUrl' is defined but never used        @typescript-eslint/no-unused-vars

/Users/miami2/ ZION_APP_AUG_11_25/zion.app/scripts/generate-readme.js
  10:12  error  'err' is defined but never used         @typescript-eslint/no-unused-vars
  24:10  error  'countFiles' is defined but never used  @typescript-eslint/no-unused-vars

âœ– 20 problems (20 errors, 0 warnings)
[2025-08-11T21:52:04.384Z] $ node automation/homepage-promo-factory.cjs 
[2025-08-11T21:52:05.977Z] [homepage-promo-factory] No-op stub running.
[2025-08-11T21:52:06.056Z] $ npm run type-check
[2025-08-11T21:53:23.666Z] > bolt.new.zion.app@0.1.0 prebuild
> npm run netlify:manifest


> bolt.new.zion.app@0.1.0 netlify:manifest
> node scripts/generate-netlify-functions-manifest.cjs

[manifest] Wrote /Users/miami2/ ZION_APP_AUG_11_25/zion.app/netlify/functions/functions-manifest.json with 64 functions.

> bolt.new.zion.app@0.1.0 build
> NODE_OPTIONS=--openssl-legacy-provider next build

info  - Using webpack 5. Reason: Enabled by default https://nextjs.org/docs/messages/webpack5
info  - Skipping validation of types...
info  - Creating an optimized production build...
info  - Compiled successfully
info  - Collecting page data...
info  - Generating static pages (0/10)
info  - Generating static pages (2/10)
info  - Generating static pages (4/10)
info  - Generating static pages (7/10)
info  - Generating static pages (10/10)
info  - Finalizing page optimization...

Page                              Size     First Load JS
â”Œ â—‹ / (1468 ms)                   6.96 kB          74 kB
â”œ   /_app                         0 B              67 kB
â”œ â—‹ /404                          194 B          67.2 kB
â”œ â—‹ /automation (1383 ms)         1.48 kB        68.5 kB
â”œ â—‹ /front (1501 ms)              316 B          67.4 kB
â”œ â—‹ /main/front (20572 ms)        56.4 kB         123 kB
â”œ â—‹ /newsroom (1421 ms)           2.27 kB        69.3 kB
â”œ â—‹ /reports/ai-trends            299 B          67.3 kB
â”œ â—‹ /reports/seo (731 ms)         294 B          67.3 kB
â”” â—‹ /site-health                  559 B          67.6 kB
+ First Load JS shared by all     67 kB
  â”œ chunks/framework.b97a0e.js    42.1 kB
  â”œ chunks/main.decf7a.js         23.7 kB
  â”œ chunks/pages/_app.18db80.js   557 B
  â”œ chunks/webpack.1a8a25.js      734 B
  â”” css/79c9dbed782ecc541d68.css  6.44 kB

Î»  (Server)  server-side renders at runtime (uses getInitialProps or getServerSideProps)
â—‹  (Static)  automatically rendered as static HTML (uses no initial props)
â—  (SSG)     automatically generated as static HTML + JSON (uses getStaticProps)
   (ISR)     incremental static regeneration (uses revalidate in getStaticProps)


> bolt.new.zion.app@0.1.0 postbuild
> next export

info  - Using webpack 5. Reason: Enabled by default https://nextjs.org/docs/messages/webpack5
info  - using build directory: /Users/miami2/ ZION_APP_AUG_11_25/zion.app/.next
info  - Copying "static build" directory
info  - No "exportPathMap" found in "next.config.js". Generating map from "./pages"
info  - Launching 23 workers
info  - Exporting (0/9)
info  - Copying "public" directory
info  - Exporting (2/9)
info  - Exporting (4/9)
info  - Exporting (6/9)
info  - Exporting (9/9)
Export successful. Files written to /Users/miami2/ ZION_APP_AUG_11_25/zion.app/out
[2025-08-11T21:53:23.740Z] $ node automation/git-sync.cjs 
[2025-08-11T21:54:43.469Z] automation/advanced-git-sync-temp
automation/advanced-git-sync-temp
Already up to date.
 M automation/logs/automation-guardian-10min.log
 M public/automation/content-registry.json
[automation/advanced-git-sync-temp 77a8697797] chore(sync): fast autonomous sync
 2 files changed, 111 insertions(+), 1 deletion(-)
[2025-08-11T21:54:43.473Z] âœ… Automation Guardian (10m) finished
[2025-08-11T21:54:43.510Z] > bolt.new.zion.app@0.1.0 type-check
> tsc --noEmit
[2025-08-11T21:54:43.512Z] $ npm run build
[2025-08-11T21:56:25.141Z] ðŸš€ Automation Guardian (10m) starting
[2025-08-11T21:56:25.368Z] $ npx eslint . --ext .js,.jsx,.ts,.tsx --fix
[2025-08-11T21:58:59.604Z] /Users/miami2/ ZION_APP_AUG_11_25/zion.app/netlify/functions/automation-matrix.js
  34:104  error  '_' is defined but never used  @typescript-eslint/no-unused-vars
  34:107  error  Empty block statement          no-empty
  37:93   error  '_' is defined but never used  @typescript-eslint/no-unused-vars
  37:96   error  Empty block statement          no-empty

/Users/miami2/ ZION_APP_AUG_11_25/zion.app/netlify/functions/fast-front-promoter.js
  4:10  error  'runNodeScript' is defined but never used  @typescript-eslint/no-unused-vars

/Users/miami2/ ZION_APP_AUG_11_25/zion.app/netlify/functions/features-capabilities-benefits-advertiser.js
  1:7  error  'path' is assigned a value but never used  @typescript-eslint/no-unused-vars

/Users/miami2/ ZION_APP_AUG_11_25/zion.app/netlify/functions/front-enhancer.js
  2:20  error  'execSync' is assigned a value but never used  @typescript-eslint/no-unused-vars
  4:10  error  'runNode' is defined but never used            @typescript-eslint/no-unused-vars

/Users/miami2/ ZION_APP_AUG_11_25/zion.app/netlify/functions/front-visionary-expander.js
  1:7  error  'path' is assigned a value but never used  @typescript-eslint/no-unused-vars

/Users/miami2/ ZION_APP_AUG_11_25/zion.app/netlify/functions/hyper-front-index-accelerator.js
  1:7  error  'path' is assigned a value but never used  @typescript-eslint/no-unused-vars

/Users/miami2/ ZION_APP_AUG_11_25/zion.app/netlify/functions/link-crawler.js
  31:12  error  'e' is defined but never used  @typescript-eslint/no-unused-vars

/Users/miami2/ ZION_APP_AUG_11_25/zion.app/netlify/functions/site-crawler.js
  35:12  error  'e' is defined but never used  @typescript-eslint/no-unused-vars

/Users/miami2/ ZION_APP_AUG_11_25/zion.app/netlify/functions/trigger-all-and-commit.js
   1:34  error  'event' is defined but never used    @typescript-eslint/no-unused-vars
   1:41  error  'context' is defined but never used  @typescript-eslint/no-unused-vars
  16:12  error  'e' is defined but never used        @typescript-eslint/no-unused-vars
  78:13  error  Empty block statement                no-empty

/Users/miami2/ ZION_APP_AUG_11_25/zion.app/netlify/plugins/run-functions-and-rerun/index.js
  32:16  error  'listFunctions' is defined but never used  @typescript-eslint/no-unused-vars
  32:32  error  'baseUrl' is defined but never used        @typescript-eslint/no-unused-vars

/Users/miami2/ ZION_APP_AUG_11_25/zion.app/scripts/generate-readme.js
  10:12  error  'err' is defined but never used         @typescript-eslint/no-unused-vars
  24:10  error  'countFiles' is defined but never used  @typescript-eslint/no-unused-vars

âœ– 20 problems (20 errors, 0 warnings)
[2025-08-11T21:58:59.608Z] $ node automation/homepage-promo-factory.cjs 
[2025-08-11T21:58:59.915Z] [homepage-promo-factory] No-op stub running.
[2025-08-11T21:58:59.917Z] $ npm run type-check
[2025-08-11T22:04:33.391Z] ðŸš€ Automation Guardian (10m) starting
[2025-08-11T22:04:33.468Z] $ npx eslint . --ext .js,.jsx,.ts,.tsx --fix
[2025-08-11T22:04:46.342Z] /Users/miami2/ ZION_APP_AUG_11_25/zion.app/netlify/functions/automation-matrix.js
  34:104  error  '_' is defined but never used  @typescript-eslint/no-unused-vars
  34:107  error  Empty block statement          no-empty
  37:93   error  '_' is defined but never used  @typescript-eslint/no-unused-vars
  37:96   error  Empty block statement          no-empty

/Users/miami2/ ZION_APP_AUG_11_25/zion.app/netlify/functions/fast-front-promoter.js
  4:10  error  'runNodeScript' is defined but never used  @typescript-eslint/no-unused-vars

/Users/miami2/ ZION_APP_AUG_11_25/zion.app/netlify/functions/features-capabilities-benefits-advertiser.js
  1:7  error  'path' is assigned a value but never used  @typescript-eslint/no-unused-vars

/Users/miami2/ ZION_APP_AUG_11_25/zion.app/netlify/functions/front-enhancer.js
  2:20  error  'execSync' is assigned a value but never used  @typescript-eslint/no-unused-vars
  4:10  error  'runNode' is defined but never used            @typescript-eslint/no-unused-vars

/Users/miami2/ ZION_APP_AUG_11_25/zion.app/netlify/functions/front-visionary-expander.js
  1:7  error  'path' is assigned a value but never used  @typescript-eslint/no-unused-vars

/Users/miami2/ ZION_APP_AUG_11_25/zion.app/netlify/functions/hyper-front-index-accelerator.js
  1:7  error  'path' is assigned a value but never used  @typescript-eslint/no-unused-vars

/Users/miami2/ ZION_APP_AUG_11_25/zion.app/netlify/functions/link-crawler.js
  31:12  error  'e' is defined but never used  @typescript-eslint/no-unused-vars

/Users/miami2/ ZION_APP_AUG_11_25/zion.app/netlify/functions/site-crawler.js
  35:12  error  'e' is defined but never used  @typescript-eslint/no-unused-vars

/Users/miami2/ ZION_APP_AUG_11_25/zion.app/netlify/functions/trigger-all-and-commit.js
   1:34  error  'event' is defined but never used    @typescript-eslint/no-unused-vars
   1:41  error  'context' is defined but never used  @typescript-eslint/no-unused-vars
  16:12  error  'e' is defined but never used        @typescript-eslint/no-unused-vars
  78:13  error  Empty block statement                no-empty

/Users/miami2/ ZION_APP_AUG_11_25/zion.app/netlify/plugins/run-functions-and-rerun/index.js
  32:16  error  'listFunctions' is defined but never used  @typescript-eslint/no-unused-vars
  32:32  error  'baseUrl' is defined but never used        @typescript-eslint/no-unused-vars

/Users/miami2/ ZION_APP_AUG_11_25/zion.app/scripts/generate-readme.js
  10:12  error  'err' is defined but never used         @typescript-eslint/no-unused-vars
  24:10  error  'countFiles' is defined but never used  @typescript-eslint/no-unused-vars

âœ– 20 problems (20 errors, 0 warnings)
[2025-08-11T22:04:46.377Z] $ node automation/homepage-promo-factory.cjs 
[2025-08-11T22:04:46.516Z] [homepage-promo-factory] No-op stub running.
[2025-08-11T22:04:46.527Z] $ npm run type-check
[2025-08-11T22:05:13.076Z] > bolt.new.zion.app@0.1.0 type-check
> tsc --noEmit
[2025-08-11T22:05:13.076Z] $ npm run build
[2025-08-11T22:05:39.220Z] > bolt.new.zion.app@0.1.0 prebuild
> npm run netlify:manifest


> bolt.new.zion.app@0.1.0 netlify:manifest
> node scripts/generate-netlify-functions-manifest.cjs

[manifest] Wrote /Users/miami2/ ZION_APP_AUG_11_25/zion.app/netlify/functions/functions-manifest.json with 64 functions.

> bolt.new.zion.app@0.1.0 build
> NODE_OPTIONS=--openssl-legacy-provider next build

info  - Using webpack 5. Reason: Enabled by default https://nextjs.org/docs/messages/webpack5
info  - Skipping validation of types...
info  - Creating an optimized production build...
info  - Compiled successfully
info  - Collecting page data...
info  - Generating static pages (0/10)
info  - Generating static pages (2/10)
info  - Generating static pages (4/10)
info  - Generating static pages (7/10)
info  - Generating static pages (10/10)
info  - Finalizing page optimization...

Page                              Size     First Load JS
â”Œ â—‹ /                             6.96 kB          74 kB
â”œ   /_app                         0 B              67 kB
â”œ â—‹ /404                          194 B          67.2 kB
â”œ â—‹ /automation                   1.48 kB        68.5 kB
â”œ â—‹ /front                        316 B          67.4 kB
â”œ â—‹ /main/front (915 ms)          56.4 kB         123 kB
â”œ â—‹ /newsroom                     2.27 kB        69.3 kB
â”œ â—‹ /reports/ai-trends            299 B          67.3 kB
â”œ â—‹ /reports/seo                  294 B          67.3 kB
â”” â—‹ /site-health                  559 B          67.6 kB
+ First Load JS shared by all     67 kB
  â”œ chunks/framework.b97a0e.js    42.1 kB
  â”œ chunks/main.decf7a.js         23.7 kB
  â”œ chunks/pages/_app.18db80.js   557 B
  â”œ chunks/webpack.1a8a25.js      734 B
  â”” css/79c9dbed782ecc541d68.css  6.44 kB

Î»  (Server)  server-side renders at runtime (uses getInitialProps or getServerSideProps)
â—‹  (Static)  automatically rendered as static HTML (uses no initial props)
â—  (SSG)     automatically generated as static HTML + JSON (uses getStaticProps)
   (ISR)     incremental static regeneration (uses revalidate in getStaticProps)


> bolt.new.zion.app@0.1.0 postbuild
> next export

info  - Using webpack 5. Reason: Enabled by default https://nextjs.org/docs/messages/webpack5
info  - using build directory: /Users/miami2/ ZION_APP_AUG_11_25/zion.app/.next
info  - Copying "static build" directory
info  - No "exportPathMap" found in "next.config.js". Generating map from "./pages"
info  - Launching 23 workers
info  - Exporting (0/9)
info  - Copying "public" directory
info  - Exporting (2/9)
info  - Exporting (4/9)
info  - Exporting (6/9)
info  - Exporting (9/9)
Export successful. Files written to /Users/miami2/ ZION_APP_AUG_11_25/zion.app/out
[2025-08-11T22:05:39.221Z] $ node automation/git-sync.cjs 
[2025-08-11T22:06:26.939Z] automation/advanced-git-sync-temp
automation/advanced-git-sync-temp
Already up to date.
 M automation/logs/automation-guardian-10min.log
 M netlify/functions/functions-manifest.json
[automation/advanced-git-sync-temp 08004cf7d5] chore(sync): fast autonomous sync
 2 files changed, 114 insertions(+), 1 deletion(-)
[2025-08-11T22:06:26.971Z] âœ… Automation Guardian (10m) finished
[2025-08-11T22:10:14.142Z] ðŸš€ Automation Guardian (10m) starting
[2025-08-11T22:10:14.165Z] $ npx eslint . --ext .js,.jsx,.ts,.tsx --fix
[2025-08-11T22:10:47.709Z] /Users/miami2/ ZION_APP_AUG_11_25/zion.app/netlify/functions/automation-matrix.js
  34:104  error  '_' is defined but never used  @typescript-eslint/no-unused-vars
  34:107  error  Empty block statement          no-empty
  37:93   error  '_' is defined but never used  @typescript-eslint/no-unused-vars
  37:96   error  Empty block statement          no-empty

/Users/miami2/ ZION_APP_AUG_11_25/zion.app/netlify/functions/fast-front-promoter.js
  4:10  error  'runNodeScript' is defined but never used  @typescript-eslint/no-unused-vars

/Users/miami2/ ZION_APP_AUG_11_25/zion.app/netlify/functions/features-capabilities-benefits-advertiser.js
  1:7  error  'path' is assigned a value but never used  @typescript-eslint/no-unused-vars

/Users/miami2/ ZION_APP_AUG_11_25/zion.app/netlify/functions/front-enhancer.js
  2:20  error  'execSync' is assigned a value but never used  @typescript-eslint/no-unused-vars
  4:10  error  'runNode' is defined but never used            @typescript-eslint/no-unused-vars

/Users/miami2/ ZION_APP_AUG_11_25/zion.app/netlify/functions/front-visionary-expander.js
  1:7  error  'path' is assigned a value but never used  @typescript-eslint/no-unused-vars

/Users/miami2/ ZION_APP_AUG_11_25/zion.app/netlify/functions/hyper-front-index-accelerator.js
  1:7  error  'path' is assigned a value but never used  @typescript-eslint/no-unused-vars

/Users/miami2/ ZION_APP_AUG_11_25/zion.app/netlify/functions/link-crawler.js
  31:12  error  'e' is defined but never used  @typescript-eslint/no-unused-vars

/Users/miami2/ ZION_APP_AUG_11_25/zion.app/netlify/functions/site-crawler.js
  35:12  error  'e' is defined but never used  @typescript-eslint/no-unused-vars

/Users/miami2/ ZION_APP_AUG_11_25/zion.app/netlify/functions/trigger-all-and-commit.js
   1:34  error  'event' is defined but never used    @typescript-eslint/no-unused-vars
   1:41  error  'context' is defined but never used  @typescript-eslint/no-unused-vars
  16:12  error  'e' is defined but never used        @typescript-eslint/no-unused-vars
  78:13  error  Empty block statement                no-empty

/Users/miami2/ ZION_APP_AUG_11_25/zion.app/netlify/plugins/run-functions-and-rerun/index.js
  32:16  error  'listFunctions' is defined but never used  @typescript-eslint/no-unused-vars
  32:32  error  'baseUrl' is defined but never used        @typescript-eslint/no-unused-vars

/Users/miami2/ ZION_APP_AUG_11_25/zion.app/scripts/generate-readme.js
  10:12  error  'err' is defined but never used         @typescript-eslint/no-unused-vars
  24:10  error  'countFiles' is defined but never used  @typescript-eslint/no-unused-vars

âœ– 20 problems (20 errors, 0 warnings)
[2025-08-11T22:10:47.718Z] $ node automation/homepage-promo-factory.cjs 
[2025-08-11T22:10:47.932Z] [homepage-promo-factory] No-op stub running.
[2025-08-11T22:10:47.932Z] $ npm run type-check
[2025-08-11T22:11:31.178Z] > bolt.new.zion.app@0.1.0 type-check
> tsc --noEmit
[2025-08-11T22:11:31.179Z] $ npm run build
[2025-08-11T22:12:19.793Z] > bolt.new.zion.app@0.1.0 prebuild
> npm run netlify:manifest


> bolt.new.zion.app@0.1.0 netlify:manifest
> node scripts/generate-netlify-functions-manifest.cjs

[manifest] Wrote /Users/miami2/ ZION_APP_AUG_11_25/zion.app/netlify/functions/functions-manifest.json with 64 functions.

> bolt.new.zion.app@0.1.0 build
> NODE_OPTIONS=--openssl-legacy-provider next build

info  - Using webpack 5. Reason: Enabled by default https://nextjs.org/docs/messages/webpack5
info  - Skipping validation of types...
info  - Creating an optimized production build...
info  - Compiled successfully
info  - Collecting page data...
info  - Generating static pages (0/10)
info  - Generating static pages (2/10)
info  - Generating static pages (4/10)
info  - Generating static pages (7/10)
info  - Generating static pages (10/10)
info  - Finalizing page optimization...

Page                              Size     First Load JS
â”Œ â—‹ / (426 ms)                    6.96 kB          74 kB
â”œ   /_app                         0 B              67 kB
â”œ â—‹ /404                          194 B          67.2 kB
â”œ â—‹ /automation                   1.48 kB        68.5 kB
â”œ â—‹ /front (332 ms)               316 B          67.4 kB
â”œ â—‹ /main/front (1522 ms)         56.4 kB         123 kB
â”œ â—‹ /newsroom (391 ms)            2.27 kB        69.3 kB
â”œ â—‹ /reports/ai-trends (308 ms)   299 B          67.3 kB
â”œ â—‹ /reports/seo                  294 B          67.3 kB
â”” â—‹ /site-health                  559 B          67.6 kB
+ First Load JS shared by all     67 kB
  â”œ chunks/framework.b97a0e.js    42.1 kB
  â”œ chunks/main.decf7a.js         23.7 kB
  â”œ chunks/pages/_app.18db80.js   557 B
  â”œ chunks/webpack.1a8a25.js      734 B
  â”” css/79c9dbed782ecc541d68.css  6.44 kB

Î»  (Server)  server-side renders at runtime (uses getInitialProps or getServerSideProps)
â—‹  (Static)  automatically rendered as static HTML (uses no initial props)
â—  (SSG)     automatically generated as static HTML + JSON (uses getStaticProps)
   (ISR)     incremental static regeneration (uses revalidate in getStaticProps)


> bolt.new.zion.app@0.1.0 postbuild
> next export

info  - Using webpack 5. Reason: Enabled by default https://nextjs.org/docs/messages/webpack5
info  - using build directory: /Users/miami2/ ZION_APP_AUG_11_25/zion.app/.next
info  - Copying "static build" directory
info  - No "exportPathMap" found in "next.config.js". Generating map from "./pages"
info  - Launching 23 workers
info  - Exporting (0/9)
info  - Copying "public" directory
info  - Exporting (2/9)
info  - Exporting (4/9)
info  - Exporting (6/9)
info  - Exporting (9/9)
Export successful. Files written to /Users/miami2/ ZION_APP_AUG_11_25/zion.app/out
[2025-08-11T22:12:19.798Z] $ node automation/git-sync.cjs 
[2025-08-11T22:12:50.266Z] automation/advanced-git-sync-temp
automation/advanced-git-sync-temp
Already up to date.
 M automation/logs/automation-guardian-10min.log
 M netlify/functions/functions-manifest.json
[automation/advanced-git-sync-temp 91c1877c7f] chore(sync): fast autonomous sync
 2 files changed, 114 insertions(+), 1 deletion(-)
[2025-08-11T22:12:50.289Z] âœ… Automation Guardian (10m) finished
[2025-08-11T22:20:14.396Z] ðŸš€ Automation Guardian (10m) starting
[2025-08-11T22:20:14.409Z] $ npx eslint . --ext .js,.jsx,.ts,.tsx --fix
[2025-08-11T22:20:40.594Z] /Users/miami2/ ZION_APP_AUG_11_25/zion.app/netlify/functions/automation-matrix.js
  34:104  error  '_' is defined but never used  @typescript-eslint/no-unused-vars
  34:107  error  Empty block statement          no-empty
  37:93   error  '_' is defined but never used  @typescript-eslint/no-unused-vars
  37:96   error  Empty block statement          no-empty

/Users/miami2/ ZION_APP_AUG_11_25/zion.app/netlify/functions/fast-front-promoter.js
  4:10  error  'runNodeScript' is defined but never used  @typescript-eslint/no-unused-vars

/Users/miami2/ ZION_APP_AUG_11_25/zion.app/netlify/functions/features-capabilities-benefits-advertiser.js
  1:7  error  'path' is assigned a value but never used  @typescript-eslint/no-unused-vars

/Users/miami2/ ZION_APP_AUG_11_25/zion.app/netlify/functions/front-enhancer.js
  2:20  error  'execSync' is assigned a value but never used  @typescript-eslint/no-unused-vars
  4:10  error  'runNode' is defined but never used            @typescript-eslint/no-unused-vars

/Users/miami2/ ZION_APP_AUG_11_25/zion.app/netlify/functions/front-visionary-expander.js
  1:7  error  'path' is assigned a value but never used  @typescript-eslint/no-unused-vars

/Users/miami2/ ZION_APP_AUG_11_25/zion.app/netlify/functions/hyper-front-index-accelerator.js
  1:7  error  'path' is assigned a value but never used  @typescript-eslint/no-unused-vars

/Users/miami2/ ZION_APP_AUG_11_25/zion.app/netlify/functions/link-crawler.js
  31:12  error  'e' is defined but never used  @typescript-eslint/no-unused-vars

/Users/miami2/ ZION_APP_AUG_11_25/zion.app/netlify/functions/site-crawler.js
  35:12  error  'e' is defined but never used  @typescript-eslint/no-unused-vars

/Users/miami2/ ZION_APP_AUG_11_25/zion.app/netlify/functions/trigger-all-and-commit.js
   1:34  error  'event' is defined but never used    @typescript-eslint/no-unused-vars
   1:41  error  'context' is defined but never used  @typescript-eslint/no-unused-vars
  16:12  error  'e' is defined but never used        @typescript-eslint/no-unused-vars
  78:13  error  Empty block statement                no-empty

/Users/miami2/ ZION_APP_AUG_11_25/zion.app/netlify/plugins/run-functions-and-rerun/index.js
  32:16  error  'listFunctions' is defined but never used  @typescript-eslint/no-unused-vars
  32:32  error  'baseUrl' is defined but never used        @typescript-eslint/no-unused-vars

/Users/miami2/ ZION_APP_AUG_11_25/zion.app/scripts/generate-readme.js
  10:12  error  'err' is defined but never used         @typescript-eslint/no-unused-vars
  24:10  error  'countFiles' is defined but never used  @typescript-eslint/no-unused-vars

âœ– 20 problems (20 errors, 0 warnings)
[2025-08-11T22:20:40.675Z] $ node automation/homepage-promo-factory.cjs 
[2025-08-11T22:20:41.884Z] [homepage-promo-factory] No-op stub running.
[2025-08-11T22:20:41.886Z] $ npm run type-check
[2025-08-11T22:21:20.867Z] > bolt.new.zion.app@0.1.0 type-check
> tsc --noEmit
[2025-08-11T22:21:20.869Z] $ npm run build
[2025-08-11T22:22:29.820Z] > bolt.new.zion.app@0.1.0 prebuild
> npm run netlify:manifest


> bolt.new.zion.app@0.1.0 netlify:manifest
> node scripts/generate-netlify-functions-manifest.cjs

[manifest] Wrote /Users/miami2/ ZION_APP_AUG_11_25/zion.app/netlify/functions/functions-manifest.json with 64 functions.

> bolt.new.zion.app@0.1.0 build
> NODE_OPTIONS=--openssl-legacy-provider next build

info  - Using webpack 5. Reason: Enabled by default https://nextjs.org/docs/messages/webpack5
info  - Skipping validation of types...
info  - Creating an optimized production build...
info  - Compiled successfully
info  - Collecting page data...
info  - Generating static pages (0/10)
info  - Generating static pages (2/10)
info  - Generating static pages (4/10)
info  - Generating static pages (7/10)
info  - Generating static pages (10/10)
info  - Finalizing page optimization...

Page                              Size     First Load JS
â”Œ â—‹ / (618 ms)                    6.96 kB          74 kB
â”œ   /_app                         0 B              67 kB
â”œ â—‹ /404                          194 B          67.2 kB
â”œ â—‹ /automation (870 ms)          1.48 kB        68.5 kB
â”œ â—‹ /front (602 ms)               316 B          67.4 kB
â”œ â—‹ /main/front (2691 ms)         56.4 kB         123 kB
â”œ â—‹ /newsroom (592 ms)            2.27 kB        69.3 kB
â”œ â—‹ /reports/ai-trends (419 ms)   299 B          67.3 kB
â”œ â—‹ /reports/seo (372 ms)         294 B          67.3 kB
â”” â—‹ /site-health (902 ms)         559 B          67.6 kB
+ First Load JS shared by all     67 kB
  â”œ chunks/framework.b97a0e.js    42.1 kB
  â”œ chunks/main.decf7a.js         23.7 kB
  â”œ chunks/pages/_app.18db80.js   557 B
  â”œ chunks/webpack.1a8a25.js      734 B
  â”” css/79c9dbed782ecc541d68.css  6.44 kB

Î»  (Server)  server-side renders at runtime (uses getInitialProps or getServerSideProps)
â—‹  (Static)  automatically rendered as static HTML (uses no initial props)
â—  (SSG)     automatically generated as static HTML + JSON (uses getStaticProps)
   (ISR)     incremental static regeneration (uses revalidate in getStaticProps)


> bolt.new.zion.app@0.1.0 postbuild
> next export

info  - Using webpack 5. Reason: Enabled by default https://nextjs.org/docs/messages/webpack5
info  - using build directory: /Users/miami2/ ZION_APP_AUG_11_25/zion.app/.next
info  - Copying "static build" directory
info  - No "exportPathMap" found in "next.config.js". Generating map from "./pages"
info  - Launching 23 workers
info  - Exporting (0/9)
info  - Copying "public" directory
info  - Exporting (2/9)
info  - Exporting (4/9)
info  - Exporting (6/9)
info  - Exporting (9/9)
Export successful. Files written to /Users/miami2/ ZION_APP_AUG_11_25/zion.app/out
[2025-08-11T22:22:29.824Z] $ node automation/git-sync.cjs 
[2025-08-11T22:24:34.164Z] automation/advanced-git-sync-temp
automation/advanced-git-sync-temp
Merge made by the 'ours' strategy.
 M automation/logs/automation-guardian-10min.log
 M netlify/functions/functions-manifest.json
[automation/advanced-git-sync-temp 199c9ef5b9] chore(sync): fast autonomous sync
 2 files changed, 114 insertions(+), 1 deletion(-)
[2025-08-11T22:24:34.275Z] âœ… Automation Guardian (10m) finished
[2025-08-11T22:30:27.903Z] ðŸš€ Automation Guardian (10m) starting
[2025-08-11T22:30:27.927Z] $ npx eslint . --ext .js,.jsx,.ts,.tsx --fix
[2025-08-11T22:32:33.237Z] /Users/miami2/ ZION_APP_AUG_11_25/zion.app/netlify/functions/automation-matrix.js
  34:104  error  '_' is defined but never used  @typescript-eslint/no-unused-vars
  34:107  error  Empty block statement          no-empty
  37:93   error  '_' is defined but never used  @typescript-eslint/no-unused-vars
  37:96   error  Empty block statement          no-empty

/Users/miami2/ ZION_APP_AUG_11_25/zion.app/netlify/functions/fast-front-promoter.js
  4:10  error  'runNodeScript' is defined but never used  @typescript-eslint/no-unused-vars

/Users/miami2/ ZION_APP_AUG_11_25/zion.app/netlify/functions/features-capabilities-benefits-advertiser.js
  1:7  error  'path' is assigned a value but never used  @typescript-eslint/no-unused-vars

/Users/miami2/ ZION_APP_AUG_11_25/zion.app/netlify/functions/front-enhancer.js
  2:20  error  'execSync' is assigned a value but never used  @typescript-eslint/no-unused-vars
  4:10  error  'runNode' is defined but never used            @typescript-eslint/no-unused-vars

/Users/miami2/ ZION_APP_AUG_11_25/zion.app/netlify/functions/front-visionary-expander.js
  1:7  error  'path' is assigned a value but never used  @typescript-eslint/no-unused-vars

/Users/miami2/ ZION_APP_AUG_11_25/zion.app/netlify/functions/hyper-front-index-accelerator.js
  1:7  error  'path' is assigned a value but never used  @typescript-eslint/no-unused-vars

/Users/miami2/ ZION_APP_AUG_11_25/zion.app/netlify/functions/link-crawler.js
  31:12  error  'e' is defined but never used  @typescript-eslint/no-unused-vars

/Users/miami2/ ZION_APP_AUG_11_25/zion.app/netlify/functions/site-crawler.js
  35:12  error  'e' is defined but never used  @typescript-eslint/no-unused-vars

/Users/miami2/ ZION_APP_AUG_11_25/zion.app/netlify/functions/trigger-all-and-commit.js
   1:34  error  'event' is defined but never used    @typescript-eslint/no-unused-vars
   1:41  error  'context' is defined but never used  @typescript-eslint/no-unused-vars
  16:12  error  'e' is defined but never used        @typescript-eslint/no-unused-vars
  78:13  error  Empty block statement                no-empty

/Users/miami2/ ZION_APP_AUG_11_25/zion.app/netlify/plugins/run-functions-and-rerun/index.js
  32:16  error  'listFunctions' is defined but never used  @typescript-eslint/no-unused-vars
  32:32  error  'baseUrl' is defined but never used        @typescript-eslint/no-unused-vars

/Users/miami2/ ZION_APP_AUG_11_25/zion.app/scripts/generate-readme.js
  10:12  error  'err' is defined but never used         @typescript-eslint/no-unused-vars
  24:10  error  'countFiles' is defined but never used  @typescript-eslint/no-unused-vars

âœ– 20 problems (20 errors, 0 warnings)
[2025-08-11T22:32:33.240Z] $ node automation/homepage-promo-factory.cjs 
[2025-08-11T22:33:19.226Z] [homepage-promo-factory] No-op stub running.
[2025-08-11T22:33:19.228Z] $ npm run type-check
[2025-08-11T22:34:35.674Z] > bolt.new.zion.app@0.1.0 type-check
> tsc --noEmit
[2025-08-11T22:34:35.678Z] $ npm run build
[2025-08-11T22:40:51.898Z] ðŸš€ Automation Guardian (10m) starting
[2025-08-11T22:40:52.181Z] $ npx eslint . --ext .js,.jsx,.ts,.tsx --fix
[2025-08-11T22:47:28.489Z] /Users/miami2/ ZION_APP_AUG_11_25/zion.app/netlify/functions/automation-matrix.js
  34:104  error  '_' is defined but never used  @typescript-eslint/no-unused-vars
  34:107  error  Empty block statement          no-empty
  37:93   error  '_' is defined but never used  @typescript-eslint/no-unused-vars
  37:96   error  Empty block statement          no-empty

/Users/miami2/ ZION_APP_AUG_11_25/zion.app/netlify/functions/fast-front-promoter.js
  4:10  error  'runNodeScript' is defined but never used  @typescript-eslint/no-unused-vars

/Users/miami2/ ZION_APP_AUG_11_25/zion.app/netlify/functions/features-capabilities-benefits-advertiser.js
  1:7  error  'path' is assigned a value but never used  @typescript-eslint/no-unused-vars

/Users/miami2/ ZION_APP_AUG_11_25/zion.app/netlify/functions/front-enhancer.js
  2:20  error  'execSync' is assigned a value but never used  @typescript-eslint/no-unused-vars
  4:10  error  'runNode' is defined but never used            @typescript-eslint/no-unused-vars

/Users/miami2/ ZION_APP_AUG_11_25/zion.app/netlify/functions/front-visionary-expander.js
  1:7  error  'path' is assigned a value but never used  @typescript-eslint/no-unused-vars

/Users/miami2/ ZION_APP_AUG_11_25/zion.app/netlify/functions/hyper-front-index-accelerator.js
  1:7  error  'path' is assigned a value but never used  @typescript-eslint/no-unused-vars

/Users/miami2/ ZION_APP_AUG_11_25/zion.app/netlify/functions/link-crawler.js
  31:12  error  'e' is defined but never used  @typescript-eslint/no-unused-vars

/Users/miami2/ ZION_APP_AUG_11_25/zion.app/netlify/functions/site-crawler.js
  35:12  error  'e' is defined but never used  @typescript-eslint/no-unused-vars

/Users/miami2/ ZION_APP_AUG_11_25/zion.app/netlify/functions/trigger-all-and-commit.js
   1:34  error  'event' is defined but never used    @typescript-eslint/no-unused-vars
   1:41  error  'context' is defined but never used  @typescript-eslint/no-unused-vars
  16:12  error  'e' is defined but never used        @typescript-eslint/no-unused-vars
  78:13  error  Empty block statement                no-empty

/Users/miami2/ ZION_APP_AUG_11_25/zion.app/netlify/plugins/run-functions-and-rerun/index.js
  32:16  error  'listFunctions' is defined but never used  @typescript-eslint/no-unused-vars
  32:32  error  'baseUrl' is defined but never used        @typescript-eslint/no-unused-vars

/Users/miami2/ ZION_APP_AUG_11_25/zion.app/scripts/generate-readme.js
  10:12  error  'err' is defined but never used         @typescript-eslint/no-unused-vars
  24:10  error  'countFiles' is defined but never used  @typescript-eslint/no-unused-vars

âœ– 20 problems (20 errors, 0 warnings)
[2025-08-11T22:47:28.493Z] $ node automation/homepage-promo-factory.cjs 
[2025-08-11T22:47:29.081Z] [homepage-promo-factory] No-op stub running.
[2025-08-11T22:47:29.081Z] $ npm run type-check
[2025-08-11T22:48:12.384Z] > bolt.new.zion.app@0.1.0 prebuild
> npm run netlify:manifest


> bolt.new.zion.app@0.1.0 netlify:manifest
> node scripts/generate-netlify-functions-manifest.cjs

[manifest] Wrote /Users/miami2/ ZION_APP_AUG_11_25/zion.app/netlify/functions/functions-manifest.json with 64 functions.

> bolt.new.zion.app@0.1.0 build
> NODE_OPTIONS=--openssl-legacy-provider next build

info  - Using webpack 5. Reason: Enabled by default https://nextjs.org/docs/messages/webpack5
info  - Skipping validation of types...
info  - Creating an optimized production build...
info  - Compiled successfully
info  - Collecting page data...
info  - Generating static pages (0/10)
info  - Generating static pages (2/10)
info  - Generating static pages (4/10)
info  - Generating static pages (7/10)
info  - Generating static pages (10/10)
info  - Finalizing page optimization...

Page                              Size     First Load JS
â”Œ â—‹ / (504 ms)                    6.96 kB          74 kB
â”œ   /_app                         0 B              67 kB
â”œ â—‹ /404                          194 B          67.2 kB
â”œ â—‹ /automation (381 ms)          1.48 kB        68.5 kB
â”œ â—‹ /front (499 ms)               316 B          67.4 kB
â”œ â—‹ /main/front (3097 ms)         56.4 kB         123 kB
â”œ â—‹ /newsroom (415 ms)            2.27 kB        69.3 kB
â”œ â—‹ /reports/ai-trends (325 ms)   299 B          67.3 kB
â”œ â—‹ /reports/seo                  294 B          67.3 kB
â”” â—‹ /site-health                  559 B          67.6 kB
+ First Load JS shared by all     67 kB
  â”œ chunks/framework.b97a0e.js    42.1 kB
  â”œ chunks/main.decf7a.js         23.7 kB
  â”œ chunks/pages/_app.18db80.js   557 B
  â”œ chunks/webpack.1a8a25.js      734 B
  â”” css/79c9dbed782ecc541d68.css  6.44 kB

Î»  (Server)  server-side renders at runtime (uses getInitialProps or getServerSideProps)
â—‹  (Static)  automatically rendered as static HTML (uses no initial props)
â—  (SSG)     automatically generated as static HTML + JSON (uses getStaticProps)
   (ISR)     incremental static regeneration (uses revalidate in getStaticProps)


> bolt.new.zion.app@0.1.0 postbuild
> next export

info  - Using webpack 5. Reason: Enabled by default https://nextjs.org/docs/messages/webpack5
info  - using build directory: /Users/miami2/ ZION_APP_AUG_11_25/zion.app/.next
info  - Copying "static build" directory
info  - No "exportPathMap" found in "next.config.js". Generating map from "./pages"
info  - Launching 23 workers
info  - Exporting (0/9)
info  - Copying "public" directory
info  - Exporting (2/9)
info  - Exporting (4/9)
info  - Exporting (6/9)
info  - Exporting (9/9)
Export successful. Files written to /Users/miami2/ ZION_APP_AUG_11_25/zion.app/out
[2025-08-11T22:48:12.419Z] $ node automation/git-sync.cjs 
[2025-08-11T22:49:45.624Z] > bolt.new.zion.app@0.1.0 type-check
> tsc --noEmit
[2025-08-11T22:49:45.650Z] $ npm run build
[2025-08-11T22:51:50.235Z] ðŸš€ Automation Guardian (10m) starting
[2025-08-11T22:51:50.427Z] $ npx eslint . --ext .js,.jsx,.ts,.tsx --fix
[2025-08-11T22:58:48.246Z] /Users/miami2/ ZION_APP_AUG_11_25/zion.app/netlify/functions/automation-matrix.js
  34:104  error  '_' is defined but never used  @typescript-eslint/no-unused-vars
  34:107  error  Empty block statement          no-empty
  37:93   error  '_' is defined but never used  @typescript-eslint/no-unused-vars
  37:96   error  Empty block statement          no-empty

/Users/miami2/ ZION_APP_AUG_11_25/zion.app/netlify/functions/fast-front-promoter.js
  4:10  error  'runNodeScript' is defined but never used  @typescript-eslint/no-unused-vars

/Users/miami2/ ZION_APP_AUG_11_25/zion.app/netlify/functions/features-capabilities-benefits-advertiser.js
  1:7  error  'path' is assigned a value but never used  @typescript-eslint/no-unused-vars

/Users/miami2/ ZION_APP_AUG_11_25/zion.app/netlify/functions/front-enhancer.js
  2:20  error  'execSync' is assigned a value but never used  @typescript-eslint/no-unused-vars
  4:10  error  'runNode' is defined but never used            @typescript-eslint/no-unused-vars

/Users/miami2/ ZION_APP_AUG_11_25/zion.app/netlify/functions/front-visionary-expander.js
  1:7  error  'path' is assigned a value but never used  @typescript-eslint/no-unused-vars

/Users/miami2/ ZION_APP_AUG_11_25/zion.app/netlify/functions/hyper-front-index-accelerator.js
  1:7  error  'path' is assigned a value but never used  @typescript-eslint/no-unused-vars

/Users/miami2/ ZION_APP_AUG_11_25/zion.app/netlify/functions/link-crawler.js
  31:12  error  'e' is defined but never used  @typescript-eslint/no-unused-vars

/Users/miami2/ ZION_APP_AUG_11_25/zion.app/netlify/functions/site-crawler.js
  35:12  error  'e' is defined but never used  @typescript-eslint/no-unused-vars

/Users/miami2/ ZION_APP_AUG_11_25/zion.app/netlify/functions/trigger-all-and-commit.js
   1:34  error  'event' is defined but never used    @typescript-eslint/no-unused-vars
   1:41  error  'context' is defined but never used  @typescript-eslint/no-unused-vars
  16:12  error  'e' is defined but never used        @typescript-eslint/no-unused-vars
  78:13  error  Empty block statement                no-empty

/Users/miami2/ ZION_APP_AUG_11_25/zion.app/netlify/plugins/run-functions-and-rerun/index.js
  32:16  error  'listFunctions' is defined but never used  @typescript-eslint/no-unused-vars
  32:32  error  'baseUrl' is defined but never used        @typescript-eslint/no-unused-vars

/Users/miami2/ ZION_APP_AUG_11_25/zion.app/scripts/generate-readme.js
  10:12  error  'err' is defined but never used         @typescript-eslint/no-unused-vars
  24:10  error  'countFiles' is defined but never used  @typescript-eslint/no-unused-vars

âœ– 20 problems (20 errors, 0 warnings)
[2025-08-11T22:58:48.250Z] $ node automation/homepage-promo-factory.cjs 
[2025-08-11T22:58:48.388Z] [homepage-promo-factory] No-op stub running.
[2025-08-11T22:58:48.389Z] $ npm run type-check
[2025-08-11T23:03:15.516Z] ðŸš€ Automation Guardian (10m) starting
[2025-08-11T23:03:15.523Z] $ npx eslint . --ext .js,.jsx,.ts,.tsx --fix
[2025-08-11T23:03:28.703Z] /Users/miami2/ ZION_APP_AUG_11_25/zion.app/netlify/functions/automation-matrix.js
  34:104  error  '_' is defined but never used  @typescript-eslint/no-unused-vars
  34:107  error  Empty block statement          no-empty
  37:93   error  '_' is defined but never used  @typescript-eslint/no-unused-vars
  37:96   error  Empty block statement          no-empty

/Users/miami2/ ZION_APP_AUG_11_25/zion.app/netlify/functions/fast-front-promoter.js
  4:10  error  'runNodeScript' is defined but never used  @typescript-eslint/no-unused-vars

/Users/miami2/ ZION_APP_AUG_11_25/zion.app/netlify/functions/features-capabilities-benefits-advertiser.js
  1:7  error  'path' is assigned a value but never used  @typescript-eslint/no-unused-vars

/Users/miami2/ ZION_APP_AUG_11_25/zion.app/netlify/functions/front-enhancer.js
  2:20  error  'execSync' is assigned a value but never used  @typescript-eslint/no-unused-vars
  4:10  error  'runNode' is defined but never used            @typescript-eslint/no-unused-vars

/Users/miami2/ ZION_APP_AUG_11_25/zion.app/netlify/functions/front-visionary-expander.js
  1:7  error  'path' is assigned a value but never used  @typescript-eslint/no-unused-vars

/Users/miami2/ ZION_APP_AUG_11_25/zion.app/netlify/functions/hyper-front-index-accelerator.js
  1:7  error  'path' is assigned a value but never used  @typescript-eslint/no-unused-vars

/Users/miami2/ ZION_APP_AUG_11_25/zion.app/netlify/functions/link-crawler.js
  31:12  error  'e' is defined but never used  @typescript-eslint/no-unused-vars

/Users/miami2/ ZION_APP_AUG_11_25/zion.app/netlify/functions/site-crawler.js
  35:12  error  'e' is defined but never used  @typescript-eslint/no-unused-vars

/Users/miami2/ ZION_APP_AUG_11_25/zion.app/netlify/functions/trigger-all-and-commit.js
   1:34  error  'event' is defined but never used    @typescript-eslint/no-unused-vars
   1:41  error  'context' is defined but never used  @typescript-eslint/no-unused-vars
  16:12  error  'e' is defined but never used        @typescript-eslint/no-unused-vars
  78:13  error  Empty block statement                no-empty

/Users/miami2/ ZION_APP_AUG_11_25/zion.app/netlify/plugins/run-functions-and-rerun/index.js
  32:16  error  'listFunctions' is defined but never used  @typescript-eslint/no-unused-vars
  32:32  error  'baseUrl' is defined but never used        @typescript-eslint/no-unused-vars

/Users/miami2/ ZION_APP_AUG_11_25/zion.app/scripts/generate-readme.js
  10:12  error  'err' is defined but never used         @typescript-eslint/no-unused-vars
  24:10  error  'countFiles' is defined but never used  @typescript-eslint/no-unused-vars

âœ– 20 problems (20 errors, 0 warnings)
[2025-08-11T23:03:28.705Z] $ node automation/homepage-promo-factory.cjs 
[2025-08-11T23:03:28.808Z] [homepage-promo-factory] No-op stub running.
[2025-08-11T23:03:28.809Z] $ npm run type-check
[2025-08-11T23:03:45.812Z] > bolt.new.zion.app@0.1.0 type-check
> tsc --noEmit
[2025-08-11T23:03:46.576Z] $ npm run build
[2025-08-11T23:04:13.867Z] > bolt.new.zion.app@0.1.0 prebuild
> npm run netlify:manifest


> bolt.new.zion.app@0.1.0 netlify:manifest
> node scripts/generate-netlify-functions-manifest.cjs

[manifest] Wrote /Users/miami2/ ZION_APP_AUG_11_25/zion.app/netlify/functions/functions-manifest.json with 64 functions.

> bolt.new.zion.app@0.1.0 build
> NODE_OPTIONS=--openssl-legacy-provider next build

info  - Using webpack 5. Reason: Enabled by default https://nextjs.org/docs/messages/webpack5
info  - Skipping validation of types...
info  - Creating an optimized production build...
info  - Compiled successfully
info  - Collecting page data...
info  - Generating static pages (0/10)
info  - Generating static pages (2/10)
info  - Generating static pages (4/10)
info  - Generating static pages (7/10)
info  - Generating static pages (10/10)
info  - Finalizing page optimization...

Page                              Size     First Load JS
â”Œ â—‹ / (344 ms)                    6.96 kB          74 kB
â”œ   /_app                         0 B              67 kB
â”œ â—‹ /404                          194 B          67.2 kB
â”œ â—‹ /automation                   1.48 kB        68.5 kB
â”œ â—‹ /front (305 ms)               316 B          67.4 kB
â”œ â—‹ /main/front (1027 ms)         56.4 kB         123 kB
â”œ â—‹ /newsroom                     2.27 kB        69.3 kB
â”œ â—‹ /reports/ai-trends            299 B          67.3 kB
â”œ â—‹ /reports/seo                  294 B          67.3 kB
â”” â—‹ /site-health                  559 B          67.6 kB
+ First Load JS shared by all     67 kB
  â”œ chunks/framework.b97a0e.js    42.1 kB
  â”œ chunks/main.decf7a.js         23.7 kB
  â”œ chunks/pages/_app.18db80.js   557 B
  â”œ chunks/webpack.1a8a25.js      734 B
  â”” css/79c9dbed782ecc541d68.css  6.44 kB

Î»  (Server)  server-side renders at runtime (uses getInitialProps or getServerSideProps)
â—‹  (Static)  automatically rendered as static HTML (uses no initial props)
â—  (SSG)     automatically generated as static HTML + JSON (uses getStaticProps)
   (ISR)     incremental static regeneration (uses revalidate in getStaticProps)


> bolt.new.zion.app@0.1.0 postbuild
> next export

info  - Using webpack 5. Reason: Enabled by default https://nextjs.org/docs/messages/webpack5
info  - using build directory: /Users/miami2/ ZION_APP_AUG_11_25/zion.app/.next
info  - Copying "static build" directory
info  - No "exportPathMap" found in "next.config.js". Generating map from "./pages"
info  - Launching 23 workers
info  - Exporting (0/9)
info  - Copying "public" directory
info  - Exporting (2/9)
info  - Exporting (4/9)
info  - Exporting (6/9)
info  - Exporting (9/9)
Export successful. Files written to /Users/miami2/ ZION_APP_AUG_11_25/zion.app/out
[2025-08-11T23:04:13.867Z] $ node automation/git-sync.cjs 
[2025-08-11T23:05:03.608Z] automation/advanced-git-sync-temp
automation/advanced-git-sync-temp
Merge made by the 'ours' strategy.
 M automation/logs/automation-guardian-10min.log
 M netlify/functions/functions-manifest.json
[automation/advanced-git-sync-temp 6294ad99e1] chore(sync): fast autonomous sync
 2 files changed, 114 insertions(+), 1 deletion(-)
[2025-08-11T23:05:03.609Z] âœ… Automation Guardian (10m) finished
[2025-08-11T23:13:29.228Z] ðŸš€ Automation Guardian (10m) starting
[2025-08-11T23:13:29.573Z] $ npx eslint . --ext .js,.jsx,.ts,.tsx --fix
[2025-08-11T23:19:24.825Z] ðŸš€ Automation Guardian (10m) starting
[2025-08-11T23:19:25.197Z] $ npx eslint . --ext .js,.jsx,.ts,.tsx --fix
[2025-08-11T23:19:44.841Z] /Users/miami2/ ZION_APP_AUG_11_25/zion.app/netlify/functions/automation-matrix.js
  34:104  error  '_' is defined but never used  @typescript-eslint/no-unused-vars
  34:107  error  Empty block statement          no-empty
  37:93   error  '_' is defined but never used  @typescript-eslint/no-unused-vars
  37:96   error  Empty block statement          no-empty

/Users/miami2/ ZION_APP_AUG_11_25/zion.app/netlify/functions/fast-front-promoter.js
  4:10  error  'runNodeScript' is defined but never used  @typescript-eslint/no-unused-vars

/Users/miami2/ ZION_APP_AUG_11_25/zion.app/netlify/functions/features-capabilities-benefits-advertiser.js
  1:7  error  'path' is assigned a value but never used  @typescript-eslint/no-unused-vars

/Users/miami2/ ZION_APP_AUG_11_25/zion.app/netlify/functions/front-enhancer.js
  2:20  error  'execSync' is assigned a value but never used  @typescript-eslint/no-unused-vars
  4:10  error  'runNode' is defined but never used            @typescript-eslint/no-unused-vars

/Users/miami2/ ZION_APP_AUG_11_25/zion.app/netlify/functions/front-visionary-expander.js
  1:7  error  'path' is assigned a value but never used  @typescript-eslint/no-unused-vars

/Users/miami2/ ZION_APP_AUG_11_25/zion.app/netlify/functions/hyper-front-index-accelerator.js
  1:7  error  'path' is assigned a value but never used  @typescript-eslint/no-unused-vars

/Users/miami2/ ZION_APP_AUG_11_25/zion.app/netlify/functions/link-crawler.js
  31:12  error  'e' is defined but never used  @typescript-eslint/no-unused-vars

/Users/miami2/ ZION_APP_AUG_11_25/zion.app/netlify/functions/site-crawler.js
  35:12  error  'e' is defined but never used  @typescript-eslint/no-unused-vars

/Users/miami2/ ZION_APP_AUG_11_25/zion.app/netlify/functions/trigger-all-and-commit.js
   1:34  error  'event' is defined but never used    @typescript-eslint/no-unused-vars
   1:41  error  'context' is defined but never used  @typescript-eslint/no-unused-vars
  16:12  error  'e' is defined but never used        @typescript-eslint/no-unused-vars
  78:13  error  Empty block statement                no-empty

/Users/miami2/ ZION_APP_AUG_11_25/zion.app/netlify/plugins/run-functions-and-rerun/index.js
  32:16  error  'listFunctions' is defined but never used  @typescript-eslint/no-unused-vars
  32:32  error  'baseUrl' is defined but never used        @typescript-eslint/no-unused-vars

/Users/miami2/ ZION_APP_AUG_11_25/zion.app/scripts/generate-readme.js
  10:12  error  'err' is defined but never used         @typescript-eslint/no-unused-vars
  24:10  error  'countFiles' is defined but never used  @typescript-eslint/no-unused-vars

âœ– 20 problems (20 errors, 0 warnings)
[2025-08-11T23:19:44.842Z] $ node automation/homepage-promo-factory.cjs 
[2025-08-11T23:19:44.952Z] [homepage-promo-factory] No-op stub running.
[2025-08-11T23:19:45.010Z] $ npm run type-check
[2025-08-11T23:20:15.959Z] > bolt.new.zion.app@0.1.0 type-check
> tsc --noEmit
[2025-08-11T23:20:15.959Z] $ npm run build
[2025-08-11T23:21:21.273Z] > bolt.new.zion.app@0.1.0 prebuild
> npm run netlify:manifest


> bolt.new.zion.app@0.1.0 netlify:manifest
> node scripts/generate-netlify-functions-manifest.cjs

[manifest] Wrote /Users/miami2/ ZION_APP_AUG_11_25/zion.app/netlify/functions/functions-manifest.json with 64 functions.

> bolt.new.zion.app@0.1.0 build
> NODE_OPTIONS=--openssl-legacy-provider next build

info  - Using webpack 5. Reason: Enabled by default https://nextjs.org/docs/messages/webpack5
info  - Skipping validation of types...
info  - Creating an optimized production build...
info  - Compiled successfully
info  - Collecting page data...
info  - Generating static pages (0/10)
info  - Generating static pages (2/10)
info  - Generating static pages (4/10)
info  - Generating static pages (7/10)
info  - Generating static pages (10/10)
info  - Finalizing page optimization...

Page                              Size     First Load JS
â”Œ â—‹ / (1347 ms)                   6.96 kB          74 kB
â”œ   /_app                         0 B              67 kB
â”œ â—‹ /404                          194 B          67.2 kB
â”œ â—‹ /automation (1147 ms)         1.48 kB        68.5 kB
â”œ â—‹ /front (702 ms)               316 B          67.4 kB
â”œ â—‹ /main/front (8345 ms)         56.4 kB         123 kB
â”œ â—‹ /newsroom (985 ms)            2.27 kB        69.3 kB
â”œ â—‹ /reports/ai-trends (537 ms)   299 B          67.3 kB
â”œ â—‹ /reports/seo (968 ms)         294 B          67.3 kB
â”” â—‹ /site-health (2019 ms)        559 B          67.6 kB
+ First Load JS shared by all     67 kB
  â”œ chunks/framework.b97a0e.js    42.1 kB
  â”œ chunks/main.decf7a.js         23.7 kB
  â”œ chunks/pages/_app.18db80.js   557 B
  â”œ chunks/webpack.1a8a25.js      734 B
  â”” css/79c9dbed782ecc541d68.css  6.44 kB

Î»  (Server)  server-side renders at runtime (uses getInitialProps or getServerSideProps)
â—‹  (Static)  automatically rendered as static HTML (uses no initial props)
â—  (SSG)     automatically generated as static HTML + JSON (uses getStaticProps)
   (ISR)     incremental static regeneration (uses revalidate in getStaticProps)


> bolt.new.zion.app@0.1.0 postbuild
> next export

info  - Using webpack 5. Reason: Enabled by default https://nextjs.org/docs/messages/webpack5
info  - using build directory: /Users/miami2/ ZION_APP_AUG_11_25/zion.app/.next
info  - Copying "static build" directory
info  - No "exportPathMap" found in "next.config.js". Generating map from "./pages"
info  - Launching 23 workers
info  - Exporting (0/9)
info  - Copying "public" directory
info  - Exporting (2/9)
info  - Exporting (4/9)
info  - Exporting (6/9)
info  - Exporting (9/9)
Export successful. Files written to /Users/miami2/ ZION_APP_AUG_11_25/zion.app/out
[2025-08-11T23:21:21.276Z] $ node automation/git-sync.cjs 
<<<<<<< HEAD
=======
[2025-08-11T23:22:04.022Z] automation/advanced-git-sync-temp
automation/advanced-git-sync-temp
Merge made by the 'ours' strategy.
 M automation/logs/automation-guardian-10min.log
 M netlify/functions/functions-manifest.json
[automation/advanced-git-sync-temp ee3c4e96a0] chore(sync): fast autonomous sync
 2 files changed, 114 insertions(+), 1 deletion(-)
[2025-08-11T23:22:04.043Z] âœ… Automation Guardian (10m) finished
<<<<<<< Updated upstream
>>>>>>> origin/main
=======
[2025-08-11T23:28:21.804Z] ðŸš€ Automation Guardian (10m) starting
[2025-08-11T23:28:22.135Z] $ npx eslint . --ext .js,.jsx,.ts,.tsx --fix
[2025-08-11T23:29:04.327Z] /Users/miami2/ ZION_APP_AUG_11_25/zion.app/netlify/functions/automation-matrix.js
  34:104  error  '_' is defined but never used  @typescript-eslint/no-unused-vars
  34:107  error  Empty block statement          no-empty
  37:93   error  '_' is defined but never used  @typescript-eslint/no-unused-vars
  37:96   error  Empty block statement          no-empty

/Users/miami2/ ZION_APP_AUG_11_25/zion.app/netlify/functions/fast-front-promoter.js
  4:10  error  'runNodeScript' is defined but never used  @typescript-eslint/no-unused-vars

/Users/miami2/ ZION_APP_AUG_11_25/zion.app/netlify/functions/features-capabilities-benefits-advertiser.js
  1:7  error  'path' is assigned a value but never used  @typescript-eslint/no-unused-vars

/Users/miami2/ ZION_APP_AUG_11_25/zion.app/netlify/functions/front-enhancer.js
  2:20  error  'execSync' is assigned a value but never used  @typescript-eslint/no-unused-vars
  4:10  error  'runNode' is defined but never used            @typescript-eslint/no-unused-vars

/Users/miami2/ ZION_APP_AUG_11_25/zion.app/netlify/functions/front-visionary-expander.js
  1:7  error  'path' is assigned a value but never used  @typescript-eslint/no-unused-vars

/Users/miami2/ ZION_APP_AUG_11_25/zion.app/netlify/functions/hyper-front-index-accelerator.js
  1:7  error  'path' is assigned a value but never used  @typescript-eslint/no-unused-vars

/Users/miami2/ ZION_APP_AUG_11_25/zion.app/netlify/functions/link-crawler.js
  31:12  error  'e' is defined but never used  @typescript-eslint/no-unused-vars

/Users/miami2/ ZION_APP_AUG_11_25/zion.app/netlify/functions/site-crawler.js
  35:12  error  'e' is defined but never used  @typescript-eslint/no-unused-vars

/Users/miami2/ ZION_APP_AUG_11_25/zion.app/netlify/functions/trigger-all-and-commit.js
   1:34  error  'event' is defined but never used    @typescript-eslint/no-unused-vars
   1:41  error  'context' is defined but never used  @typescript-eslint/no-unused-vars
  16:12  error  'e' is defined but never used        @typescript-eslint/no-unused-vars
  78:13  error  Empty block statement                no-empty

/Users/miami2/ ZION_APP_AUG_11_25/zion.app/netlify/plugins/run-functions-and-rerun/index.js
  32:16  error  'listFunctions' is defined but never used  @typescript-eslint/no-unused-vars
  32:32  error  'baseUrl' is defined but never used        @typescript-eslint/no-unused-vars

/Users/miami2/ ZION_APP_AUG_11_25/zion.app/scripts/generate-readme.js
  10:12  error  'err' is defined but never used         @typescript-eslint/no-unused-vars
  24:10  error  'countFiles' is defined but never used  @typescript-eslint/no-unused-vars

âœ– 20 problems (20 errors, 0 warnings)
[2025-08-11T23:29:04.331Z] $ node automation/homepage-promo-factory.cjs 
[2025-08-11T23:29:04.970Z] [homepage-promo-factory] No-op stub running.
[2025-08-11T23:29:05.520Z] $ npm run type-check
[2025-08-11T23:30:01.610Z] > bolt.new.zion.app@0.1.0 type-check
> tsc --noEmit
[2025-08-11T23:30:01.729Z] $ npm run build
>>>>>>> Stashed changes
[2025-08-11T23:38:22.207Z] ðŸš€ Automation Guardian (10m) starting
[2025-08-11T23:38:23.092Z] $ npx eslint . --ext .js,.jsx,.ts,.tsx --fix
[2025-08-11T23:53:16.238Z] ðŸš€ Automation Guardian (10m) starting
[2025-08-11T23:53:16.262Z] $ npx eslint . --ext .js,.jsx,.ts,.tsx --fix
[2025-08-11T23:53:33.075Z] /Users/miami2/ ZION_APP_AUG_11_25/zion.app/netlify/functions/automation-matrix.js
  34:104  error  '_' is defined but never used  @typescript-eslint/no-unused-vars
  34:107  error  Empty block statement          no-empty
  37:93   error  '_' is defined but never used  @typescript-eslint/no-unused-vars
  37:96   error  Empty block statement          no-empty

/Users/miami2/ ZION_APP_AUG_11_25/zion.app/netlify/functions/fast-front-promoter.js
  4:10  error  'runNodeScript' is defined but never used  @typescript-eslint/no-unused-vars

/Users/miami2/ ZION_APP_AUG_11_25/zion.app/netlify/functions/features-capabilities-benefits-advertiser.js
  1:7  error  'path' is assigned a value but never used  @typescript-eslint/no-unused-vars

/Users/miami2/ ZION_APP_AUG_11_25/zion.app/netlify/functions/front-enhancer.js
  2:20  error  'execSync' is assigned a value but never used  @typescript-eslint/no-unused-vars
  4:10  error  'runNode' is defined but never used            @typescript-eslint/no-unused-vars

/Users/miami2/ ZION_APP_AUG_11_25/zion.app/netlify/functions/front-visionary-expander.js
  1:7  error  'path' is assigned a value but never used  @typescript-eslint/no-unused-vars

/Users/miami2/ ZION_APP_AUG_11_25/zion.app/netlify/functions/hyper-front-index-accelerator.js
  1:7  error  'path' is assigned a value but never used  @typescript-eslint/no-unused-vars

/Users/miami2/ ZION_APP_AUG_11_25/zion.app/netlify/functions/link-crawler.js
  31:12  error  'e' is defined but never used  @typescript-eslint/no-unused-vars

/Users/miami2/ ZION_APP_AUG_11_25/zion.app/netlify/functions/site-crawler.js
  35:12  error  'e' is defined but never used  @typescript-eslint/no-unused-vars

/Users/miami2/ ZION_APP_AUG_11_25/zion.app/netlify/functions/trigger-all-and-commit.js
   1:34  error  'event' is defined but never used    @typescript-eslint/no-unused-vars
   1:41  error  'context' is defined but never used  @typescript-eslint/no-unused-vars
  16:12  error  'e' is defined but never used        @typescript-eslint/no-unused-vars
  78:13  error  Empty block statement                no-empty

/Users/miami2/ ZION_APP_AUG_11_25/zion.app/netlify/plugins/run-functions-and-rerun/index.js
  32:16  error  'listFunctions' is defined but never used  @typescript-eslint/no-unused-vars
  32:32  error  'baseUrl' is defined but never used        @typescript-eslint/no-unused-vars

/Users/miami2/ ZION_APP_AUG_11_25/zion.app/scripts/generate-readme.js
  10:12  error  'err' is defined but never used         @typescript-eslint/no-unused-vars
  24:10  error  'countFiles' is defined but never used  @typescript-eslint/no-unused-vars

âœ– 20 problems (20 errors, 0 warnings)
[2025-08-11T23:53:33.080Z] $ node automation/homepage-promo-factory.cjs 
[2025-08-11T23:53:33.232Z] [homepage-promo-factory] No-op stub running.
[2025-08-11T23:53:33.604Z] $ npm run type-check
[2025-08-11T23:54:13.887Z] > bolt.new.zion.app@0.1.0 type-check
> tsc --noEmit
[2025-08-11T23:54:13.888Z] $ npm run build
[2025-08-11T23:58:40.697Z] HEAD
M	automation/homepage-auto-advertiser.cjs
M	automation/logs/automation-guardian-10min.log
A	automation/site-link-crawler.cjs
A	automation/site-link-fixer.cjs
A	data/reports/link-sentinel/internal-report-2025-08-11T11-22-54-773Z.json
A	netlify/functions/automation-matrix.js
A	netlify/functions/homepage-enhancer.js
A	netlify/functions/link-crawler.js
A	netlify/functions/site-crawler.js
M	pages/index.tsx
automation/git-sync-temp
Merge made by the 'ours' strategy.
[2025-08-11T23:58:40.704Z] âœ… Automation Guardian (10m) finished
[2025-08-12T00:08:08.665Z] ðŸš€ Automation Guardian (10m) starting
[2025-08-12T00:08:10.280Z] $ npx eslint . --ext .js,.jsx,.ts,.tsx --fix
[2025-08-12T00:11:06.658Z] /Users/miami2/ ZION_APP_AUG_11_25/zion.app/netlify/functions/automation-matrix.js
  34:104  error  '_' is defined but never used  @typescript-eslint/no-unused-vars
  34:107  error  Empty block statement          no-empty
  37:93   error  '_' is defined but never used  @typescript-eslint/no-unused-vars
  37:96   error  Empty block statement          no-empty

/Users/miami2/ ZION_APP_AUG_11_25/zion.app/netlify/functions/fast-front-promoter.js
  4:10  error  'runNodeScript' is defined but never used  @typescript-eslint/no-unused-vars

/Users/miami2/ ZION_APP_AUG_11_25/zion.app/netlify/functions/front-enhancer.js
  2:20  error  'execSync' is assigned a value but never used  @typescript-eslint/no-unused-vars
  4:10  error  'runNode' is defined but never used            @typescript-eslint/no-unused-vars

/Users/miami2/ ZION_APP_AUG_11_25/zion.app/netlify/functions/front-visionary-expander.js
  1:7  error  'path' is assigned a value but never used  @typescript-eslint/no-unused-vars

/Users/miami2/ ZION_APP_AUG_11_25/zion.app/netlify/functions/link-crawler.js
  31:12  error  'e' is defined but never used  @typescript-eslint/no-unused-vars

/Users/miami2/ ZION_APP_AUG_11_25/zion.app/netlify/functions/roadmap-curator.js
  32:11  error  Empty block statement  no-empty

/Users/miami2/ ZION_APP_AUG_11_25/zion.app/netlify/functions/site-crawler.js
  35:12  error  'e' is defined but never used  @typescript-eslint/no-unused-vars

/Users/miami2/ ZION_APP_AUG_11_25/zion.app/netlify/functions/trigger-all-and-commit.js
   1:34  error  'event' is defined but never used    @typescript-eslint/no-unused-vars
   1:41  error  'context' is defined but never used  @typescript-eslint/no-unused-vars
  16:12  error  'e' is defined but never used        @typescript-eslint/no-unused-vars
  78:13  error  Empty block statement                no-empty

/Users/miami2/ ZION_APP_AUG_11_25/zion.app/netlify/plugins/run-functions-and-rerun/index.js
  32:16  error  'listFunctions' is defined but never used  @typescript-eslint/no-unused-vars
  32:32  error  'baseUrl' is defined but never used        @typescript-eslint/no-unused-vars

/Users/miami2/ ZION_APP_AUG_11_25/zion.app/scripts/generate-readme.js
  10:12  error  'err' is defined but never used         @typescript-eslint/no-unused-vars
  24:10  error  'countFiles' is defined but never used  @typescript-eslint/no-unused-vars

âœ– 19 problems (19 errors, 0 warnings)
[2025-08-12T00:11:06.755Z] $ node automation/homepage-promo-factory.cjs 
[2025-08-12T00:11:28.060Z] [homepage-promo-factory] No-op stub running.
[2025-08-12T00:11:28.080Z] $ npm run type-check
[2025-08-12T00:15:07.294Z] > bolt.new.zion.app@0.1.0 type-check
> tsc --noEmit
[2025-08-12T00:15:07.297Z] $ npm run build
[2025-08-12T00:26:58.680Z] ðŸš€ Automation Guardian (10m) starting
[2025-08-12T00:26:58.707Z] $ npx eslint . --ext .js,.jsx,.ts,.tsx --fix
[2025-08-12T00:27:12.316Z] /Users/miami2/ ZION_APP_AUG_11_25/zion.app/netlify/functions/automation-matrix.js
  34:104  error  '_' is defined but never used  @typescript-eslint/no-unused-vars
  34:107  error  Empty block statement          no-empty
  37:93   error  '_' is defined but never used  @typescript-eslint/no-unused-vars
  37:96   error  Empty block statement          no-empty

/Users/miami2/ ZION_APP_AUG_11_25/zion.app/netlify/functions/fast-front-promoter.js
  4:10  error  'runNodeScript' is defined but never used  @typescript-eslint/no-unused-vars

/Users/miami2/ ZION_APP_AUG_11_25/zion.app/netlify/functions/front-enhancer.js
  2:20  error  'execSync' is assigned a value but never used  @typescript-eslint/no-unused-vars
  4:10  error  'runNode' is defined but never used            @typescript-eslint/no-unused-vars

/Users/miami2/ ZION_APP_AUG_11_25/zion.app/netlify/functions/front-visionary-expander.js
  1:7  error  'path' is assigned a value but never used  @typescript-eslint/no-unused-vars

/Users/miami2/ ZION_APP_AUG_11_25/zion.app/netlify/functions/link-crawler.js
  31:12  error  'e' is defined but never used  @typescript-eslint/no-unused-vars

/Users/miami2/ ZION_APP_AUG_11_25/zion.app/netlify/functions/roadmap-curator.js
  32:11  error  Empty block statement  no-empty

/Users/miami2/ ZION_APP_AUG_11_25/zion.app/netlify/functions/site-crawler.js
  35:12  error  'e' is defined but never used  @typescript-eslint/no-unused-vars

/Users/miami2/ ZION_APP_AUG_11_25/zion.app/netlify/functions/trigger-all-and-commit.js
   1:34  error  'event' is defined but never used    @typescript-eslint/no-unused-vars
   1:41  error  'context' is defined but never used  @typescript-eslint/no-unused-vars
  16:12  error  'e' is defined but never used        @typescript-eslint/no-unused-vars
  78:13  error  Empty block statement                no-empty

/Users/miami2/ ZION_APP_AUG_11_25/zion.app/netlify/plugins/run-functions-and-rerun/index.js
  32:16  error  'listFunctions' is defined but never used  @typescript-eslint/no-unused-vars
  32:32  error  'baseUrl' is defined but never used        @typescript-eslint/no-unused-vars

/Users/miami2/ ZION_APP_AUG_11_25/zion.app/scripts/generate-readme.js
  10:12  error  'err' is defined but never used         @typescript-eslint/no-unused-vars
  24:10  error  'countFiles' is defined but never used  @typescript-eslint/no-unused-vars

âœ– 19 problems (19 errors, 0 warnings)
[2025-08-12T00:27:12.317Z] $ node automation/homepage-promo-factory.cjs 
[2025-08-12T00:27:12.427Z] [homepage-promo-factory] No-op stub running.
[2025-08-12T00:27:12.428Z] $ npm run type-check
[2025-08-12T00:27:42.607Z] > bolt.new.zion.app@0.1.0 type-check
> tsc --noEmit
[2025-08-12T00:27:42.607Z] $ npm run build
[2025-08-12T00:29:50.018Z] > bolt.new.zion.app@0.1.0 prebuild
> npm run netlify:manifest


> bolt.new.zion.app@0.1.0 netlify:manifest
> node scripts/generate-netlify-functions-manifest.cjs

[manifest] Wrote /Users/miami2/ ZION_APP_AUG_11_25/zion.app/netlify/functions/functions-manifest.json with 92 functions.

> bolt.new.zion.app@0.1.0 build
> NODE_OPTIONS=--openssl-legacy-provider next build

info  - Using webpack 5. Reason: Enabled by default https://nextjs.org/docs/messages/webpack5
info  - Skipping validation of types...
info  - Creating an optimized production build...
info  - Compiled successfully
info  - Collecting page data...
info  - Generating static pages (0/11)
info  - Generating static pages (2/11)
info  - Generating static pages (5/11)
info  - Generating static pages (8/11)
info  - Generating static pages (11/11)
info  - Finalizing page optimization...

Page                              Size     First Load JS
â”Œ â—‹ /                             8.12 kB        75.2 kB
â”œ   /_app                         0 B              67 kB
â”œ â—‹ /404                          194 B          67.2 kB
â”œ â—‹ /automation (394 ms)          1.9 kB         68.9 kB
â”œ â—‹ /front                        316 B          67.4 kB
â”œ â—‹ /main/front (1280 ms)         56.9 kB         124 kB
â”œ â—‹ /newsroom (318 ms)            2.27 kB        69.3 kB
â”œ â—‹ /reports/ai-trends            299 B          67.3 kB
â”œ â—‹ /reports/roadmap              728 B          67.8 kB
â”œ â—‹ /reports/seo                  294 B          67.3 kB
â”” â—‹ /site-health                  559 B          67.6 kB
+ First Load JS shared by all     67 kB
  â”œ chunks/framework.b97a0e.js    42.1 kB
  â”œ chunks/main.decf7a.js         23.7 kB
  â”œ chunks/pages/_app.18db80.js   557 B
  â”œ chunks/webpack.1a8a25.js      734 B
  â”” css/99d1e4b3ebd42dcddd4f.css  6.48 kB

Î»  (Server)  server-side renders at runtime (uses getInitialProps or getServerSideProps)
â—‹  (Static)  automatically rendered as static HTML (uses no initial props)
â—  (SSG)     automatically generated as static HTML + JSON (uses getStaticProps)
   (ISR)     incremental static regeneration (uses revalidate in getStaticProps)


> bolt.new.zion.app@0.1.0 postbuild
> next export

info  - Using webpack 5. Reason: Enabled by default https://nextjs.org/docs/messages/webpack5
info  - using build directory: /Users/miami2/ ZION_APP_AUG_11_25/zion.app/.next
info  - Copying "static build" directory
info  - No "exportPathMap" found in "next.config.js". Generating map from "./pages"
info  - Launching 23 workers
info  - Exporting (0/10)
info  - Copying "public" directory
info  - Exporting (2/10)
info  - Exporting (4/10)
info  - Exporting (7/10)
info  - Exporting (10/10)
Export successful. Files written to /Users/miami2/ ZION_APP_AUG_11_25/zion.app/out
[2025-08-12T00:29:50.214Z] $ node automation/git-sync.cjs 
[2025-08-12T00:30:24.642Z] automation/advanced-git-sync-temp
automation/advanced-git-sync-temp
Created autostash: 55141b7efe
Current branch automation/advanced-git-sync-temp is up to date.
 M automation/logs/automation-guardian-10min.log
 M netlify/functions/functions-manifest.json
[automation/advanced-git-sync-temp 7c78d1caba] chore(sync): fast autonomous sync
 2 files changed, 112 insertions(+), 1 deletion(-)
[2025-08-12T00:30:24.653Z] âœ… Automation Guardian (10m) finished
[2025-08-12T00:42:38.240Z] ðŸš€ Automation Guardian (10m) starting
[2025-08-12T00:42:38.342Z] $ npx eslint . --ext .js,.jsx,.ts,.tsx --fix
[2025-08-12T00:46:17.774Z] /Users/miami2/ ZION_APP_AUG_11_25/zion.app/netlify/functions/automation-matrix.js
  34:104  error  '_' is defined but never used  @typescript-eslint/no-unused-vars
  34:107  error  Empty block statement          no-empty
  37:93   error  '_' is defined but never used  @typescript-eslint/no-unused-vars
  37:96   error  Empty block statement          no-empty

/Users/miami2/ ZION_APP_AUG_11_25/zion.app/netlify/functions/fast-front-promoter.js
  4:10  error  'runNodeScript' is defined but never used  @typescript-eslint/no-unused-vars

/Users/miami2/ ZION_APP_AUG_11_25/zion.app/netlify/functions/front-enhancer.js
  2:20  error  'execSync' is assigned a value but never used  @typescript-eslint/no-unused-vars
  4:10  error  'runNode' is defined but never used            @typescript-eslint/no-unused-vars

/Users/miami2/ ZION_APP_AUG_11_25/zion.app/netlify/functions/front-visionary-expander.js
  1:7  error  'path' is assigned a value but never used  @typescript-eslint/no-unused-vars

/Users/miami2/ ZION_APP_AUG_11_25/zion.app/netlify/functions/link-crawler.js
  31:12  error  'e' is defined but never used  @typescript-eslint/no-unused-vars

/Users/miami2/ ZION_APP_AUG_11_25/zion.app/netlify/functions/roadmap-curator.js
  32:11  error  Empty block statement  no-empty

/Users/miami2/ ZION_APP_AUG_11_25/zion.app/netlify/functions/site-crawler.js
  35:12  error  'e' is defined but never used  @typescript-eslint/no-unused-vars

/Users/miami2/ ZION_APP_AUG_11_25/zion.app/netlify/functions/trigger-all-and-commit.js
   1:34  error  'event' is defined but never used    @typescript-eslint/no-unused-vars
   1:41  error  'context' is defined but never used  @typescript-eslint/no-unused-vars
  16:12  error  'e' is defined but never used        @typescript-eslint/no-unused-vars
  78:13  error  Empty block statement                no-empty

/Users/miami2/ ZION_APP_AUG_11_25/zion.app/netlify/plugins/run-functions-and-rerun/index.js
  32:16  error  'listFunctions' is defined but never used  @typescript-eslint/no-unused-vars
  32:32  error  'baseUrl' is defined but never used        @typescript-eslint/no-unused-vars

/Users/miami2/ ZION_APP_AUG_11_25/zion.app/scripts/generate-readme.js
  10:12  error  'err' is defined but never used         @typescript-eslint/no-unused-vars
  24:10  error  'countFiles' is defined but never used  @typescript-eslint/no-unused-vars

âœ– 19 problems (19 errors, 0 warnings)
[2025-08-12T00:46:17.780Z] $ node automation/homepage-promo-factory.cjs 
[2025-08-12T00:46:18.150Z] [homepage-promo-factory] No-op stub running.
[2025-08-12T00:46:18.151Z] $ npm run type-check
[2025-08-12T00:49:51.756Z] > bolt.new.zion.app@0.1.0 type-check
> tsc --noEmit
[2025-08-12T00:49:51.759Z] $ npm run build
[2025-08-12T01:07:54.966Z] ðŸš€ Automation Guardian (10m) starting
[2025-08-12T01:08:10.214Z] $ npx eslint . --ext .js,.jsx,.ts,.tsx --fix
[2025-08-12T01:25:25.372Z] ðŸš€ Automation Guardian (10m) starting
[2025-08-12T01:25:25.381Z] $ npx eslint . --ext .js,.jsx,.ts,.tsx --fix
